[12:58:40,165][WARNING][main][G] Ignite work directory is not provided, automatically resolved to: C:\apache-ignite\IgniteDeployment\work
[12:58:40,921][INFO][main][IgniteKernal] 

>>>    __________  ________________  
>>>   /  _/ ___/ |/ /  _/_  __/ __/  
>>>  _/ // (7 7    // /  / / / _/    
>>> /___/\___/_/|_/___/ /_/ /___/   
>>> 
>>> ver. 2.7.6#20190911-sha1:21f7ca41
>>> 2019 Copyright(C) Apache Software Foundation
>>> 
>>> Ignite documentation: http://ignite.apache.org

[12:58:40,948][INFO][main][IgniteKernal] Config URL: file:/C:/apache-ignite/IgniteDeployment/config/default-config.xml
[12:58:41,047][INFO][main][IgniteKernal] IgniteConfiguration [igniteInstanceName=null, pubPoolSize=8, svcPoolSize=8, callbackPoolSize=8, stripedPoolSize=8, sysPoolSize=8, mgmtPoolSize=4, igfsPoolSize=1, dataStreamerPoolSize=8, utilityCachePoolSize=8, utilityCacheKeepAliveTime=60000, p2pPoolSize=2, qryPoolSize=8, igniteHome=C:\apache-ignite\IgniteDeployment, igniteWorkDir=C:\apache-ignite\IgniteDeployment\work, mbeanSrv=com.sun.jmx.mbeanserver.JmxMBeanServer@6f94fa3e, nodeId=feffef80-6fb3-4b45-9d8a-30e50f5bec82, marsh=BinaryMarshaller [], marshLocJobs=false, daemon=false, p2pEnabled=false, netTimeout=5000, sndRetryDelay=1000, sndRetryCnt=3, metricsHistSize=10000, metricsUpdateFreq=2000, metricsExpTime=9223372036854775807, discoSpi=TcpDiscoverySpi [addrRslvr=null, sockTimeout=0, ackTimeout=0, marsh=null, reconCnt=10, reconDelay=2000, maxAckTimeout=600000, forceSrvMode=false, clientReconnectDisabled=false, internalLsnr=null], segPlc=STOP, segResolveAttempts=2, waitForSegOnStart=true, allResolversPassReq=true, segChkFreq=10000, commSpi=TcpCommunicationSpi [connectGate=null, connPlc=org.apache.ignite.spi.communication.tcp.TcpCommunicationSpi$FirstConnectionPolicy@7a69b07, enableForcibleNodeKill=false, enableTroubleshootingLog=false, locAddr=null, locHost=null, locPort=47100, locPortRange=100, shmemPort=-1, directBuf=true, directSndBuf=false, idleConnTimeout=600000, connTimeout=5000, maxConnTimeout=600000, reconCnt=10, sockSndBuf=32768, sockRcvBuf=32768, msgQueueLimit=0, slowClientQueueLimit=0, nioSrvr=null, shmemSrv=null, usePairedConnections=false, connectionsPerNode=1, tcpNoDelay=true, filterReachableAddresses=false, ackSndThreshold=32, unackedMsgsBufSize=0, sockWriteTimeout=2000, boundTcpPort=-1, boundTcpShmemPort=-1, selectorsCnt=4, selectorSpins=0, addrRslvr=null, ctxInitLatch=java.util.concurrent.CountDownLatch@5e82df6a[Count = 1], stopping=false], evtSpi=org.apache.ignite.spi.eventstorage.NoopEventStorageSpi@3f197a46, colSpi=NoopCollisionSpi [], deploySpi=LocalDeploymentSpi [], indexingSpi=org.apache.ignite.spi.indexing.noop.NoopIndexingSpi@50b472aa, addrRslvr=null, encryptionSpi=org.apache.ignite.spi.encryption.noop.NoopEncryptionSpi@31368b99, clientMode=false, rebalanceThreadPoolSize=1, txCfg=TransactionConfiguration [txSerEnabled=false, dfltIsolation=REPEATABLE_READ, dfltConcurrency=PESSIMISTIC, dfltTxTimeout=0, txTimeoutOnPartitionMapExchange=0, pessimisticTxLogSize=0, pessimisticTxLogLinger=10000, tmLookupClsName=null, txManagerFactory=null, useJtaSync=false], cacheSanityCheckEnabled=true, discoStartupDelay=60000, deployMode=SHARED, p2pMissedCacheSize=100, locHost=null, timeSrvPortBase=31100, timeSrvPortRange=100, failureDetectionTimeout=10000, sysWorkerBlockedTimeout=null, clientFailureDetectionTimeout=30000, metricsLogFreq=60000, hadoopCfg=null, connectorCfg=ConnectorConfiguration [jettyPath=null, host=null, port=11211, noDelay=true, directBuf=false, sndBufSize=32768, rcvBufSize=32768, idleQryCurTimeout=600000, idleQryCurCheckFreq=60000, sndQueueLimit=0, selectorCnt=1, idleTimeout=7000, sslEnabled=false, sslClientAuth=false, sslCtxFactory=null, sslFactory=null, portRange=100, threadPoolSize=8, msgInterceptor=null], odbcCfg=null, warmupClos=null, atomicCfg=AtomicConfiguration [seqReserveSize=1000, cacheMode=PARTITIONED, backups=1, aff=null, grpName=null], classLdr=null, sslCtxFactory=null, platformCfg=null, binaryCfg=null, memCfg=null, pstCfg=null, dsCfg=DataStorageConfiguration [sysRegionInitSize=41943040, sysRegionMaxSize=104857600, pageSize=0, concLvl=0, dfltDataRegConf=DataRegionConfiguration [name=default, maxSize=858899251, initSize=268435456, swapPath=null, pageEvictionMode=DISABLED, evictionThreshold=0.9, emptyPagesPoolSize=100, metricsEnabled=false, metricsSubIntervalCount=5, metricsRateTimeInterval=60000, persistenceEnabled=false, checkpointPageBufSize=0], dataRegions=null, storagePath=null, checkpointFreq=180000, lockWaitTime=10000, checkpointThreads=4, checkpointWriteOrder=SEQUENTIAL, walHistSize=20, maxWalArchiveSize=1073741824, walSegments=10, walSegmentSize=67108864, walPath=db/wal, walArchivePath=db/wal/archive, metricsEnabled=false, walMode=LOG_ONLY, walTlbSize=131072, walBuffSize=0, walFlushFreq=2000, walFsyncDelay=1000, walRecordIterBuffSize=67108864, alwaysWriteFullPages=false, fileIOFactory=org.apache.ignite.internal.processors.cache.persistence.file.AsyncFileIOFactory@39529185, metricsSubIntervalCnt=5, metricsRateTimeInterval=60000, walAutoArchiveAfterInactivity=-1, writeThrottlingEnabled=false, walCompactionEnabled=false, walCompactionLevel=1, checkpointReadLockTimeout=null], activeOnStart=true, autoActivation=true, longQryWarnTimeout=3000, sqlConnCfg=null, cliConnCfg=ClientConnectorConfiguration [host=null, port=10800, portRange=100, sockSndBufSize=0, sockRcvBufSize=0, tcpNoDelay=true, maxOpenCursorsPerConn=128, threadPoolSize=8, idleTimeout=0, jdbcEnabled=true, odbcEnabled=true, thinCliEnabled=true, sslEnabled=false, useIgniteSslCtxFactory=true, sslClientAuth=false, sslCtxFactory=null], mvccVacuumThreadCnt=2, mvccVacuumFreq=5000, authEnabled=false, failureHnd=null, commFailureRslvr=null]
[12:58:41,049][INFO][main][IgniteKernal] Daemon mode: off
[12:58:41,050][INFO][main][IgniteKernal] OS: Windows 10 10.0 amd64
[12:58:41,051][INFO][main][IgniteKernal] OS user: mudassir
[12:58:41,051][INFO][main][IgniteKernal] PID: 3124
[12:58:41,052][INFO][main][IgniteKernal] Language runtime: Java Platform API Specification ver. 1.8
[12:58:41,052][INFO][main][IgniteKernal] VM information: Java(TM) SE Runtime Environment 1.8.0_281-b09 Oracle Corporation Java HotSpot(TM) 64-Bit Server VM 25.281-b09
[12:58:41,056][INFO][main][IgniteKernal] VM total memory: 0.97GB
[12:58:41,057][INFO][main][IgniteKernal] Remote Management [restart: on, REST: on, JMX (remote: on, port: 49115, auth: off, ssl: off)]
[12:58:41,057][INFO][main][IgniteKernal] Logger: JavaLogger [quiet=true, config=null]
[12:58:41,057][INFO][main][IgniteKernal] IGNITE_HOME=C:\apache-ignite\IgniteDeployment
[12:58:41,057][INFO][main][IgniteKernal] VM arguments: [-XX:+AggressiveOpts, -Xms1g, -Xmx1g, -XX:MaxMetaspaceSize=256m, -DIGNITE_QUIET=true, -DIGNITE_SUCCESS_FILE=C:\apache-ignite\IgniteDeployment\work\ignite_success_64ac379a-1748-45ee-baaf-d590b3075b10, -Dcom.sun.management.jmxremote, -Dcom.sun.management.jmxremote.port=49115, -Dcom.sun.management.jmxremote.authenticate=false, -Dcom.sun.management.jmxremote.ssl=false, -DIGNITE_HOME=C:\apache-ignite\IgniteDeployment, -DIGNITE_PROG_NAME=ignite.bat]
[12:58:41,059][INFO][main][IgniteKernal] System cache's DataRegion size is configured to 40 MB. Use DataStorageConfiguration.systemRegionInitialSize property to change the setting.
[12:58:41,094][INFO][main][IgniteKernal] Configured caches [in 'sysMemPlc' dataRegion: ['ignite-sys-cache']]
[12:58:41,094][WARNING][main][IgniteKernal] Please set system property '-Djava.net.preferIPv4Stack=true' to avoid possible problems in mixed environments.
[12:58:41,100][INFO][main][IgniteKernal] 3-rd party licenses can be found at: C:\apache-ignite\IgniteDeployment\libs\licenses
[12:58:41,208][WARNING][pub-#19][GridDiagnostic] This operating system has been tested less rigorously: Windows 10 10.0 amd64. Our team will appreciate the feedback if you experience any problems running ignite in this environment.
[12:58:41,362][INFO][main][IgnitePluginProcessor] Configured plugins:
[12:58:41,363][INFO][main][IgnitePluginProcessor]   ^-- None
[12:58:41,368][INFO][main][IgnitePluginProcessor] 
[12:58:41,402][INFO][main][FailureProcessor] Configured failure handler: [hnd=StopNodeOrHaltFailureHandler [tryStop=false, timeout=0, super=AbstractFailureHandler [ignoredFailureTypes=[SYSTEM_WORKER_BLOCKED, SYSTEM_CRITICAL_OPERATION_TIMEOUT]]]]
[12:58:41,590][INFO][main][TcpCommunicationSpi] Successfully bound communication NIO server to TCP port [port=47100, locHost=0.0.0.0/0.0.0.0, selectorsCnt=4, selectorSpins=0, pairedConn=false]
[12:58:41,761][WARNING][main][TcpCommunicationSpi] Message queue limit is set to 0 which may lead to potential OOMEs when running cache operations in FULL_ASYNC or PRIMARY_SYNC modes due to message queues growth on sender and receiver sides.
[12:58:41,839][WARNING][main][NoopCheckpointSpi] Checkpoints are disabled (to enable configure any GridCheckpointSpi implementation)
[12:58:41,905][WARNING][main][GridCollisionManager] Collision resolution is disabled (all jobs will be activated upon arrival).
[12:58:41,922][INFO][main][IgniteKernal] Security status [authentication=off, tls/ssl=off]
[12:58:42,564][WARNING][main][IgniteCacheDatabaseSharedManager] DataRegionConfiguration.maxWalArchiveSize instead DataRegionConfiguration.walHistorySize would be used for removing old archive wal files
[12:58:42,628][INFO][main][PartitionsEvictManager] Evict partition permits=2
[12:58:43,177][INFO][main][ClientListenerProcessor] Client connector processor has started on TCP port 10800
[12:58:43,318][INFO][main][GridTcpRestProtocol] Command protocol successfully started [name=TCP binary, host=0.0.0.0/0.0.0.0, port=11211]
[12:58:43,712][INFO][main][IgniteKernal] Non-loopback local IPs: 192.168.0.21, fe80:0:0:0:153b:24d3:574f:ac2e%eth3
[12:58:43,712][INFO][main][IgniteKernal] Enabled local MACs: 080027835105
[12:58:43,824][INFO][main][TcpDiscoverySpi] Connection check threshold is calculated: 10000
[12:58:43,833][INFO][main][TcpDiscoverySpi] Successfully bound to TCP port [port=47500, localHost=0.0.0.0/0.0.0.0, locNodeId=feffef80-6fb3-4b45-9d8a-30e50f5bec82]
[12:58:43,838][WARNING][main][TcpDiscoveryMulticastIpFinder] TcpDiscoveryMulticastIpFinder has no pre-configured addresses (it is recommended in production to specify at least one address in TcpDiscoveryMulticastIpFinder.getAddresses() configuration property)
[12:58:45,501][INFO][disco-notifier-worker-#35][MvccProcessorImpl] Assigned mvcc coordinator [crd=MvccCoordinator [nodeId=feffef80-6fb3-4b45-9d8a-30e50f5bec82, crdVer=1615795125467, topVer=AffinityTopologyVersion [topVer=1, minorTopVer=0]], crdNode=TcpDiscoveryNode [id=feffef80-6fb3-4b45-9d8a-30e50f5bec82, addrs=[0:0:0:0:0:0:0:1, 127.0.0.1, 192.168.0.21], sockAddrs=[DESKTOP-3E2SC7Q/192.168.0.21:47500, /0:0:0:0:0:0:0:1:47500, /127.0.0.1:47500], discPort=47500, order=1, intOrder=1, lastExchangeTime=1615795123826, loc=true, ver=2.7.6#20190911-sha1:21f7ca41, isClient=false]]
[12:58:45,506][WARNING][main][IgniteKernal] Nodes started on local machine require more than 80% of physical RAM what can lead to significant slowdown due to swapping (please decrease JVM heap size, data region size or checkpoint buffer size) [required=1908MB, available=4095MB]
[12:58:45,653][INFO][exchange-worker-#37][time] Started exchange init [topVer=AffinityTopologyVersion [topVer=1, minorTopVer=0], mvccCrd=MvccCoordinator [nodeId=feffef80-6fb3-4b45-9d8a-30e50f5bec82, crdVer=1615795125467, topVer=AffinityTopologyVersion [topVer=1, minorTopVer=0]], mvccCrdChange=true, crd=true, evt=NODE_JOINED, evtNode=feffef80-6fb3-4b45-9d8a-30e50f5bec82, customEvt=null, allowMerge=false]
[12:58:45,737][INFO][exchange-worker-#37][msg] Components activation performed in 83 ms.
[12:58:45,958][INFO][exchange-worker-#37][GridCacheProcessor] Started cache [name=ignite-sys-cache, id=-2100569601, memoryPolicyName=sysMemPlc, mode=REPLICATED, atomicity=TRANSACTIONAL, backups=2147483647, mvcc=false], encryptionEnabled=false]
[12:58:45,961][INFO][exchange-worker-#37][GridCacheProcessor] Starting caches on local join performed in 223 ms.
[12:58:45,982][INFO][exchange-worker-#37][GridDhtPartitionsExchangeFuture] Skipped waiting for partitions release future (local node is joining) [topVer=AffinityTopologyVersion [topVer=1, minorTopVer=0]]
[12:58:46,095][INFO][exchange-worker-#37][GridDhtPartitionsExchangeFuture] finishExchangeOnCoordinator [topVer=AffinityTopologyVersion [topVer=1, minorTopVer=0], resVer=AffinityTopologyVersion [topVer=1, minorTopVer=0]]
[12:58:46,095][INFO][exchange-worker-#37][GridDhtPartitionsExchangeFuture] Affinity changes (coordinator) applied in 0 ms.
[12:58:46,102][INFO][exchange-worker-#37][GridDhtPartitionsExchangeFuture] Partitions validation performed in 7 ms.
[12:58:46,106][INFO][exchange-worker-#37][GridDhtPartitionsExchangeFuture] Partitions assignment performed in 3 ms.
[12:58:46,139][INFO][exchange-worker-#37][GridDhtPartitionsExchangeFuture] Preparing Full Message performed in 32 ms.
[12:58:46,141][INFO][exchange-worker-#37][GridDhtPartitionsExchangeFuture] Sending Full Message to all nodes performed in 0 ms.
[12:58:46,141][INFO][exchange-worker-#37][GridDhtPartitionsExchangeFuture] Finish exchange future [startVer=AffinityTopologyVersion [topVer=1, minorTopVer=0], resVer=AffinityTopologyVersion [topVer=1, minorTopVer=0], err=null]
[12:58:46,156][INFO][exchange-worker-#37][GridDhtPartitionsExchangeFuture] Detecting lost partitions performed in 2 ms.
[12:58:46,163][INFO][exchange-worker-#37][MvccProcessorImpl] Initialize local node as mvcc coordinator [node=feffef80-6fb3-4b45-9d8a-30e50f5bec82, crdVer=1615795125467]
[12:58:46,176][INFO][exchange-worker-#37][GridCacheProcessor] Finish proxy initialization, cacheName=ignite-sys-cache, localNodeId=feffef80-6fb3-4b45-9d8a-30e50f5bec82
[12:58:46,178][INFO][exchange-worker-#37][GridDhtPartitionsExchangeFuture] Completed partition exchange [localNode=feffef80-6fb3-4b45-9d8a-30e50f5bec82, exchange=GridDhtPartitionsExchangeFuture [topVer=AffinityTopologyVersion [topVer=1, minorTopVer=0], evt=NODE_JOINED, evtNode=TcpDiscoveryNode [id=feffef80-6fb3-4b45-9d8a-30e50f5bec82, addrs=[0:0:0:0:0:0:0:1, 127.0.0.1, 192.168.0.21], sockAddrs=[DESKTOP-3E2SC7Q/192.168.0.21:47500, /0:0:0:0:0:0:0:1:47500, /127.0.0.1:47500], discPort=47500, order=1, intOrder=1, lastExchangeTime=1615795123826, loc=true, ver=2.7.6#20190911-sha1:21f7ca41, isClient=false], done=true], topVer=AffinityTopologyVersion [topVer=1, minorTopVer=0], durationFromInit=535]
[12:58:46,178][INFO][exchange-worker-#37][time] Finished exchange init [topVer=AffinityTopologyVersion [topVer=1, minorTopVer=0], crd=true]
[12:58:46,224][INFO][exchange-worker-#37][GridCachePartitionExchangeManager] Skipping rebalancing (nothing scheduled) [top=AffinityTopologyVersion [topVer=1, minorTopVer=0], force=false, evt=NODE_JOINED, node=feffef80-6fb3-4b45-9d8a-30e50f5bec82]
[12:58:47,083][WARNING][jvm-pause-detector-worker][IgniteKernal] Possible too long JVM pause: 783 milliseconds.
[12:58:47,249][INFO][main][IgniteKernal] Performance suggestions for grid  (fix if possible)
[12:58:47,252][INFO][main][IgniteKernal] To disable, set -DIGNITE_PERFORMANCE_SUGGESTIONS_DISABLED=true
[12:58:47,253][INFO][main][IgniteKernal]   ^-- Enable G1 Garbage Collector (add '-XX:+UseG1GC' to JVM options)
[12:58:47,254][INFO][main][IgniteKernal]   ^-- Set max direct memory size if getting 'OOME: Direct buffer memory' (add '-XX:MaxDirectMemorySize=<size>[g|G|m|M|k|K]' to JVM options)
[12:58:47,257][INFO][main][IgniteKernal]   ^-- Disable processing of calls to System.gc() (add '-XX:+DisableExplicitGC' to JVM options)
[12:58:47,262][INFO][main][IgniteKernal] Refer to this page for more performance suggestions: https://apacheignite.readme.io/docs/jvm-and-system-tuning
[12:58:47,264][INFO][main][IgniteKernal] 
[12:58:47,266][INFO][main][IgniteKernal] To start Console Management & Monitoring run ignitevisorcmd.{sh|bat}
[12:58:47,289][INFO][main][IgniteKernal] Data Regions Configured:
[12:58:47,289][INFO][main][IgniteKernal]   ^-- default [initSize=256.0 MiB, maxSize=819.1 MiB, persistence=false]
[12:58:47,290][INFO][main][IgniteKernal] 

>>> +----------------------------------------------------------------------+
>>> Ignite ver. 2.7.6#20190911-sha1:21f7ca41c4348909e2fd26ccf59b5b2ce1f4474e
>>> +----------------------------------------------------------------------+
>>> OS name: Windows 10 10.0 amd64
>>> CPU(s): 1
>>> Heap: 1.0GB
>>> VM name: 3124@DESKTOP-3E2SC7Q
>>> Local node [ID=FEFFEF80-6FB3-4B45-9D8A-30E50F5BEC82, order=1, clientMode=false]
>>> Local node addresses: [DESKTOP-3E2SC7Q/0:0:0:0:0:0:0:1, /127.0.0.1, /192.168.0.21]
>>> Local ports: TCP:10800 TCP:11211 TCP:47100 UDP:47400 TCP:47500 

[12:58:47,299][INFO][main][GridDiscoveryManager] Topology snapshot [ver=1, locNode=feffef80, servers=1, clients=0, state=ACTIVE, CPUs=1, offheap=0.8GB, heap=1.0GB]
[12:59:47,259][INFO][grid-timeout-worker-#23][IgniteKernal] 
Metrics for local node (to disable set 'metricsLogFrequency' to 0)
    ^-- Node [id=feffef80, uptime=00:01:00.007]
    ^-- H/N/C [hosts=1, nodes=1, CPUs=1]
    ^-- CPU [cur=5.23%, avg=3.74%, GC=0%]
    ^-- PageMemory [pages=200]
    ^-- Heap [used=57MB, free=94.16%, comm=989MB]
    ^-- Off-heap [used=0MB, free=99.92%, comm=336MB]
    ^--   sysMemPlc region [used=0MB, free=99.21%, comm=40MB]
    ^--   default region [used=0MB, free=100%, comm=256MB]
    ^--   TxLog region [used=0MB, free=100%, comm=40MB]
    ^-- Outbound messages queue [size=0]
    ^-- Public thread pool [active=0, idle=0, qSize=0]
    ^-- System thread pool [active=0, idle=6, qSize=0]
[13:00:47,275][INFO][grid-timeout-worker-#23][IgniteKernal] 
Metrics for local node (to disable set 'metricsLogFrequency' to 0)
    ^-- Node [id=feffef80, uptime=00:02:00.036]
    ^-- H/N/C [hosts=1, nodes=1, CPUs=1]
    ^-- CPU [cur=1.57%, avg=2.12%, GC=0%]
    ^-- PageMemory [pages=200]
    ^-- Heap [used=61MB, free=93.74%, comm=989MB]
    ^-- Off-heap [used=0MB, free=99.92%, comm=336MB]
    ^--   sysMemPlc region [used=0MB, free=99.21%, comm=40MB]
    ^--   default region [used=0MB, free=100%, comm=256MB]
    ^--   TxLog region [used=0MB, free=100%, comm=40MB]
    ^-- Outbound messages queue [size=0]
    ^-- Public thread pool [active=0, idle=0, qSize=0]
    ^-- System thread pool [active=0, idle=6, qSize=0]
[13:01:47,289][INFO][grid-timeout-worker-#23][IgniteKernal] 
Metrics for local node (to disable set 'metricsLogFrequency' to 0)
    ^-- Node [id=feffef80, uptime=00:03:00.046]
    ^-- H/N/C [hosts=1, nodes=1, CPUs=1]
    ^-- CPU [cur=0.53%, avg=1.59%, GC=0%]
    ^-- PageMemory [pages=200]
    ^-- Heap [used=65MB, free=93.36%, comm=989MB]
    ^-- Off-heap [used=0MB, free=99.92%, comm=336MB]
    ^--   sysMemPlc region [used=0MB, free=99.21%, comm=40MB]
    ^--   default region [used=0MB, free=100%, comm=256MB]
    ^--   TxLog region [used=0MB, free=100%, comm=40MB]
    ^-- Outbound messages queue [size=0]
    ^-- Public thread pool [active=0, idle=0, qSize=0]
    ^-- System thread pool [active=0, idle=6, qSize=0]
[13:02:47,296][INFO][grid-timeout-worker-#23][IgniteKernal] 
Metrics for local node (to disable set 'metricsLogFrequency' to 0)
    ^-- Node [id=feffef80, uptime=00:04:00.058]
    ^-- H/N/C [hosts=1, nodes=1, CPUs=1]
    ^-- CPU [cur=0.5%, avg=1.22%, GC=0%]
    ^-- PageMemory [pages=200]
    ^-- Heap [used=69MB, free=93.03%, comm=989MB]
    ^-- Off-heap [used=0MB, free=99.92%, comm=336MB]
    ^--   sysMemPlc region [used=0MB, free=99.21%, comm=40MB]
    ^--   default region [used=0MB, free=100%, comm=256MB]
    ^--   TxLog region [used=0MB, free=100%, comm=40MB]
    ^-- Outbound messages queue [size=0]
    ^-- Public thread pool [active=0, idle=0, qSize=0]
    ^-- System thread pool [active=0, idle=6, qSize=0]
[13:03:47,303][INFO][grid-timeout-worker-#23][IgniteKernal] 
Metrics for local node (to disable set 'metricsLogFrequency' to 0)
    ^-- Node [id=feffef80, uptime=00:05:00.065]
    ^-- H/N/C [hosts=1, nodes=1, CPUs=1]
    ^-- CPU [cur=0%, avg=1.02%, GC=0%]
    ^-- PageMemory [pages=200]
    ^-- Heap [used=73MB, free=92.6%, comm=989MB]
    ^-- Off-heap [used=0MB, free=99.92%, comm=336MB]
    ^--   sysMemPlc region [used=0MB, free=99.21%, comm=40MB]
    ^--   default region [used=0MB, free=100%, comm=256MB]
    ^--   TxLog region [used=0MB, free=100%, comm=40MB]
    ^-- Outbound messages queue [size=0]
    ^-- Public thread pool [active=0, idle=0, qSize=0]
    ^-- System thread pool [active=0, idle=6, qSize=0]
[13:04:47,325][INFO][grid-timeout-worker-#23][IgniteKernal] 
Metrics for local node (to disable set 'metricsLogFrequency' to 0)
    ^-- Node [id=feffef80, uptime=00:06:00.082]
    ^-- H/N/C [hosts=1, nodes=1, CPUs=1]
    ^-- CPU [cur=0%, avg=0.91%, GC=0%]
    ^-- PageMemory [pages=200]
    ^-- Heap [used=76MB, free=92.26%, comm=989MB]
    ^-- Off-heap [used=0MB, free=99.92%, comm=336MB]
    ^--   sysMemPlc region [used=0MB, free=99.21%, comm=40MB]
    ^--   default region [used=0MB, free=100%, comm=256MB]
    ^--   TxLog region [used=0MB, free=100%, comm=40MB]
    ^-- Outbound messages queue [size=0]
    ^-- Public thread pool [active=0, idle=0, qSize=0]
    ^-- System thread pool [active=0, idle=6, qSize=0]
[13:05:47,331][INFO][grid-timeout-worker-#23][IgniteKernal] 
Metrics for local node (to disable set 'metricsLogFrequency' to 0)
    ^-- Node [id=feffef80, uptime=00:07:00.088]
    ^-- H/N/C [hosts=1, nodes=1, CPUs=1]
    ^-- CPU [cur=0%, avg=0.86%, GC=0%]
    ^-- PageMemory [pages=200]
    ^-- Heap [used=79MB, free=91.92%, comm=989MB]
    ^-- Off-heap [used=0MB, free=99.92%, comm=336MB]
    ^--   sysMemPlc region [used=0MB, free=99.21%, comm=40MB]
    ^--   default region [used=0MB, free=100%, comm=256MB]
    ^--   TxLog region [used=0MB, free=100%, comm=40MB]
    ^-- Outbound messages queue [size=0]
    ^-- Public thread pool [active=0, idle=0, qSize=0]
    ^-- System thread pool [active=0, idle=6, qSize=0]
[13:06:47,336][INFO][grid-timeout-worker-#23][IgniteKernal] 
Metrics for local node (to disable set 'metricsLogFrequency' to 0)
    ^-- Node [id=feffef80, uptime=00:08:00.092]
    ^-- H/N/C [hosts=1, nodes=1, CPUs=1]
    ^-- CPU [cur=0%, avg=0.81%, GC=0%]
    ^-- PageMemory [pages=200]
    ^-- Heap [used=83MB, free=91.52%, comm=989MB]
    ^-- Off-heap [used=0MB, free=99.92%, comm=336MB]
    ^--   sysMemPlc region [used=0MB, free=99.21%, comm=40MB]
    ^--   default region [used=0MB, free=100%, comm=256MB]
    ^--   TxLog region [used=0MB, free=100%, comm=40MB]
    ^-- Outbound messages queue [size=0]
    ^-- Public thread pool [active=0, idle=0, qSize=0]
    ^-- System thread pool [active=0, idle=6, qSize=0]
[13:07:47,340][INFO][grid-timeout-worker-#23][IgniteKernal] 
Metrics for local node (to disable set 'metricsLogFrequency' to 0)
    ^-- Node [id=feffef80, uptime=00:09:00.099]
    ^-- H/N/C [hosts=1, nodes=1, CPUs=1]
    ^-- CPU [cur=0%, avg=0.75%, GC=0%]
    ^-- PageMemory [pages=200]
    ^-- Heap [used=87MB, free=91.19%, comm=989MB]
    ^-- Off-heap [used=0MB, free=99.92%, comm=336MB]
    ^--   sysMemPlc region [used=0MB, free=99.21%, comm=40MB]
    ^--   default region [used=0MB, free=100%, comm=256MB]
    ^--   TxLog region [used=0MB, free=100%, comm=40MB]
    ^-- Outbound messages queue [size=0]
    ^-- Public thread pool [active=0, idle=0, qSize=0]
    ^-- System thread pool [active=0, idle=6, qSize=0]
[13:08:47,358][INFO][grid-timeout-worker-#23][IgniteKernal] 
Metrics for local node (to disable set 'metricsLogFrequency' to 0)
    ^-- Node [id=feffef80, uptime=00:10:00.099]
    ^-- H/N/C [hosts=1, nodes=1, CPUs=1]
    ^-- CPU [cur=0%, avg=0.7%, GC=0%]
    ^-- PageMemory [pages=200]
    ^-- Heap [used=91MB, free=90.77%, comm=989MB]
    ^-- Off-heap [used=0MB, free=99.92%, comm=336MB]
    ^--   sysMemPlc region [used=0MB, free=99.21%, comm=40MB]
    ^--   default region [used=0MB, free=100%, comm=256MB]
    ^--   TxLog region [used=0MB, free=100%, comm=40MB]
    ^-- Outbound messages queue [size=0]
    ^-- Public thread pool [active=0, idle=0, qSize=0]
    ^-- System thread pool [active=0, idle=6, qSize=0]
[13:09:47,361][INFO][grid-timeout-worker-#23][IgniteKernal] 
Metrics for local node (to disable set 'metricsLogFrequency' to 0)
    ^-- Node [id=feffef80, uptime=00:11:00.121]
    ^-- H/N/C [hosts=1, nodes=1, CPUs=1]
    ^-- CPU [cur=0%, avg=0.66%, GC=0%]
    ^-- PageMemory [pages=200]
    ^-- Heap [used=95MB, free=90.38%, comm=989MB]
    ^-- Off-heap [used=0MB, free=99.92%, comm=336MB]
    ^--   sysMemPlc region [used=0MB, free=99.21%, comm=40MB]
    ^--   default region [used=0MB, free=100%, comm=256MB]
    ^--   TxLog region [used=0MB, free=100%, comm=40MB]
    ^-- Outbound messages queue [size=0]
    ^-- Public thread pool [active=0, idle=0, qSize=0]
    ^-- System thread pool [active=0, idle=6, qSize=0]
[13:10:47,361][INFO][grid-timeout-worker-#23][IgniteKernal] 
Metrics for local node (to disable set 'metricsLogFrequency' to 0)
    ^-- Node [id=feffef80, uptime=00:12:00.121]
    ^-- H/N/C [hosts=1, nodes=1, CPUs=1]
    ^-- CPU [cur=0%, avg=0.63%, GC=0%]
    ^-- PageMemory [pages=200]
    ^-- Heap [used=98MB, free=90.04%, comm=989MB]
    ^-- Off-heap [used=0MB, free=99.92%, comm=336MB]
    ^--   sysMemPlc region [used=0MB, free=99.21%, comm=40MB]
    ^--   default region [used=0MB, free=100%, comm=256MB]
    ^--   TxLog region [used=0MB, free=100%, comm=40MB]
    ^-- Outbound messages queue [size=0]
    ^-- Public thread pool [active=0, idle=0, qSize=0]
    ^-- System thread pool [active=0, idle=6, qSize=0]
[13:11:47,367][INFO][grid-timeout-worker-#23][IgniteKernal] 
Metrics for local node (to disable set 'metricsLogFrequency' to 0)
    ^-- Node [id=feffef80, uptime=00:13:00.127]
    ^-- H/N/C [hosts=1, nodes=1, CPUs=1]
    ^-- CPU [cur=0%, avg=0.6%, GC=0%]
    ^-- PageMemory [pages=200]
    ^-- Heap [used=101MB, free=89.7%, comm=989MB]
    ^-- Off-heap [used=0MB, free=99.92%, comm=336MB]
    ^--   sysMemPlc region [used=0MB, free=99.21%, comm=40MB]
    ^--   default region [used=0MB, free=100%, comm=256MB]
    ^--   TxLog region [used=0MB, free=100%, comm=40MB]
    ^-- Outbound messages queue [size=0]
    ^-- Public thread pool [active=0, idle=0, qSize=0]
    ^-- System thread pool [active=0, idle=6, qSize=0]
[13:12:31,203][WARNING][jvm-pause-detector-worker][IgniteKernal] Possible too long JVM pause: 767 milliseconds.
[13:12:47,370][INFO][grid-timeout-worker-#23][IgniteKernal] 
Metrics for local node (to disable set 'metricsLogFrequency' to 0)
    ^-- Node [id=feffef80, uptime=00:14:00.131]
    ^-- H/N/C [hosts=1, nodes=1, CPUs=1]
    ^-- CPU [cur=0%, avg=0.58%, GC=0%]
    ^-- PageMemory [pages=200]
    ^-- Heap [used=111MB, free=88.71%, comm=989MB]
    ^-- Off-heap [used=0MB, free=99.92%, comm=336MB]
    ^--   sysMemPlc region [used=0MB, free=99.21%, comm=40MB]
    ^--   default region [used=0MB, free=100%, comm=256MB]
    ^--   TxLog region [used=0MB, free=100%, comm=40MB]
    ^-- Outbound messages queue [size=0]
    ^-- Public thread pool [active=0, idle=0, qSize=0]
    ^-- System thread pool [active=0, idle=6, qSize=0]
[13:13:47,373][INFO][grid-timeout-worker-#23][IgniteKernal] 
Metrics for local node (to disable set 'metricsLogFrequency' to 0)
    ^-- Node [id=feffef80, uptime=00:15:00.131]
    ^-- H/N/C [hosts=1, nodes=1, CPUs=1]
    ^-- CPU [cur=0%, avg=0.54%, GC=0%]
    ^-- PageMemory [pages=200]
    ^-- Heap [used=115MB, free=88.38%, comm=989MB]
    ^-- Off-heap [used=0MB, free=99.92%, comm=336MB]
    ^--   sysMemPlc region [used=0MB, free=99.21%, comm=40MB]
    ^--   default region [used=0MB, free=100%, comm=256MB]
    ^--   TxLog region [used=0MB, free=100%, comm=40MB]
    ^-- Outbound messages queue [size=0]
    ^-- Public thread pool [active=0, idle=0, qSize=0]
    ^-- System thread pool [active=0, idle=6, qSize=0]
[13:14:47,375][INFO][grid-timeout-worker-#23][IgniteKernal] 
Metrics for local node (to disable set 'metricsLogFrequency' to 0)
    ^-- Node [id=feffef80, uptime=00:16:00.131]
    ^-- H/N/C [hosts=1, nodes=1, CPUs=1]
    ^-- CPU [cur=0%, avg=0.52%, GC=0%]
    ^-- PageMemory [pages=200]
    ^-- Heap [used=118MB, free=88.04%, comm=989MB]
    ^-- Off-heap [used=0MB, free=99.92%, comm=336MB]
    ^--   sysMemPlc region [used=0MB, free=99.21%, comm=40MB]
    ^--   default region [used=0MB, free=100%, comm=256MB]
    ^--   TxLog region [used=0MB, free=100%, comm=40MB]
    ^-- Outbound messages queue [size=0]
    ^-- Public thread pool [active=0, idle=0, qSize=0]
    ^-- System thread pool [active=0, idle=6, qSize=0]
[13:15:47,386][INFO][grid-timeout-worker-#23][IgniteKernal] 
Metrics for local node (to disable set 'metricsLogFrequency' to 0)
    ^-- Node [id=feffef80, uptime=00:17:00.139]
    ^-- H/N/C [hosts=1, nodes=1, CPUs=1]
    ^-- CPU [cur=0%, avg=0.51%, GC=0%]
    ^-- PageMemory [pages=200]
    ^-- Heap [used=121MB, free=87.68%, comm=989MB]
    ^-- Off-heap [used=0MB, free=99.92%, comm=336MB]
    ^--   sysMemPlc region [used=0MB, free=99.21%, comm=40MB]
    ^--   default region [used=0MB, free=100%, comm=256MB]
    ^--   TxLog region [used=0MB, free=100%, comm=40MB]
    ^-- Outbound messages queue [size=0]
    ^-- Public thread pool [active=0, idle=0, qSize=0]
    ^-- System thread pool [active=0, idle=6, qSize=0]
[13:16:47,382][INFO][grid-timeout-worker-#23][IgniteKernal] 
Metrics for local node (to disable set 'metricsLogFrequency' to 0)
    ^-- Node [id=feffef80, uptime=00:18:00.141]
    ^-- H/N/C [hosts=1, nodes=1, CPUs=1]
    ^-- CPU [cur=0%, avg=0.5%, GC=0%]
    ^-- PageMemory [pages=200]
    ^-- Heap [used=125MB, free=87.34%, comm=989MB]
    ^-- Off-heap [used=0MB, free=99.92%, comm=336MB]
    ^--   sysMemPlc region [used=0MB, free=99.21%, comm=40MB]
    ^--   default region [used=0MB, free=100%, comm=256MB]
    ^--   TxLog region [used=0MB, free=100%, comm=40MB]
    ^-- Outbound messages queue [size=0]
    ^-- Public thread pool [active=0, idle=0, qSize=0]
    ^-- System thread pool [active=0, idle=6, qSize=0]
[13:17:47,389][INFO][grid-timeout-worker-#23][IgniteKernal] 
Metrics for local node (to disable set 'metricsLogFrequency' to 0)
    ^-- Node [id=feffef80, uptime=00:19:00.151]
    ^-- H/N/C [hosts=1, nodes=1, CPUs=1]
    ^-- CPU [cur=0%, avg=0.49%, GC=0%]
    ^-- PageMemory [pages=200]
    ^-- Heap [used=129MB, free=86.97%, comm=989MB]
    ^-- Off-heap [used=0MB, free=99.92%, comm=336MB]
    ^--   sysMemPlc region [used=0MB, free=99.21%, comm=40MB]
    ^--   default region [used=0MB, free=100%, comm=256MB]
    ^--   TxLog region [used=0MB, free=100%, comm=40MB]
    ^-- Outbound messages queue [size=0]
    ^-- Public thread pool [active=0, idle=0, qSize=0]
    ^-- System thread pool [active=0, idle=6, qSize=0]
[13:18:47,403][INFO][grid-timeout-worker-#23][IgniteKernal] 
Metrics for local node (to disable set 'metricsLogFrequency' to 0)
    ^-- Node [id=feffef80, uptime=00:20:00.165]
    ^-- H/N/C [hosts=1, nodes=1, CPUs=1]
    ^-- CPU [cur=0%, avg=0.48%, GC=0%]
    ^-- PageMemory [pages=200]
    ^-- Heap [used=132MB, free=86.61%, comm=989MB]
    ^-- Off-heap [used=0MB, free=99.92%, comm=336MB]
    ^--   sysMemPlc region [used=0MB, free=99.21%, comm=40MB]
    ^--   default region [used=0MB, free=100%, comm=256MB]
    ^--   TxLog region [used=0MB, free=100%, comm=40MB]
    ^-- Outbound messages queue [size=0]
    ^-- Public thread pool [active=0, idle=0, qSize=0]
    ^-- System thread pool [active=0, idle=6, qSize=0]
[13:19:47,413][INFO][grid-timeout-worker-#23][IgniteKernal] 
Metrics for local node (to disable set 'metricsLogFrequency' to 0)
    ^-- Node [id=feffef80, uptime=00:21:00.173]
    ^-- H/N/C [hosts=1, nodes=1, CPUs=1]
    ^-- CPU [cur=0.53%, avg=0.47%, GC=0%]
    ^-- PageMemory [pages=200]
    ^-- Heap [used=136MB, free=86.22%, comm=989MB]
    ^-- Off-heap [used=0MB, free=99.92%, comm=336MB]
    ^--   sysMemPlc region [used=0MB, free=99.21%, comm=40MB]
    ^--   default region [used=0MB, free=100%, comm=256MB]
    ^--   TxLog region [used=0MB, free=100%, comm=40MB]
    ^-- Outbound messages queue [size=0]
    ^-- Public thread pool [active=0, idle=0, qSize=0]
    ^-- System thread pool [active=0, idle=6, qSize=0]
[13:20:47,419][INFO][grid-timeout-worker-#23][IgniteKernal] 
Metrics for local node (to disable set 'metricsLogFrequency' to 0)
    ^-- Node [id=feffef80, uptime=00:22:00.174]
    ^-- H/N/C [hosts=1, nodes=1, CPUs=1]
    ^-- CPU [cur=0%, avg=0.46%, GC=0%]
    ^-- PageMemory [pages=200]
    ^-- Heap [used=139MB, free=85.89%, comm=989MB]
    ^-- Off-heap [used=0MB, free=99.92%, comm=336MB]
    ^--   sysMemPlc region [used=0MB, free=99.21%, comm=40MB]
    ^--   default region [used=0MB, free=100%, comm=256MB]
    ^--   TxLog region [used=0MB, free=100%, comm=40MB]
    ^-- Outbound messages queue [size=0]
    ^-- Public thread pool [active=0, idle=0, qSize=0]
    ^-- System thread pool [active=0, idle=6, qSize=0]
[13:21:47,421][INFO][grid-timeout-worker-#23][IgniteKernal] 
Metrics for local node (to disable set 'metricsLogFrequency' to 0)
    ^-- Node [id=feffef80, uptime=00:23:00.178]
    ^-- H/N/C [hosts=1, nodes=1, CPUs=1]
    ^-- CPU [cur=0%, avg=0.44%, GC=0%]
    ^-- PageMemory [pages=200]
    ^-- Heap [used=143MB, free=85.5%, comm=989MB]
    ^-- Off-heap [used=0MB, free=99.92%, comm=336MB]
    ^--   sysMemPlc region [used=0MB, free=99.21%, comm=40MB]
    ^--   default region [used=0MB, free=100%, comm=256MB]
    ^--   TxLog region [used=0MB, free=100%, comm=40MB]
    ^-- Outbound messages queue [size=0]
    ^-- Public thread pool [active=0, idle=0, qSize=0]
    ^-- System thread pool [active=0, idle=6, qSize=0]
[13:22:47,426][INFO][grid-timeout-worker-#23][IgniteKernal] 
Metrics for local node (to disable set 'metricsLogFrequency' to 0)
    ^-- Node [id=feffef80, uptime=00:24:00.186]
    ^-- H/N/C [hosts=1, nodes=1, CPUs=1]
    ^-- CPU [cur=0%, avg=0.43%, GC=0%]
    ^-- PageMemory [pages=200]
    ^-- Heap [used=147MB, free=85.1%, comm=989MB]
    ^-- Off-heap [used=0MB, free=99.92%, comm=336MB]
    ^--   sysMemPlc region [used=0MB, free=99.21%, comm=40MB]
    ^--   default region [used=0MB, free=100%, comm=256MB]
    ^--   TxLog region [used=0MB, free=100%, comm=40MB]
    ^-- Outbound messages queue [size=0]
    ^-- Public thread pool [active=0, idle=0, qSize=0]
    ^-- System thread pool [active=0, idle=6, qSize=0]
[13:23:47,425][INFO][grid-timeout-worker-#23][IgniteKernal] 
Metrics for local node (to disable set 'metricsLogFrequency' to 0)
    ^-- Node [id=feffef80, uptime=00:25:00.186]
    ^-- H/N/C [hosts=1, nodes=1, CPUs=1]
    ^-- CPU [cur=0.5%, avg=0.42%, GC=0%]
    ^-- PageMemory [pages=200]
    ^-- Heap [used=150MB, free=84.77%, comm=989MB]
    ^-- Off-heap [used=0MB, free=99.92%, comm=336MB]
    ^--   sysMemPlc region [used=0MB, free=99.21%, comm=40MB]
    ^--   default region [used=0MB, free=100%, comm=256MB]
    ^--   TxLog region [used=0MB, free=100%, comm=40MB]
    ^-- Outbound messages queue [size=0]
    ^-- Public thread pool [active=0, idle=0, qSize=0]
    ^-- System thread pool [active=0, idle=6, qSize=0]
[13:24:47,454][INFO][grid-timeout-worker-#23][IgniteKernal] 
Metrics for local node (to disable set 'metricsLogFrequency' to 0)
    ^-- Node [id=feffef80, uptime=00:26:00.215]
    ^-- H/N/C [hosts=1, nodes=1, CPUs=1]
    ^-- CPU [cur=0.53%, avg=0.42%, GC=0%]
    ^-- PageMemory [pages=200]
    ^-- Heap [used=154MB, free=84.43%, comm=989MB]
    ^-- Off-heap [used=0MB, free=99.92%, comm=336MB]
    ^--   sysMemPlc region [used=0MB, free=99.21%, comm=40MB]
    ^--   default region [used=0MB, free=100%, comm=256MB]
    ^--   TxLog region [used=0MB, free=100%, comm=40MB]
    ^-- Outbound messages queue [size=0]
    ^-- Public thread pool [active=0, idle=0, qSize=0]
    ^-- System thread pool [active=0, idle=6, qSize=0]
[13:25:47,462][INFO][grid-timeout-worker-#23][IgniteKernal] 
Metrics for local node (to disable set 'metricsLogFrequency' to 0)
    ^-- Node [id=feffef80, uptime=00:27:00.222]
    ^-- H/N/C [hosts=1, nodes=1, CPUs=1]
    ^-- CPU [cur=0%, avg=0.41%, GC=0%]
    ^-- PageMemory [pages=200]
    ^-- Heap [used=158MB, free=83.99%, comm=989MB]
    ^-- Off-heap [used=0MB, free=99.92%, comm=336MB]
    ^--   sysMemPlc region [used=0MB, free=99.21%, comm=40MB]
    ^--   default region [used=0MB, free=100%, comm=256MB]
    ^--   TxLog region [used=0MB, free=100%, comm=40MB]
    ^-- Outbound messages queue [size=0]
    ^-- Public thread pool [active=0, idle=0, qSize=0]
    ^-- System thread pool [active=0, idle=6, qSize=0]
[13:26:47,471][INFO][grid-timeout-worker-#23][IgniteKernal] 
Metrics for local node (to disable set 'metricsLogFrequency' to 0)
    ^-- Node [id=feffef80, uptime=00:28:00.231]
    ^-- H/N/C [hosts=1, nodes=1, CPUs=1]
    ^-- CPU [cur=0%, avg=0.4%, GC=0%]
    ^-- PageMemory [pages=200]
    ^-- Heap [used=161MB, free=83.66%, comm=989MB]
    ^-- Off-heap [used=0MB, free=99.92%, comm=336MB]
    ^--   sysMemPlc region [used=0MB, free=99.21%, comm=40MB]
    ^--   default region [used=0MB, free=100%, comm=256MB]
    ^--   TxLog region [used=0MB, free=100%, comm=40MB]
    ^-- Outbound messages queue [size=0]
    ^-- Public thread pool [active=0, idle=0, qSize=0]
    ^-- System thread pool [active=0, idle=6, qSize=0]
[13:27:47,480][INFO][grid-timeout-worker-#23][IgniteKernal] 
Metrics for local node (to disable set 'metricsLogFrequency' to 0)
    ^-- Node [id=feffef80, uptime=00:29:00.235]
    ^-- H/N/C [hosts=1, nodes=1, CPUs=1]
    ^-- CPU [cur=0%, avg=0.4%, GC=0%]
    ^-- PageMemory [pages=200]
    ^-- Heap [used=165MB, free=83.32%, comm=989MB]
    ^-- Off-heap [used=0MB, free=99.92%, comm=336MB]
    ^--   sysMemPlc region [used=0MB, free=99.21%, comm=40MB]
    ^--   default region [used=0MB, free=100%, comm=256MB]
    ^--   TxLog region [used=0MB, free=100%, comm=40MB]
    ^-- Outbound messages queue [size=0]
    ^-- Public thread pool [active=0, idle=0, qSize=0]
    ^-- System thread pool [active=0, idle=6, qSize=0]
[13:28:47,484][INFO][grid-timeout-worker-#23][IgniteKernal] 
Metrics for local node (to disable set 'metricsLogFrequency' to 0)
    ^-- Node [id=feffef80, uptime=00:30:00.243]
    ^-- H/N/C [hosts=1, nodes=1, CPUs=1]
    ^-- CPU [cur=0%, avg=0.39%, GC=0%]
    ^-- PageMemory [pages=200]
    ^-- Heap [used=168MB, free=82.96%, comm=989MB]
    ^-- Off-heap [used=0MB, free=99.92%, comm=336MB]
    ^--   sysMemPlc region [used=0MB, free=99.21%, comm=40MB]
    ^--   default region [used=0MB, free=100%, comm=256MB]
    ^--   TxLog region [used=0MB, free=100%, comm=40MB]
    ^-- Outbound messages queue [size=0]
    ^-- Public thread pool [active=0, idle=0, qSize=0]
    ^-- System thread pool [active=0, idle=6, qSize=0]
[13:29:47,492][INFO][grid-timeout-worker-#23][IgniteKernal] 
Metrics for local node (to disable set 'metricsLogFrequency' to 0)
    ^-- Node [id=feffef80, uptime=00:31:00.251]
    ^-- H/N/C [hosts=1, nodes=1, CPUs=1]
    ^-- CPU [cur=0%, avg=0.39%, GC=0%]
    ^-- PageMemory [pages=200]
    ^-- Heap [used=172MB, free=82.54%, comm=989MB]
    ^-- Off-heap [used=0MB, free=99.92%, comm=336MB]
    ^--   sysMemPlc region [used=0MB, free=99.21%, comm=40MB]
    ^--   default region [used=0MB, free=100%, comm=256MB]
    ^--   TxLog region [used=0MB, free=100%, comm=40MB]
    ^-- Outbound messages queue [size=0]
    ^-- Public thread pool [active=0, idle=0, qSize=0]
    ^-- System thread pool [active=0, idle=6, qSize=0]
[13:30:47,504][INFO][grid-timeout-worker-#23][IgniteKernal] 
Metrics for local node (to disable set 'metricsLogFrequency' to 0)
    ^-- Node [id=feffef80, uptime=00:32:00.261]
    ^-- H/N/C [hosts=1, nodes=1, CPUs=1]
    ^-- CPU [cur=0%, avg=0.38%, GC=0%]
    ^-- PageMemory [pages=200]
    ^-- Heap [used=176MB, free=82.2%, comm=989MB]
    ^-- Off-heap [used=0MB, free=99.92%, comm=336MB]
    ^--   sysMemPlc region [used=0MB, free=99.21%, comm=40MB]
    ^--   default region [used=0MB, free=100%, comm=256MB]
    ^--   TxLog region [used=0MB, free=100%, comm=40MB]
    ^-- Outbound messages queue [size=0]
    ^-- Public thread pool [active=0, idle=0, qSize=0]
    ^-- System thread pool [active=0, idle=6, qSize=0]
[13:31:47,506][INFO][grid-timeout-worker-#23][IgniteKernal] 
Metrics for local node (to disable set 'metricsLogFrequency' to 0)
    ^-- Node [id=feffef80, uptime=00:33:00.268]
    ^-- H/N/C [hosts=1, nodes=1, CPUs=1]
    ^-- CPU [cur=0%, avg=0.38%, GC=0%]
    ^-- PageMemory [pages=200]
    ^-- Heap [used=179MB, free=81.85%, comm=989MB]
    ^-- Off-heap [used=0MB, free=99.92%, comm=336MB]
    ^--   sysMemPlc region [used=0MB, free=99.21%, comm=40MB]
    ^--   default region [used=0MB, free=100%, comm=256MB]
    ^--   TxLog region [used=0MB, free=100%, comm=40MB]
    ^-- Outbound messages queue [size=0]
    ^-- Public thread pool [active=0, idle=0, qSize=0]
    ^-- System thread pool [active=0, idle=6, qSize=0]
[13:32:47,511][INFO][grid-timeout-worker-#23][IgniteKernal] 
Metrics for local node (to disable set 'metricsLogFrequency' to 0)
    ^-- Node [id=feffef80, uptime=00:34:00.272]
    ^-- H/N/C [hosts=1, nodes=1, CPUs=1]
    ^-- CPU [cur=0%, avg=0.38%, GC=0%]
    ^-- PageMemory [pages=200]
    ^-- Heap [used=183MB, free=81.5%, comm=989MB]
    ^-- Off-heap [used=0MB, free=99.92%, comm=336MB]
    ^--   sysMemPlc region [used=0MB, free=99.21%, comm=40MB]
    ^--   default region [used=0MB, free=100%, comm=256MB]
    ^--   TxLog region [used=0MB, free=100%, comm=40MB]
    ^-- Outbound messages queue [size=0]
    ^-- Public thread pool [active=0, idle=0, qSize=0]
    ^-- System thread pool [active=0, idle=6, qSize=0]
[13:33:47,517][INFO][grid-timeout-worker-#23][IgniteKernal] 
Metrics for local node (to disable set 'metricsLogFrequency' to 0)
    ^-- Node [id=feffef80, uptime=00:35:00.279]
    ^-- H/N/C [hosts=1, nodes=1, CPUs=1]
    ^-- CPU [cur=0%, avg=0.37%, GC=0%]
    ^-- PageMemory [pages=200]
    ^-- Heap [used=188MB, free=80.93%, comm=989MB]
    ^-- Off-heap [used=0MB, free=99.92%, comm=336MB]
    ^--   sysMemPlc region [used=0MB, free=99.21%, comm=40MB]
    ^--   default region [used=0MB, free=100%, comm=256MB]
    ^--   TxLog region [used=0MB, free=100%, comm=40MB]
    ^-- Outbound messages queue [size=0]
    ^-- Public thread pool [active=0, idle=0, qSize=0]
    ^-- System thread pool [active=1, idle=5, qSize=0]
[13:34:47,520][INFO][grid-timeout-worker-#23][IgniteKernal] 
Metrics for local node (to disable set 'metricsLogFrequency' to 0)
    ^-- Node [id=feffef80, uptime=00:36:00.281]
    ^-- H/N/C [hosts=1, nodes=1, CPUs=1]
    ^-- CPU [cur=0%, avg=0.37%, GC=0%]
    ^-- PageMemory [pages=200]
    ^-- Heap [used=192MB, free=80.54%, comm=989MB]
    ^-- Off-heap [used=0MB, free=99.92%, comm=336MB]
    ^--   sysMemPlc region [used=0MB, free=99.21%, comm=40MB]
    ^--   default region [used=0MB, free=100%, comm=256MB]
    ^--   TxLog region [used=0MB, free=100%, comm=40MB]
    ^-- Outbound messages queue [size=0]
    ^-- Public thread pool [active=0, idle=0, qSize=0]
    ^-- System thread pool [active=0, idle=6, qSize=0]
[13:35:47,519][INFO][grid-timeout-worker-#23][IgniteKernal] 
Metrics for local node (to disable set 'metricsLogFrequency' to 0)
    ^-- Node [id=feffef80, uptime=00:37:00.281]
    ^-- H/N/C [hosts=1, nodes=1, CPUs=1]
    ^-- CPU [cur=0%, avg=0.36%, GC=0%]
    ^-- PageMemory [pages=200]
    ^-- Heap [used=196MB, free=80.15%, comm=989MB]
    ^-- Off-heap [used=0MB, free=99.92%, comm=336MB]
    ^--   sysMemPlc region [used=0MB, free=99.21%, comm=40MB]
    ^--   default region [used=0MB, free=100%, comm=256MB]
    ^--   TxLog region [used=0MB, free=100%, comm=40MB]
    ^-- Outbound messages queue [size=0]
    ^-- Public thread pool [active=0, idle=0, qSize=0]
    ^-- System thread pool [active=0, idle=6, qSize=0]
[13:36:47,528][INFO][grid-timeout-worker-#23][IgniteKernal] 
Metrics for local node (to disable set 'metricsLogFrequency' to 0)
    ^-- Node [id=feffef80, uptime=00:38:00.289]
    ^-- H/N/C [hosts=1, nodes=1, CPUs=1]
    ^-- CPU [cur=0%, avg=0.36%, GC=0%]
    ^-- PageMemory [pages=200]
    ^-- Heap [used=199MB, free=79.81%, comm=989MB]
    ^-- Off-heap [used=0MB, free=99.92%, comm=336MB]
    ^--   sysMemPlc region [used=0MB, free=99.21%, comm=40MB]
    ^--   default region [used=0MB, free=100%, comm=256MB]
    ^--   TxLog region [used=0MB, free=100%, comm=40MB]
    ^-- Outbound messages queue [size=0]
    ^-- Public thread pool [active=0, idle=0, qSize=0]
    ^-- System thread pool [active=0, idle=6, qSize=0]
[13:37:47,537][INFO][grid-timeout-worker-#23][IgniteKernal] 
Metrics for local node (to disable set 'metricsLogFrequency' to 0)
    ^-- Node [id=feffef80, uptime=00:39:00.294]
    ^-- H/N/C [hosts=1, nodes=1, CPUs=1]
    ^-- CPU [cur=0%, avg=0.36%, GC=0%]
    ^-- PageMemory [pages=200]
    ^-- Heap [used=203MB, free=79.47%, comm=989MB]
    ^-- Off-heap [used=0MB, free=99.92%, comm=336MB]
    ^--   sysMemPlc region [used=0MB, free=99.21%, comm=40MB]
    ^--   default region [used=0MB, free=100%, comm=256MB]
    ^--   TxLog region [used=0MB, free=100%, comm=40MB]
    ^-- Outbound messages queue [size=0]
    ^-- Public thread pool [active=0, idle=0, qSize=0]
    ^-- System thread pool [active=0, idle=6, qSize=0]
[13:38:47,543][INFO][grid-timeout-worker-#23][IgniteKernal] 
Metrics for local node (to disable set 'metricsLogFrequency' to 0)
    ^-- Node [id=feffef80, uptime=00:40:00.301]
    ^-- H/N/C [hosts=1, nodes=1, CPUs=1]
    ^-- CPU [cur=0%, avg=0.35%, GC=0%]
    ^-- PageMemory [pages=200]
    ^-- Heap [used=207MB, free=79.03%, comm=989MB]
    ^-- Off-heap [used=0MB, free=99.92%, comm=336MB]
    ^--   sysMemPlc region [used=0MB, free=99.21%, comm=40MB]
    ^--   default region [used=0MB, free=100%, comm=256MB]
    ^--   TxLog region [used=0MB, free=100%, comm=40MB]
    ^-- Outbound messages queue [size=0]
    ^-- Public thread pool [active=0, idle=0, qSize=0]
    ^-- System thread pool [active=0, idle=6, qSize=0]
[13:39:17,822][INFO][Thread-2][G] Invoking shutdown hook...
