[15:09:10,091][WARNING][main][G] Ignite work directory is not provided, automatically resolved to: C:\apache-ignite\IgniteDeployment\work
[15:09:10,480][INFO][main][IgniteKernal] 

>>>    __________  ________________  
>>>   /  _/ ___/ |/ /  _/_  __/ __/  
>>>  _/ // (7 7    // /  / / / _/    
>>> /___/\___/_/|_/___/ /_/ /___/   
>>> 
>>> ver. 2.7.6#20190911-sha1:21f7ca41
>>> 2019 Copyright(C) Apache Software Foundation
>>> 
>>> Ignite documentation: http://ignite.apache.org

[15:09:10,500][INFO][main][IgniteKernal] Config URL: file:/C:/apache-ignite/IgniteDeployment/config/default-config.xml
[15:09:10,588][INFO][main][IgniteKernal] IgniteConfiguration [igniteInstanceName=null, pubPoolSize=8, svcPoolSize=8, callbackPoolSize=8, stripedPoolSize=8, sysPoolSize=8, mgmtPoolSize=4, igfsPoolSize=1, dataStreamerPoolSize=8, utilityCachePoolSize=8, utilityCacheKeepAliveTime=60000, p2pPoolSize=2, qryPoolSize=8, igniteHome=C:\apache-ignite\IgniteDeployment, igniteWorkDir=C:\apache-ignite\IgniteDeployment\work, mbeanSrv=com.sun.jmx.mbeanserver.JmxMBeanServer@6f94fa3e, nodeId=a4d353ea-834f-48c3-9587-0c9f5f2843d4, marsh=BinaryMarshaller [], marshLocJobs=false, daemon=false, p2pEnabled=false, netTimeout=5000, sndRetryDelay=1000, sndRetryCnt=3, metricsHistSize=10000, metricsUpdateFreq=2000, metricsExpTime=9223372036854775807, discoSpi=TcpDiscoverySpi [addrRslvr=null, sockTimeout=0, ackTimeout=0, marsh=null, reconCnt=10, reconDelay=2000, maxAckTimeout=600000, forceSrvMode=false, clientReconnectDisabled=false, internalLsnr=null], segPlc=STOP, segResolveAttempts=2, waitForSegOnStart=true, allResolversPassReq=true, segChkFreq=10000, commSpi=TcpCommunicationSpi [connectGate=null, connPlc=org.apache.ignite.spi.communication.tcp.TcpCommunicationSpi$FirstConnectionPolicy@158da8e, enableForcibleNodeKill=false, enableTroubleshootingLog=false, locAddr=null, locHost=null, locPort=47100, locPortRange=100, shmemPort=-1, directBuf=true, directSndBuf=false, idleConnTimeout=600000, connTimeout=5000, maxConnTimeout=600000, reconCnt=10, sockSndBuf=32768, sockRcvBuf=32768, msgQueueLimit=0, slowClientQueueLimit=0, nioSrvr=null, shmemSrv=null, usePairedConnections=false, connectionsPerNode=1, tcpNoDelay=true, filterReachableAddresses=false, ackSndThreshold=32, unackedMsgsBufSize=0, sockWriteTimeout=2000, boundTcpPort=-1, boundTcpShmemPort=-1, selectorsCnt=4, selectorSpins=0, addrRslvr=null, ctxInitLatch=java.util.concurrent.CountDownLatch@74e52303[Count = 1], stopping=false], evtSpi=org.apache.ignite.spi.eventstorage.NoopEventStorageSpi@47af7f3d, colSpi=NoopCollisionSpi [], deploySpi=LocalDeploymentSpi [], indexingSpi=org.apache.ignite.spi.indexing.noop.NoopIndexingSpi@323b36e0, addrRslvr=null, encryptionSpi=org.apache.ignite.spi.encryption.noop.NoopEncryptionSpi@44ebcd03, clientMode=false, rebalanceThreadPoolSize=1, txCfg=TransactionConfiguration [txSerEnabled=false, dfltIsolation=REPEATABLE_READ, dfltConcurrency=PESSIMISTIC, dfltTxTimeout=0, txTimeoutOnPartitionMapExchange=0, pessimisticTxLogSize=0, pessimisticTxLogLinger=10000, tmLookupClsName=null, txManagerFactory=null, useJtaSync=false], cacheSanityCheckEnabled=true, discoStartupDelay=60000, deployMode=SHARED, p2pMissedCacheSize=100, locHost=null, timeSrvPortBase=31100, timeSrvPortRange=100, failureDetectionTimeout=10000, sysWorkerBlockedTimeout=null, clientFailureDetectionTimeout=30000, metricsLogFreq=60000, hadoopCfg=null, connectorCfg=ConnectorConfiguration [jettyPath=null, host=null, port=11211, noDelay=true, directBuf=false, sndBufSize=32768, rcvBufSize=32768, idleQryCurTimeout=600000, idleQryCurCheckFreq=60000, sndQueueLimit=0, selectorCnt=1, idleTimeout=7000, sslEnabled=false, sslClientAuth=false, sslCtxFactory=null, sslFactory=null, portRange=100, threadPoolSize=8, msgInterceptor=null], odbcCfg=null, warmupClos=null, atomicCfg=AtomicConfiguration [seqReserveSize=1000, cacheMode=PARTITIONED, backups=1, aff=null, grpName=null], classLdr=null, sslCtxFactory=null, platformCfg=null, binaryCfg=null, memCfg=null, pstCfg=null, dsCfg=DataStorageConfiguration [sysRegionInitSize=41943040, sysRegionMaxSize=104857600, pageSize=0, concLvl=0, dfltDataRegConf=DataRegionConfiguration [name=default, maxSize=858899251, initSize=268435456, swapPath=null, pageEvictionMode=DISABLED, evictionThreshold=0.9, emptyPagesPoolSize=100, metricsEnabled=false, metricsSubIntervalCount=5, metricsRateTimeInterval=60000, persistenceEnabled=false, checkpointPageBufSize=0], dataRegions=null, storagePath=null, checkpointFreq=180000, lockWaitTime=10000, checkpointThreads=4, checkpointWriteOrder=SEQUENTIAL, walHistSize=20, maxWalArchiveSize=1073741824, walSegments=10, walSegmentSize=67108864, walPath=db/wal, walArchivePath=db/wal/archive, metricsEnabled=false, walMode=LOG_ONLY, walTlbSize=131072, walBuffSize=0, walFlushFreq=2000, walFsyncDelay=1000, walRecordIterBuffSize=67108864, alwaysWriteFullPages=false, fileIOFactory=org.apache.ignite.internal.processors.cache.persistence.file.AsyncFileIOFactory@6b927fb, metricsSubIntervalCnt=5, metricsRateTimeInterval=60000, walAutoArchiveAfterInactivity=-1, writeThrottlingEnabled=false, walCompactionEnabled=false, walCompactionLevel=1, checkpointReadLockTimeout=null], activeOnStart=true, autoActivation=true, longQryWarnTimeout=3000, sqlConnCfg=null, cliConnCfg=ClientConnectorConfiguration [host=null, port=10800, portRange=100, sockSndBufSize=0, sockRcvBufSize=0, tcpNoDelay=true, maxOpenCursorsPerConn=128, threadPoolSize=8, idleTimeout=0, jdbcEnabled=true, odbcEnabled=true, thinCliEnabled=true, sslEnabled=false, useIgniteSslCtxFactory=true, sslClientAuth=false, sslCtxFactory=null], mvccVacuumThreadCnt=2, mvccVacuumFreq=5000, authEnabled=false, failureHnd=null, commFailureRslvr=null]
[15:09:10,590][INFO][main][IgniteKernal] Daemon mode: off
[15:09:10,593][INFO][main][IgniteKernal] OS: Windows 10 10.0 amd64
[15:09:10,593][INFO][main][IgniteKernal] OS user: mudassir
[15:09:10,594][INFO][main][IgniteKernal] PID: 2464
[15:09:10,595][INFO][main][IgniteKernal] Language runtime: Java Platform API Specification ver. 1.8
[15:09:10,595][INFO][main][IgniteKernal] VM information: Java(TM) SE Runtime Environment 1.8.0_281-b09 Oracle Corporation Java HotSpot(TM) 64-Bit Server VM 25.281-b09
[15:09:10,599][INFO][main][IgniteKernal] VM total memory: 0.97GB
[15:09:10,601][INFO][main][IgniteKernal] Remote Management [restart: on, REST: on, JMX (remote: on, port: 49119, auth: off, ssl: off)]
[15:09:10,602][INFO][main][IgniteKernal] Logger: JavaLogger [quiet=true, config=null]
[15:09:10,602][INFO][main][IgniteKernal] IGNITE_HOME=C:\apache-ignite\IgniteDeployment
[15:09:10,603][INFO][main][IgniteKernal] VM arguments: [-XX:+AggressiveOpts, -Xms1g, -Xmx1g, -XX:MaxMetaspaceSize=256m, -DIGNITE_QUIET=true, -DIGNITE_SUCCESS_FILE=C:\apache-ignite\IgniteDeployment\work\ignite_success_480a7dbd-f27e-4a8d-aa03-55cf04738317, -Dcom.sun.management.jmxremote, -Dcom.sun.management.jmxremote.port=49119, -Dcom.sun.management.jmxremote.authenticate=false, -Dcom.sun.management.jmxremote.ssl=false, -DIGNITE_HOME=C:\apache-ignite\IgniteDeployment, -DIGNITE_PROG_NAME=ignite.bat]
[15:09:10,603][INFO][main][IgniteKernal] System cache's DataRegion size is configured to 40 MB. Use DataStorageConfiguration.systemRegionInitialSize property to change the setting.
[15:09:10,618][INFO][main][IgniteKernal] Configured caches [in 'sysMemPlc' dataRegion: ['ignite-sys-cache']]
[15:09:10,619][WARNING][main][IgniteKernal] Please set system property '-Djava.net.preferIPv4Stack=true' to avoid possible problems in mixed environments.
[15:09:10,624][INFO][main][IgniteKernal] 3-rd party licenses can be found at: C:\apache-ignite\IgniteDeployment\libs\licenses
[15:09:10,821][WARNING][pub-#19][GridDiagnostic] This operating system has been tested less rigorously: Windows 10 10.0 amd64. Our team will appreciate the feedback if you experience any problems running ignite in this environment.
[15:09:10,825][INFO][main][IgnitePluginProcessor] Configured plugins:
[15:09:10,827][INFO][main][IgnitePluginProcessor]   ^-- None
[15:09:10,829][INFO][main][IgnitePluginProcessor] 
[15:09:10,835][INFO][main][FailureProcessor] Configured failure handler: [hnd=StopNodeOrHaltFailureHandler [tryStop=false, timeout=0, super=AbstractFailureHandler [ignoredFailureTypes=[SYSTEM_WORKER_BLOCKED, SYSTEM_CRITICAL_OPERATION_TIMEOUT]]]]
[15:09:10,978][INFO][main][TcpCommunicationSpi] Successfully bound communication NIO server to TCP port [port=47100, locHost=0.0.0.0/0.0.0.0, selectorsCnt=4, selectorSpins=0, pairedConn=false]
[15:09:11,177][WARNING][main][TcpCommunicationSpi] Message queue limit is set to 0 which may lead to potential OOMEs when running cache operations in FULL_ASYNC or PRIMARY_SYNC modes due to message queues growth on sender and receiver sides.
[15:09:11,245][WARNING][main][NoopCheckpointSpi] Checkpoints are disabled (to enable configure any GridCheckpointSpi implementation)
[15:09:11,341][WARNING][main][GridCollisionManager] Collision resolution is disabled (all jobs will be activated upon arrival).
[15:09:11,374][INFO][main][IgniteKernal] Security status [authentication=off, tls/ssl=off]
[15:09:11,854][WARNING][main][IgniteCacheDatabaseSharedManager] DataRegionConfiguration.maxWalArchiveSize instead DataRegionConfiguration.walHistorySize would be used for removing old archive wal files
[15:09:11,898][INFO][main][PartitionsEvictManager] Evict partition permits=2
[15:09:12,292][INFO][main][ClientListenerProcessor] Client connector processor has started on TCP port 10800
[15:09:12,359][INFO][main][GridTcpRestProtocol] Command protocol successfully started [name=TCP binary, host=0.0.0.0/0.0.0.0, port=11211]
[15:09:12,889][INFO][main][GridJettyRestProtocol] Command protocol successfully started [name=Jetty REST, host=/0.0.0.0, port=8080]
[15:09:13,835][WARNING][jvm-pause-detector-worker][IgniteKernal] Possible too long JVM pause: 1000 milliseconds.
[15:09:14,022][INFO][main][IgniteKernal] Non-loopback local IPs: 192.168.0.21, fe80:0:0:0:153b:24d3:574f:ac2e%eth3
[15:09:14,023][INFO][main][IgniteKernal] Enabled local MACs: 080027835105
[15:09:14,105][INFO][main][TcpDiscoverySpi] Connection check threshold is calculated: 10000
[15:09:14,109][INFO][main][TcpDiscoverySpi] Successfully bound to TCP port [port=47500, localHost=0.0.0.0/0.0.0.0, locNodeId=a4d353ea-834f-48c3-9587-0c9f5f2843d4]
[15:09:14,117][WARNING][main][TcpDiscoveryMulticastIpFinder] TcpDiscoveryMulticastIpFinder has no pre-configured addresses (it is recommended in production to specify at least one address in TcpDiscoveryMulticastIpFinder.getAddresses() configuration property)
[15:09:15,727][INFO][disco-notifier-worker-#35][MvccProcessorImpl] Assigned mvcc coordinator [crd=MvccCoordinator [nodeId=a4d353ea-834f-48c3-9587-0c9f5f2843d4, crdVer=1615889355696, topVer=AffinityTopologyVersion [topVer=1, minorTopVer=0]], crdNode=TcpDiscoveryNode [id=a4d353ea-834f-48c3-9587-0c9f5f2843d4, addrs=[0:0:0:0:0:0:0:1, 127.0.0.1, 192.168.0.21], sockAddrs=[DESKTOP-3E2SC7Q/192.168.0.21:47500, /0:0:0:0:0:0:0:1:47500, /127.0.0.1:47500], discPort=47500, order=1, intOrder=1, lastExchangeTime=1615889354110, loc=true, ver=2.7.6#20190911-sha1:21f7ca41, isClient=false]]
[15:09:15,732][WARNING][main][IgniteKernal] Nodes started on local machine require more than 80% of physical RAM what can lead to significant slowdown due to swapping (please decrease JVM heap size, data region size or checkpoint buffer size) [required=1908MB, available=4095MB]
[15:09:15,877][INFO][exchange-worker-#37][time] Started exchange init [topVer=AffinityTopologyVersion [topVer=1, minorTopVer=0], mvccCrd=MvccCoordinator [nodeId=a4d353ea-834f-48c3-9587-0c9f5f2843d4, crdVer=1615889355696, topVer=AffinityTopologyVersion [topVer=1, minorTopVer=0]], mvccCrdChange=true, crd=true, evt=NODE_JOINED, evtNode=a4d353ea-834f-48c3-9587-0c9f5f2843d4, customEvt=null, allowMerge=false]
[15:09:15,949][INFO][exchange-worker-#37][msg] Components activation performed in 70 ms.
[15:09:16,564][INFO][exchange-worker-#37][GridCacheProcessor] Started cache [name=ignite-sys-cache, id=-2100569601, memoryPolicyName=sysMemPlc, mode=REPLICATED, atomicity=TRANSACTIONAL, backups=2147483647, mvcc=false], encryptionEnabled=false]
[15:09:16,565][INFO][exchange-worker-#37][GridCacheProcessor] Starting caches on local join performed in 616 ms.
[15:09:16,581][INFO][exchange-worker-#37][GridDhtPartitionsExchangeFuture] Skipped waiting for partitions release future (local node is joining) [topVer=AffinityTopologyVersion [topVer=1, minorTopVer=0]]
[15:09:16,675][INFO][exchange-worker-#37][GridDhtPartitionsExchangeFuture] finishExchangeOnCoordinator [topVer=AffinityTopologyVersion [topVer=1, minorTopVer=0], resVer=AffinityTopologyVersion [topVer=1, minorTopVer=0]]
[15:09:16,675][INFO][exchange-worker-#37][GridDhtPartitionsExchangeFuture] Affinity changes (coordinator) applied in 0 ms.
[15:09:16,682][INFO][exchange-worker-#37][GridDhtPartitionsExchangeFuture] Partitions validation performed in 7 ms.
[15:09:16,687][INFO][exchange-worker-#37][GridDhtPartitionsExchangeFuture] Partitions assignment performed in 5 ms.
[15:09:16,731][INFO][exchange-worker-#37][GridDhtPartitionsExchangeFuture] Preparing Full Message performed in 29 ms.
[15:09:16,747][INFO][exchange-worker-#37][GridDhtPartitionsExchangeFuture] Sending Full Message to all nodes performed in 0 ms.
[15:09:16,747][INFO][exchange-worker-#37][GridDhtPartitionsExchangeFuture] Finish exchange future [startVer=AffinityTopologyVersion [topVer=1, minorTopVer=0], resVer=AffinityTopologyVersion [topVer=1, minorTopVer=0], err=null]
[15:09:16,749][INFO][exchange-worker-#37][GridDhtPartitionsExchangeFuture] Detecting lost partitions performed in 2 ms.
[15:09:16,750][INFO][exchange-worker-#37][MvccProcessorImpl] Initialize local node as mvcc coordinator [node=a4d353ea-834f-48c3-9587-0c9f5f2843d4, crdVer=1615889355696]
[15:09:16,761][INFO][exchange-worker-#37][GridCacheProcessor] Finish proxy initialization, cacheName=ignite-sys-cache, localNodeId=a4d353ea-834f-48c3-9587-0c9f5f2843d4
[15:09:16,764][INFO][exchange-worker-#37][GridDhtPartitionsExchangeFuture] Completed partition exchange [localNode=a4d353ea-834f-48c3-9587-0c9f5f2843d4, exchange=GridDhtPartitionsExchangeFuture [topVer=AffinityTopologyVersion [topVer=1, minorTopVer=0], evt=NODE_JOINED, evtNode=TcpDiscoveryNode [id=a4d353ea-834f-48c3-9587-0c9f5f2843d4, addrs=[0:0:0:0:0:0:0:1, 127.0.0.1, 192.168.0.21], sockAddrs=[DESKTOP-3E2SC7Q/192.168.0.21:47500, /0:0:0:0:0:0:0:1:47500, /127.0.0.1:47500], discPort=47500, order=1, intOrder=1, lastExchangeTime=1615889354110, loc=true, ver=2.7.6#20190911-sha1:21f7ca41, isClient=false], done=true], topVer=AffinityTopologyVersion [topVer=1, minorTopVer=0], durationFromInit=892]
[15:09:16,764][INFO][exchange-worker-#37][time] Finished exchange init [topVer=AffinityTopologyVersion [topVer=1, minorTopVer=0], crd=true]
[15:09:16,878][INFO][exchange-worker-#37][GridCachePartitionExchangeManager] Skipping rebalancing (nothing scheduled) [top=AffinityTopologyVersion [topVer=1, minorTopVer=0], force=false, evt=NODE_JOINED, node=a4d353ea-834f-48c3-9587-0c9f5f2843d4]
[15:09:17,010][INFO][main][IgniteKernal] Performance suggestions for grid  (fix if possible)
[15:09:17,012][INFO][main][IgniteKernal] To disable, set -DIGNITE_PERFORMANCE_SUGGESTIONS_DISABLED=true
[15:09:17,017][INFO][main][IgniteKernal]   ^-- Enable G1 Garbage Collector (add '-XX:+UseG1GC' to JVM options)
[15:09:17,018][INFO][main][IgniteKernal]   ^-- Set max direct memory size if getting 'OOME: Direct buffer memory' (add '-XX:MaxDirectMemorySize=<size>[g|G|m|M|k|K]' to JVM options)
[15:09:17,022][INFO][main][IgniteKernal]   ^-- Disable processing of calls to System.gc() (add '-XX:+DisableExplicitGC' to JVM options)
[15:09:17,025][INFO][main][IgniteKernal] Refer to this page for more performance suggestions: https://apacheignite.readme.io/docs/jvm-and-system-tuning
[15:09:17,026][INFO][main][IgniteKernal] 
[15:09:17,032][INFO][main][IgniteKernal] To start Console Management & Monitoring run ignitevisorcmd.{sh|bat}
[15:09:17,290][INFO][main][IgniteKernal] Data Regions Configured:
[15:09:17,292][INFO][main][IgniteKernal]   ^-- default [initSize=256.0 MiB, maxSize=819.1 MiB, persistence=false]
[15:09:17,293][INFO][main][IgniteKernal] 

>>> +----------------------------------------------------------------------+
>>> Ignite ver. 2.7.6#20190911-sha1:21f7ca41c4348909e2fd26ccf59b5b2ce1f4474e
>>> +----------------------------------------------------------------------+
>>> OS name: Windows 10 10.0 amd64
>>> CPU(s): 1
>>> Heap: 1.0GB
>>> VM name: 2464@DESKTOP-3E2SC7Q
>>> Local node [ID=A4D353EA-834F-48C3-9587-0C9F5F2843D4, order=1, clientMode=false]
>>> Local node addresses: [DESKTOP-3E2SC7Q/0:0:0:0:0:0:0:1, /127.0.0.1, /192.168.0.21]
>>> Local ports: TCP:8080 TCP:10800 TCP:11211 TCP:47100 UDP:47400 TCP:47500 

[15:09:17,398][INFO][main][GridDiscoveryManager] Topology snapshot [ver=1, locNode=a4d353ea, servers=1, clients=0, state=ACTIVE, CPUs=1, offheap=0.8GB, heap=1.0GB]
[15:10:17,019][INFO][grid-timeout-worker-#23][IgniteKernal] 
Metrics for local node (to disable set 'metricsLogFrequency' to 0)
    ^-- Node [id=a4d353ea, uptime=00:01:00.011]
    ^-- H/N/C [hosts=1, nodes=1, CPUs=1]
    ^-- CPU [cur=11.97%, avg=2.99%, GC=0%]
    ^-- PageMemory [pages=200]
    ^-- Heap [used=89MB, free=90.94%, comm=989MB]
    ^-- Off-heap [used=0MB, free=99.92%, comm=336MB]
    ^--   sysMemPlc region [used=0MB, free=99.21%, comm=40MB]
    ^--   default region [used=0MB, free=100%, comm=256MB]
    ^--   TxLog region [used=0MB, free=100%, comm=40MB]
    ^-- Outbound messages queue [size=0]
    ^-- Public thread pool [active=0, idle=0, qSize=0]
    ^-- System thread pool [active=0, idle=6, qSize=0]
[15:11:17,034][INFO][grid-timeout-worker-#23][IgniteKernal] 
Metrics for local node (to disable set 'metricsLogFrequency' to 0)
    ^-- Node [id=a4d353ea, uptime=00:02:00.034]
    ^-- H/N/C [hosts=1, nodes=1, CPUs=1]
    ^-- CPU [cur=1.57%, avg=1.66%, GC=0%]
    ^-- PageMemory [pages=200]
    ^-- Heap [used=92MB, free=90.61%, comm=989MB]
    ^-- Off-heap [used=0MB, free=99.92%, comm=336MB]
    ^--   sysMemPlc region [used=0MB, free=99.21%, comm=40MB]
    ^--   default region [used=0MB, free=100%, comm=256MB]
    ^--   TxLog region [used=0MB, free=100%, comm=40MB]
    ^-- Outbound messages queue [size=0]
    ^-- Public thread pool [active=0, idle=0, qSize=0]
    ^-- System thread pool [active=0, idle=6, qSize=0]
[15:12:17,047][INFO][grid-timeout-worker-#23][IgniteKernal] 
Metrics for local node (to disable set 'metricsLogFrequency' to 0)
    ^-- Node [id=a4d353ea, uptime=00:03:00.044]
    ^-- H/N/C [hosts=1, nodes=1, CPUs=1]
    ^-- CPU [cur=0%, avg=1.27%, GC=0%]
    ^-- PageMemory [pages=200]
    ^-- Heap [used=97MB, free=90.2%, comm=989MB]
    ^-- Off-heap [used=0MB, free=99.92%, comm=336MB]
    ^--   sysMemPlc region [used=0MB, free=99.21%, comm=40MB]
    ^--   default region [used=0MB, free=100%, comm=256MB]
    ^--   TxLog region [used=0MB, free=100%, comm=40MB]
    ^-- Outbound messages queue [size=0]
    ^-- Public thread pool [active=0, idle=0, qSize=0]
    ^-- System thread pool [active=0, idle=6, qSize=0]
[15:13:17,051][INFO][grid-timeout-worker-#23][IgniteKernal] 
Metrics for local node (to disable set 'metricsLogFrequency' to 0)
    ^-- Node [id=a4d353ea, uptime=00:04:00.050]
    ^-- H/N/C [hosts=1, nodes=1, CPUs=1]
    ^-- CPU [cur=0%, avg=0.99%, GC=0%]
    ^-- PageMemory [pages=200]
    ^-- Heap [used=100MB, free=89.82%, comm=989MB]
    ^-- Off-heap [used=0MB, free=99.92%, comm=336MB]
    ^--   sysMemPlc region [used=0MB, free=99.21%, comm=40MB]
    ^--   default region [used=0MB, free=100%, comm=256MB]
    ^--   TxLog region [used=0MB, free=100%, comm=40MB]
    ^-- Outbound messages queue [size=0]
    ^-- Public thread pool [active=0, idle=0, qSize=0]
    ^-- System thread pool [active=0, idle=6, qSize=0]
[15:14:17,050][INFO][grid-timeout-worker-#23][IgniteKernal] 
Metrics for local node (to disable set 'metricsLogFrequency' to 0)
    ^-- Node [id=a4d353ea, uptime=00:05:00.054]
    ^-- H/N/C [hosts=1, nodes=1, CPUs=1]
    ^-- CPU [cur=0%, avg=0.84%, GC=0%]
    ^-- PageMemory [pages=200]
    ^-- Heap [used=104MB, free=89.43%, comm=989MB]
    ^-- Off-heap [used=0MB, free=99.92%, comm=336MB]
    ^--   sysMemPlc region [used=0MB, free=99.21%, comm=40MB]
    ^--   default region [used=0MB, free=100%, comm=256MB]
    ^--   TxLog region [used=0MB, free=100%, comm=40MB]
    ^-- Outbound messages queue [size=0]
    ^-- Public thread pool [active=0, idle=0, qSize=0]
    ^-- System thread pool [active=0, idle=6, qSize=0]
[15:15:17,053][INFO][grid-timeout-worker-#23][IgniteKernal] 
Metrics for local node (to disable set 'metricsLogFrequency' to 0)
    ^-- Node [id=a4d353ea, uptime=00:06:00.056]
    ^-- H/N/C [hosts=1, nodes=1, CPUs=1]
    ^-- CPU [cur=0%, avg=0.74%, GC=0%]
    ^-- PageMemory [pages=200]
    ^-- Heap [used=107MB, free=89.1%, comm=989MB]
    ^-- Off-heap [used=0MB, free=99.92%, comm=336MB]
    ^--   sysMemPlc region [used=0MB, free=99.21%, comm=40MB]
    ^--   default region [used=0MB, free=100%, comm=256MB]
    ^--   TxLog region [used=0MB, free=100%, comm=40MB]
    ^-- Outbound messages queue [size=0]
    ^-- Public thread pool [active=0, idle=0, qSize=0]
    ^-- System thread pool [active=0, idle=6, qSize=0]
[15:16:17,057][INFO][grid-timeout-worker-#23][IgniteKernal] 
Metrics for local node (to disable set 'metricsLogFrequency' to 0)
    ^-- Node [id=a4d353ea, uptime=00:07:00.059]
    ^-- H/N/C [hosts=1, nodes=1, CPUs=1]
    ^-- CPU [cur=0%, avg=0.64%, GC=0%]
    ^-- PageMemory [pages=200]
    ^-- Heap [used=111MB, free=88.75%, comm=989MB]
    ^-- Off-heap [used=0MB, free=99.92%, comm=336MB]
    ^--   sysMemPlc region [used=0MB, free=99.21%, comm=40MB]
    ^--   default region [used=0MB, free=100%, comm=256MB]
    ^--   TxLog region [used=0MB, free=100%, comm=40MB]
    ^-- Outbound messages queue [size=0]
    ^-- Public thread pool [active=0, idle=0, qSize=0]
    ^-- System thread pool [active=0, idle=6, qSize=0]
[15:17:17,066][INFO][grid-timeout-worker-#23][IgniteKernal] 
Metrics for local node (to disable set 'metricsLogFrequency' to 0)
    ^-- Node [id=a4d353ea, uptime=00:08:00.068]
    ^-- H/N/C [hosts=1, nodes=1, CPUs=1]
    ^-- CPU [cur=0.53%, avg=0.62%, GC=0%]
    ^-- PageMemory [pages=200]
    ^-- Heap [used=115MB, free=88.36%, comm=989MB]
    ^-- Off-heap [used=0MB, free=99.92%, comm=336MB]
    ^--   sysMemPlc region [used=0MB, free=99.21%, comm=40MB]
    ^--   default region [used=0MB, free=100%, comm=256MB]
    ^--   TxLog region [used=0MB, free=100%, comm=40MB]
    ^-- Outbound messages queue [size=0]
    ^-- Public thread pool [active=0, idle=0, qSize=0]
    ^-- System thread pool [active=0, idle=6, qSize=0]
[15:18:17,073][INFO][grid-timeout-worker-#23][IgniteKernal] 
Metrics for local node (to disable set 'metricsLogFrequency' to 0)
    ^-- Node [id=a4d353ea, uptime=00:09:00.077]
    ^-- H/N/C [hosts=1, nodes=1, CPUs=1]
    ^-- CPU [cur=0%, avg=0.57%, GC=0%]
    ^-- PageMemory [pages=200]
    ^-- Heap [used=118MB, free=88.02%, comm=989MB]
    ^-- Off-heap [used=0MB, free=99.92%, comm=336MB]
    ^--   sysMemPlc region [used=0MB, free=99.21%, comm=40MB]
    ^--   default region [used=0MB, free=100%, comm=256MB]
    ^--   TxLog region [used=0MB, free=100%, comm=40MB]
    ^-- Outbound messages queue [size=0]
    ^-- Public thread pool [active=0, idle=0, qSize=0]
    ^-- System thread pool [active=0, idle=5, qSize=0]
[15:18:49,643][WARNING][jvm-pause-detector-worker][IgniteKernal] Possible too long JVM pause: 815 milliseconds.
[15:19:17,103][INFO][grid-timeout-worker-#23][IgniteKernal] 
Metrics for local node (to disable set 'metricsLogFrequency' to 0)
    ^-- Node [id=a4d353ea, uptime=00:10:00.078]
    ^-- H/N/C [hosts=1, nodes=1, CPUs=1]
    ^-- CPU [cur=0%, avg=0.54%, GC=0%]
    ^-- PageMemory [pages=200]
    ^-- Heap [used=127MB, free=87.09%, comm=989MB]
    ^-- Off-heap [used=0MB, free=99.92%, comm=336MB]
    ^--   sysMemPlc region [used=0MB, free=99.21%, comm=40MB]
    ^--   default region [used=0MB, free=100%, comm=256MB]
    ^--   TxLog region [used=0MB, free=100%, comm=40MB]
    ^-- Outbound messages queue [size=0]
    ^-- Public thread pool [active=0, idle=0, qSize=0]
    ^-- System thread pool [active=0, idle=5, qSize=0]
[15:20:17,112][INFO][grid-timeout-worker-#23][IgniteKernal] 
Metrics for local node (to disable set 'metricsLogFrequency' to 0)
    ^-- Node [id=a4d353ea, uptime=00:11:00.111]
    ^-- H/N/C [hosts=1, nodes=1, CPUs=1]
    ^-- CPU [cur=0%, avg=0.51%, GC=0%]
    ^-- PageMemory [pages=200]
    ^-- Heap [used=131MB, free=86.69%, comm=989MB]
    ^-- Off-heap [used=0MB, free=99.92%, comm=336MB]
    ^--   sysMemPlc region [used=0MB, free=99.21%, comm=40MB]
    ^--   default region [used=0MB, free=100%, comm=256MB]
    ^--   TxLog region [used=0MB, free=100%, comm=40MB]
    ^-- Outbound messages queue [size=0]
    ^-- Public thread pool [active=0, idle=0, qSize=0]
    ^-- System thread pool [active=0, idle=6, qSize=0]
[15:21:17,117][INFO][grid-timeout-worker-#23][IgniteKernal] 
Metrics for local node (to disable set 'metricsLogFrequency' to 0)
    ^-- Node [id=a4d353ea, uptime=00:12:00.121]
    ^-- H/N/C [hosts=1, nodes=1, CPUs=1]
    ^-- CPU [cur=0%, avg=0.47%, GC=0%]
    ^-- PageMemory [pages=200]
    ^-- Heap [used=135MB, free=86.36%, comm=989MB]
    ^-- Off-heap [used=0MB, free=99.92%, comm=336MB]
    ^--   sysMemPlc region [used=0MB, free=99.21%, comm=40MB]
    ^--   default region [used=0MB, free=100%, comm=256MB]
    ^--   TxLog region [used=0MB, free=100%, comm=40MB]
    ^-- Outbound messages queue [size=0]
    ^-- Public thread pool [active=0, idle=0, qSize=0]
    ^-- System thread pool [active=0, idle=6, qSize=0]
[15:22:17,127][INFO][grid-timeout-worker-#23][IgniteKernal] 
Metrics for local node (to disable set 'metricsLogFrequency' to 0)
    ^-- Node [id=a4d353ea, uptime=00:13:00.130]
    ^-- H/N/C [hosts=1, nodes=1, CPUs=1]
    ^-- CPU [cur=0%, avg=0.46%, GC=0%]
    ^-- PageMemory [pages=200]
    ^-- Heap [used=138MB, free=85.98%, comm=989MB]
    ^-- Off-heap [used=0MB, free=99.92%, comm=336MB]
    ^--   sysMemPlc region [used=0MB, free=99.21%, comm=40MB]
    ^--   default region [used=0MB, free=100%, comm=256MB]
    ^--   TxLog region [used=0MB, free=100%, comm=40MB]
    ^-- Outbound messages queue [size=0]
    ^-- Public thread pool [active=0, idle=0, qSize=0]
    ^-- System thread pool [active=0, idle=6, qSize=0]
[15:23:17,129][INFO][grid-timeout-worker-#23][IgniteKernal] 
Metrics for local node (to disable set 'metricsLogFrequency' to 0)
    ^-- Node [id=a4d353ea, uptime=00:14:00.131]
    ^-- H/N/C [hosts=1, nodes=1, CPUs=1]
    ^-- CPU [cur=0%, avg=0.44%, GC=0%]
    ^-- PageMemory [pages=200]
    ^-- Heap [used=142MB, free=85.58%, comm=989MB]
    ^-- Off-heap [used=0MB, free=99.92%, comm=336MB]
    ^--   sysMemPlc region [used=0MB, free=99.21%, comm=40MB]
    ^--   default region [used=0MB, free=100%, comm=256MB]
    ^--   TxLog region [used=0MB, free=100%, comm=40MB]
    ^-- Outbound messages queue [size=0]
    ^-- Public thread pool [active=0, idle=0, qSize=0]
    ^-- System thread pool [active=0, idle=6, qSize=0]
[15:24:17,136][INFO][grid-timeout-worker-#23][IgniteKernal] 
Metrics for local node (to disable set 'metricsLogFrequency' to 0)
    ^-- Node [id=a4d353ea, uptime=00:15:00.136]
    ^-- H/N/C [hosts=1, nodes=1, CPUs=1]
    ^-- CPU [cur=0%, avg=0.41%, GC=0%]
    ^-- PageMemory [pages=200]
    ^-- Heap [used=146MB, free=85.25%, comm=989MB]
    ^-- Off-heap [used=0MB, free=99.92%, comm=336MB]
    ^--   sysMemPlc region [used=0MB, free=99.21%, comm=40MB]
    ^--   default region [used=0MB, free=100%, comm=256MB]
    ^--   TxLog region [used=0MB, free=100%, comm=40MB]
    ^-- Outbound messages queue [size=0]
    ^-- Public thread pool [active=0, idle=0, qSize=0]
    ^-- System thread pool [active=0, idle=6, qSize=0]
[15:25:17,145][INFO][grid-timeout-worker-#23][IgniteKernal] 
Metrics for local node (to disable set 'metricsLogFrequency' to 0)
    ^-- Node [id=a4d353ea, uptime=00:16:00.145]
    ^-- H/N/C [hosts=1, nodes=1, CPUs=1]
    ^-- CPU [cur=0%, avg=0.4%, GC=0%]
    ^-- PageMemory [pages=200]
    ^-- Heap [used=149MB, free=84.9%, comm=989MB]
    ^-- Off-heap [used=0MB, free=99.92%, comm=336MB]
    ^--   sysMemPlc region [used=0MB, free=99.21%, comm=40MB]
    ^--   default region [used=0MB, free=100%, comm=256MB]
    ^--   TxLog region [used=0MB, free=100%, comm=40MB]
    ^-- Outbound messages queue [size=0]
    ^-- Public thread pool [active=0, idle=0, qSize=0]
    ^-- System thread pool [active=0, idle=6, qSize=0]
[15:26:17,148][INFO][grid-timeout-worker-#23][IgniteKernal] 
Metrics for local node (to disable set 'metricsLogFrequency' to 0)
    ^-- Node [id=a4d353ea, uptime=00:17:00.145]
    ^-- H/N/C [hosts=1, nodes=1, CPUs=1]
    ^-- CPU [cur=0%, avg=0.4%, GC=0%]
    ^-- PageMemory [pages=200]
    ^-- Heap [used=152MB, free=84.55%, comm=989MB]
    ^-- Off-heap [used=0MB, free=99.92%, comm=336MB]
    ^--   sysMemPlc region [used=0MB, free=99.21%, comm=40MB]
    ^--   default region [used=0MB, free=100%, comm=256MB]
    ^--   TxLog region [used=0MB, free=100%, comm=40MB]
    ^-- Outbound messages queue [size=0]
    ^-- Public thread pool [active=0, idle=0, qSize=0]
    ^-- System thread pool [active=0, idle=6, qSize=0]
[15:27:17,145][INFO][grid-timeout-worker-#23][IgniteKernal] 
Metrics for local node (to disable set 'metricsLogFrequency' to 0)
    ^-- Node [id=a4d353ea, uptime=00:18:00.147]
    ^-- H/N/C [hosts=1, nodes=1, CPUs=1]
    ^-- CPU [cur=0%, avg=0.38%, GC=0%]
    ^-- PageMemory [pages=200]
    ^-- Heap [used=157MB, free=84.13%, comm=989MB]
    ^-- Off-heap [used=0MB, free=99.92%, comm=336MB]
    ^--   sysMemPlc region [used=0MB, free=99.21%, comm=40MB]
    ^--   default region [used=0MB, free=100%, comm=256MB]
    ^--   TxLog region [used=0MB, free=100%, comm=40MB]
    ^-- Outbound messages queue [size=0]
    ^-- Public thread pool [active=0, idle=0, qSize=0]
    ^-- System thread pool [active=0, idle=6, qSize=0]
[15:28:17,151][INFO][grid-timeout-worker-#23][IgniteKernal] 
Metrics for local node (to disable set 'metricsLogFrequency' to 0)
    ^-- Node [id=a4d353ea, uptime=00:19:00.152]
    ^-- H/N/C [hosts=1, nodes=1, CPUs=1]
    ^-- CPU [cur=0%, avg=0.37%, GC=0%]
    ^-- PageMemory [pages=200]
    ^-- Heap [used=160MB, free=83.79%, comm=989MB]
    ^-- Off-heap [used=0MB, free=99.92%, comm=336MB]
    ^--   sysMemPlc region [used=0MB, free=99.21%, comm=40MB]
    ^--   default region [used=0MB, free=100%, comm=256MB]
    ^--   TxLog region [used=0MB, free=100%, comm=40MB]
    ^-- Outbound messages queue [size=0]
    ^-- Public thread pool [active=0, idle=0, qSize=0]
    ^-- System thread pool [active=0, idle=6, qSize=0]
[15:29:17,163][INFO][grid-timeout-worker-#23][IgniteKernal] 
Metrics for local node (to disable set 'metricsLogFrequency' to 0)
    ^-- Node [id=a4d353ea, uptime=00:20:00.159]
    ^-- H/N/C [hosts=1, nodes=1, CPUs=1]
    ^-- CPU [cur=0%, avg=0.36%, GC=0%]
    ^-- PageMemory [pages=200]
    ^-- Heap [used=163MB, free=83.48%, comm=989MB]
    ^-- Off-heap [used=0MB, free=99.92%, comm=336MB]
    ^--   sysMemPlc region [used=0MB, free=99.21%, comm=40MB]
    ^--   default region [used=0MB, free=100%, comm=256MB]
    ^--   TxLog region [used=0MB, free=100%, comm=40MB]
    ^-- Outbound messages queue [size=0]
    ^-- Public thread pool [active=0, idle=0, qSize=0]
    ^-- System thread pool [active=0, idle=6, qSize=0]
[15:30:17,164][INFO][grid-timeout-worker-#23][IgniteKernal] 
Metrics for local node (to disable set 'metricsLogFrequency' to 0)
    ^-- Node [id=a4d353ea, uptime=00:21:00.164]
    ^-- H/N/C [hosts=1, nodes=1, CPUs=1]
    ^-- CPU [cur=0%, avg=0.36%, GC=0%]
    ^-- PageMemory [pages=200]
    ^-- Heap [used=167MB, free=83.09%, comm=989MB]
    ^-- Off-heap [used=0MB, free=99.92%, comm=336MB]
    ^--   sysMemPlc region [used=0MB, free=99.21%, comm=40MB]
    ^--   default region [used=0MB, free=100%, comm=256MB]
    ^--   TxLog region [used=0MB, free=100%, comm=40MB]
    ^-- Outbound messages queue [size=0]
    ^-- Public thread pool [active=0, idle=0, qSize=0]
    ^-- System thread pool [active=0, idle=6, qSize=0]
[15:31:17,171][INFO][grid-timeout-worker-#23][IgniteKernal] 
Metrics for local node (to disable set 'metricsLogFrequency' to 0)
    ^-- Node [id=a4d353ea, uptime=00:22:00.172]
    ^-- H/N/C [hosts=1, nodes=1, CPUs=1]
    ^-- CPU [cur=0%, avg=0.35%, GC=0%]
    ^-- PageMemory [pages=200]
    ^-- Heap [used=171MB, free=82.72%, comm=989MB]
    ^-- Off-heap [used=0MB, free=99.92%, comm=336MB]
    ^--   sysMemPlc region [used=0MB, free=99.21%, comm=40MB]
    ^--   default region [used=0MB, free=100%, comm=256MB]
    ^--   TxLog region [used=0MB, free=100%, comm=40MB]
    ^-- Outbound messages queue [size=0]
    ^-- Public thread pool [active=0, idle=0, qSize=0]
    ^-- System thread pool [active=0, idle=6, qSize=0]
[15:32:17,175][INFO][grid-timeout-worker-#23][IgniteKernal] 
Metrics for local node (to disable set 'metricsLogFrequency' to 0)
    ^-- Node [id=a4d353ea, uptime=00:23:00.176]
    ^-- H/N/C [hosts=1, nodes=1, CPUs=1]
    ^-- CPU [cur=0%, avg=0.35%, GC=0%]
    ^-- PageMemory [pages=200]
    ^-- Heap [used=174MB, free=82.37%, comm=989MB]
    ^-- Off-heap [used=0MB, free=99.92%, comm=336MB]
    ^--   sysMemPlc region [used=0MB, free=99.21%, comm=40MB]
    ^--   default region [used=0MB, free=100%, comm=256MB]
    ^--   TxLog region [used=0MB, free=100%, comm=40MB]
    ^-- Outbound messages queue [size=0]
    ^-- Public thread pool [active=0, idle=0, qSize=0]
    ^-- System thread pool [active=0, idle=6, qSize=0]
[15:33:17,183][INFO][grid-timeout-worker-#23][IgniteKernal] 
Metrics for local node (to disable set 'metricsLogFrequency' to 0)
    ^-- Node [id=a4d353ea, uptime=00:24:00.185]
    ^-- H/N/C [hosts=1, nodes=1, CPUs=1]
    ^-- CPU [cur=0%, avg=0.35%, GC=0%]
    ^-- PageMemory [pages=200]
    ^-- Heap [used=178MB, free=81.97%, comm=989MB]
    ^-- Off-heap [used=0MB, free=99.92%, comm=336MB]
    ^--   sysMemPlc region [used=0MB, free=99.21%, comm=40MB]
    ^--   default region [used=0MB, free=100%, comm=256MB]
    ^--   TxLog region [used=0MB, free=100%, comm=40MB]
    ^-- Outbound messages queue [size=0]
    ^-- Public thread pool [active=0, idle=0, qSize=0]
    ^-- System thread pool [active=0, idle=6, qSize=0]
[15:34:17,182][INFO][grid-timeout-worker-#23][IgniteKernal] 
Metrics for local node (to disable set 'metricsLogFrequency' to 0)
    ^-- Node [id=a4d353ea, uptime=00:25:00.185]
    ^-- H/N/C [hosts=1, nodes=1, CPUs=1]
    ^-- CPU [cur=0%, avg=0.34%, GC=0%]
    ^-- PageMemory [pages=200]
    ^-- Heap [used=181MB, free=81.64%, comm=989MB]
    ^-- Off-heap [used=0MB, free=99.92%, comm=336MB]
    ^--   sysMemPlc region [used=0MB, free=99.21%, comm=40MB]
    ^--   default region [used=0MB, free=100%, comm=256MB]
    ^--   TxLog region [used=0MB, free=100%, comm=40MB]
    ^-- Outbound messages queue [size=0]
    ^-- Public thread pool [active=0, idle=0, qSize=0]
    ^-- System thread pool [active=0, idle=6, qSize=0]
[15:34:53,959][WARNING][jvm-pause-detector-worker][IgniteKernal] Possible too long JVM pause: 765 milliseconds.
[15:35:17,199][INFO][grid-timeout-worker-#23][IgniteKernal] 
Metrics for local node (to disable set 'metricsLogFrequency' to 0)
    ^-- Node [id=a4d353ea, uptime=00:26:00.194]
    ^-- H/N/C [hosts=1, nodes=1, CPUs=1]
    ^-- CPU [cur=0%, avg=0.33%, GC=0%]
    ^-- PageMemory [pages=200]
    ^-- Heap [used=185MB, free=81.3%, comm=989MB]
    ^-- Off-heap [used=0MB, free=99.92%, comm=336MB]
    ^--   sysMemPlc region [used=0MB, free=99.21%, comm=40MB]
    ^--   default region [used=0MB, free=100%, comm=256MB]
    ^--   TxLog region [used=0MB, free=100%, comm=40MB]
    ^-- Outbound messages queue [size=0]
    ^-- Public thread pool [active=0, idle=0, qSize=0]
    ^-- System thread pool [active=0, idle=6, qSize=0]
[15:36:17,211][INFO][grid-timeout-worker-#23][IgniteKernal] 
Metrics for local node (to disable set 'metricsLogFrequency' to 0)
    ^-- Node [id=a4d353ea, uptime=00:27:00.210]
    ^-- H/N/C [hosts=1, nodes=1, CPUs=1]
    ^-- CPU [cur=0%, avg=0.33%, GC=0%]
    ^-- PageMemory [pages=200]
    ^-- Heap [used=189MB, free=80.86%, comm=989MB]
    ^-- Off-heap [used=0MB, free=99.92%, comm=336MB]
    ^--   sysMemPlc region [used=0MB, free=99.21%, comm=40MB]
    ^--   default region [used=0MB, free=100%, comm=256MB]
    ^--   TxLog region [used=0MB, free=100%, comm=40MB]
    ^-- Outbound messages queue [size=0]
    ^-- Public thread pool [active=0, idle=0, qSize=0]
    ^-- System thread pool [active=0, idle=6, qSize=0]
[15:37:17,215][INFO][grid-timeout-worker-#23][IgniteKernal] 
Metrics for local node (to disable set 'metricsLogFrequency' to 0)
    ^-- Node [id=a4d353ea, uptime=00:28:00.218]
    ^-- H/N/C [hosts=1, nodes=1, CPUs=1]
    ^-- CPU [cur=0%, avg=0.33%, GC=0%]
    ^-- PageMemory [pages=200]
    ^-- Heap [used=192MB, free=80.53%, comm=989MB]
    ^-- Off-heap [used=0MB, free=99.92%, comm=336MB]
    ^--   sysMemPlc region [used=0MB, free=99.21%, comm=40MB]
    ^--   default region [used=0MB, free=100%, comm=256MB]
    ^--   TxLog region [used=0MB, free=100%, comm=40MB]
    ^-- Outbound messages queue [size=0]
    ^-- Public thread pool [active=0, idle=0, qSize=0]
    ^-- System thread pool [active=0, idle=6, qSize=0]
[15:38:17,225][INFO][grid-timeout-worker-#23][IgniteKernal] 
Metrics for local node (to disable set 'metricsLogFrequency' to 0)
    ^-- Node [id=a4d353ea, uptime=00:29:00.225]
    ^-- H/N/C [hosts=1, nodes=1, CPUs=1]
    ^-- CPU [cur=0%, avg=0.33%, GC=0%]
    ^-- PageMemory [pages=200]
    ^-- Heap [used=196MB, free=80.19%, comm=989MB]
    ^-- Off-heap [used=0MB, free=99.92%, comm=336MB]
    ^--   sysMemPlc region [used=0MB, free=99.21%, comm=40MB]
    ^--   default region [used=0MB, free=100%, comm=256MB]
    ^--   TxLog region [used=0MB, free=100%, comm=40MB]
    ^-- Outbound messages queue [size=0]
    ^-- Public thread pool [active=0, idle=0, qSize=0]
    ^-- System thread pool [active=0, idle=6, qSize=0]
[15:39:17,226][INFO][grid-timeout-worker-#23][IgniteKernal] 
Metrics for local node (to disable set 'metricsLogFrequency' to 0)
    ^-- Node [id=a4d353ea, uptime=00:30:00.228]
    ^-- H/N/C [hosts=1, nodes=1, CPUs=1]
    ^-- CPU [cur=0%, avg=0.33%, GC=0%]
    ^-- PageMemory [pages=200]
    ^-- Heap [used=199MB, free=79.83%, comm=989MB]
    ^-- Off-heap [used=0MB, free=99.92%, comm=336MB]
    ^--   sysMemPlc region [used=0MB, free=99.21%, comm=40MB]
    ^--   default region [used=0MB, free=100%, comm=256MB]
    ^--   TxLog region [used=0MB, free=100%, comm=40MB]
    ^-- Outbound messages queue [size=0]
    ^-- Public thread pool [active=0, idle=0, qSize=0]
    ^-- System thread pool [active=0, idle=6, qSize=0]
[15:39:27,370][INFO][tcp-disco-srvr-#3][TcpDiscoverySpi] TCP discovery accepted incoming connection [rmtAddr=/127.0.0.1, rmtPort=63448]
[15:39:27,387][INFO][tcp-disco-srvr-#3][TcpDiscoverySpi] TCP discovery spawning a new thread for connection [rmtAddr=/127.0.0.1, rmtPort=63448]
[15:39:27,394][INFO][tcp-disco-sock-reader-#6][TcpDiscoverySpi] Started serving remote node connection [rmtAddr=/127.0.0.1:63448, rmtPort=63448]
[15:39:27,914][INFO][disco-event-worker-#36][GridDiscoveryManager] Added new node to topology: TcpDiscoveryNode [id=e068b7cd-61b6-44e3-9085-d80f0d74ddd7, addrs=[0:0:0:0:0:0:0:1, 127.0.0.1, 192.168.0.21], sockAddrs=[DESKTOP-3E2SC7Q/192.168.0.21:0, /0:0:0:0:0:0:0:1:0, /127.0.0.1:0], discPort=0, order=2, intOrder=2, lastExchangeTime=1615891167474, loc=false, ver=2.7.6#20190911-sha1:21f7ca41, isClient=true]
[15:39:27,970][WARNING][jvm-pause-detector-worker][IgniteKernal] Possible too long JVM pause: 557 milliseconds.
[15:39:27,974][INFO][disco-event-worker-#36][GridDiscoveryManager] Topology snapshot [ver=2, locNode=a4d353ea, servers=1, clients=1, state=ACTIVE, CPUs=1, offheap=0.8GB, heap=2.0GB]
[15:39:27,975][INFO][exchange-worker-#37][time] Started exchange init [topVer=AffinityTopologyVersion [topVer=2, minorTopVer=0], mvccCrd=MvccCoordinator [nodeId=a4d353ea-834f-48c3-9587-0c9f5f2843d4, crdVer=1615889355696, topVer=AffinityTopologyVersion [topVer=1, minorTopVer=0]], mvccCrdChange=false, crd=true, evt=NODE_JOINED, evtNode=e068b7cd-61b6-44e3-9085-d80f0d74ddd7, customEvt=null, allowMerge=true]
[15:39:27,980][INFO][exchange-worker-#37][GridDhtPartitionsExchangeFuture] Finish exchange future [startVer=AffinityTopologyVersion [topVer=2, minorTopVer=0], resVer=AffinityTopologyVersion [topVer=2, minorTopVer=0], err=null]
[15:39:27,985][INFO][exchange-worker-#37][GridDhtPartitionsExchangeFuture] Completed partition exchange [localNode=a4d353ea-834f-48c3-9587-0c9f5f2843d4, exchange=GridDhtPartitionsExchangeFuture [topVer=AffinityTopologyVersion [topVer=2, minorTopVer=0], evt=NODE_JOINED, evtNode=TcpDiscoveryNode [id=e068b7cd-61b6-44e3-9085-d80f0d74ddd7, addrs=[0:0:0:0:0:0:0:1, 127.0.0.1, 192.168.0.21], sockAddrs=[DESKTOP-3E2SC7Q/192.168.0.21:0, /0:0:0:0:0:0:0:1:0, /127.0.0.1:0], discPort=0, order=2, intOrder=2, lastExchangeTime=1615891167474, loc=false, ver=2.7.6#20190911-sha1:21f7ca41, isClient=true], done=true], topVer=AffinityTopologyVersion [topVer=2, minorTopVer=0], durationFromInit=11]
[15:39:27,985][INFO][exchange-worker-#37][time] Finished exchange init [topVer=AffinityTopologyVersion [topVer=2, minorTopVer=0], crd=true]
[15:39:27,989][INFO][exchange-worker-#37][GridCachePartitionExchangeManager] Skipping rebalancing (nothing scheduled) [top=AffinityTopologyVersion [topVer=2, minorTopVer=0], force=false, evt=NODE_JOINED, node=e068b7cd-61b6-44e3-9085-d80f0d74ddd7]
[15:39:28,495][INFO][grid-nio-worker-tcp-comm-0-#24][TcpCommunicationSpi] Accepted incoming communication connection [locAddr=/127.0.0.1:47100, rmtAddr=/127.0.0.1:63449]
[15:39:29,302][INFO][exchange-worker-#37][time] Started exchange init [topVer=AffinityTopologyVersion [topVer=2, minorTopVer=1], mvccCrd=MvccCoordinator [nodeId=a4d353ea-834f-48c3-9587-0c9f5f2843d4, crdVer=1615889355696, topVer=AffinityTopologyVersion [topVer=1, minorTopVer=0]], mvccCrdChange=false, crd=true, evt=DISCOVERY_CUSTOM_EVT, evtNode=e068b7cd-61b6-44e3-9085-d80f0d74ddd7, customEvt=DynamicCacheChangeBatch [id=1e86e9a3871-c134f13c-bfc3-4ece-8404-9ed041ffad60, reqs=[DynamicCacheChangeRequest [cacheName=Orders, hasCfg=true, nodeId=e068b7cd-61b6-44e3-9085-d80f0d74ddd7, clientStartOnly=false, stop=false, destroy=false, disabledAfterStartfalse]], exchangeActions=ExchangeActions [startCaches=[Orders], stopCaches=null, startGrps=[Orders], stopGrps=[], resetParts=null, stateChangeRequest=null], startCaches=false], allowMerge=false]
[15:39:29,305][INFO][exchange-worker-#37][CacheAffinitySharedManager] Updating caches registry performed in 3 ms.
[15:39:29,533][INFO][exchange-worker-#37][GridCacheProcessor] Started cache [name=Orders, id=-1924903163, memoryPolicyName=default, mode=PARTITIONED, atomicity=ATOMIC, backups=0, mvcc=false], encryptionEnabled=false]
[15:39:29,536][INFO][exchange-worker-#37][CacheAffinitySharedManager] Caches starting performed in 231 ms.
[15:39:29,543][INFO][exchange-worker-#37][CacheAffinitySharedManager] Affinity initialization for started caches performed in 7 ms.
[15:39:29,564][INFO][exchange-worker-#37][GridDhtPartitionsExchangeFuture] Finished waiting for partition release future [topVer=AffinityTopologyVersion [topVer=2, minorTopVer=1], waitTime=0ms, futInfo=NA, mode=DISTRIBUTED]
[15:39:29,570][INFO][exchange-worker-#37][GridDhtPartitionsExchangeFuture] Finished waiting for partitions release latch: ServerLatch [permits=0, pendingAcks=[], super=CompletableLatch [id=exchange, topVer=AffinityTopologyVersion [topVer=2, minorTopVer=1]]]
[15:39:29,570][INFO][exchange-worker-#37][GridDhtPartitionsExchangeFuture] Finished waiting for partition release future [topVer=AffinityTopologyVersion [topVer=2, minorTopVer=1], waitTime=0ms, futInfo=NA, mode=LOCAL]
[15:39:29,733][INFO][exchange-worker-#37][GridDhtPartitionsExchangeFuture] finishExchangeOnCoordinator [topVer=AffinityTopologyVersion [topVer=2, minorTopVer=1], resVer=AffinityTopologyVersion [topVer=2, minorTopVer=1]]
[15:39:29,733][INFO][exchange-worker-#37][GridDhtPartitionsExchangeFuture] Affinity changes (coordinator) applied in 0 ms.
[15:39:29,735][INFO][exchange-worker-#37][GridDhtPartitionsExchangeFuture] Partitions validation performed in 1 ms.
[15:39:29,748][INFO][exchange-worker-#37][GridDhtPartitionsExchangeFuture] Partitions assignment performed in 13 ms.
[15:39:29,786][INFO][exchange-worker-#37][GridDhtPartitionsExchangeFuture] Preparing Full Message performed in 25 ms.
[15:39:29,786][INFO][exchange-worker-#37][GridDhtPartitionsExchangeFuture] Sending Full Message to all nodes performed in 0 ms.
[15:39:29,787][INFO][exchange-worker-#37][GridDhtPartitionsExchangeFuture] Finish exchange future [startVer=AffinityTopologyVersion [topVer=2, minorTopVer=1], resVer=AffinityTopologyVersion [topVer=2, minorTopVer=1], err=null]
[15:39:29,793][INFO][exchange-worker-#37][GridCacheProcessor] Finish proxy initialization, cacheName=Orders, localNodeId=a4d353ea-834f-48c3-9587-0c9f5f2843d4
[15:39:29,793][INFO][exchange-worker-#37][GridDhtPartitionsExchangeFuture] Completed partition exchange [localNode=a4d353ea-834f-48c3-9587-0c9f5f2843d4, exchange=GridDhtPartitionsExchangeFuture [topVer=AffinityTopologyVersion [topVer=2, minorTopVer=1], evt=DISCOVERY_CUSTOM_EVT, evtNode=TcpDiscoveryNode [id=e068b7cd-61b6-44e3-9085-d80f0d74ddd7, addrs=[0:0:0:0:0:0:0:1, 127.0.0.1, 192.168.0.21], sockAddrs=[DESKTOP-3E2SC7Q/192.168.0.21:0, /0:0:0:0:0:0:0:1:0, /127.0.0.1:0], discPort=0, order=2, intOrder=2, lastExchangeTime=1615891167474, loc=false, ver=2.7.6#20190911-sha1:21f7ca41, isClient=true], done=true], topVer=AffinityTopologyVersion [topVer=2, minorTopVer=1], durationFromInit=487]
[15:39:29,793][INFO][exchange-worker-#37][time] Finished exchange init [topVer=AffinityTopologyVersion [topVer=2, minorTopVer=1], crd=true]
[15:39:29,818][INFO][exchange-worker-#37][GridCachePartitionExchangeManager] Skipping rebalancing (nothing scheduled) [top=AffinityTopologyVersion [topVer=2, minorTopVer=1], force=false, evt=DISCOVERY_CUSTOM_EVT, node=e068b7cd-61b6-44e3-9085-d80f0d74ddd7]
[15:39:29,902][INFO][sys-#214][GridCachePartitionExchangeManager] Fast replied to single message [exchId=GridDhtPartitionExchangeId [topVer=AffinityTopologyVersion [topVer=2, minorTopVer=1], discoEvt=null, nodeId=e068b7cd, evt=DISCOVERY_CUSTOM_EVT], nodeId=e068b7cd-61b6-44e3-9085-d80f0d74ddd7]
[15:39:30,260][INFO][exchange-worker-#37][time] Started exchange init [topVer=AffinityTopologyVersion [topVer=2, minorTopVer=2], mvccCrd=MvccCoordinator [nodeId=a4d353ea-834f-48c3-9587-0c9f5f2843d4, crdVer=1615889355696, topVer=AffinityTopologyVersion [topVer=1, minorTopVer=0]], mvccCrdChange=false, crd=true, evt=DISCOVERY_CUSTOM_EVT, evtNode=e068b7cd-61b6-44e3-9085-d80f0d74ddd7, customEvt=DynamicCacheChangeBatch [id=9e86e9a3871-c134f13c-bfc3-4ece-8404-9ed041ffad60, reqs=[DynamicCacheChangeRequest [cacheName=Executions, hasCfg=true, nodeId=e068b7cd-61b6-44e3-9085-d80f0d74ddd7, clientStartOnly=false, stop=false, destroy=false, disabledAfterStartfalse]], exchangeActions=ExchangeActions [startCaches=[Executions], stopCaches=null, startGrps=[Executions], stopGrps=[], resetParts=null, stateChangeRequest=null], startCaches=false], allowMerge=false]
[15:39:30,260][INFO][exchange-worker-#37][CacheAffinitySharedManager] Updating caches registry performed in 0 ms.
[15:39:30,279][INFO][exchange-worker-#37][GridCacheProcessor] Started cache [name=Executions, id=-1761987461, memoryPolicyName=default, mode=PARTITIONED, atomicity=ATOMIC, backups=0, mvcc=false], encryptionEnabled=false]
[15:39:30,279][INFO][exchange-worker-#37][CacheAffinitySharedManager] Caches starting performed in 19 ms.
[15:39:30,283][INFO][exchange-worker-#37][CacheAffinitySharedManager] Affinity initialization for started caches performed in 4 ms.
[15:39:30,284][INFO][exchange-worker-#37][GridDhtPartitionsExchangeFuture] Finished waiting for partition release future [topVer=AffinityTopologyVersion [topVer=2, minorTopVer=2], waitTime=0ms, futInfo=NA, mode=DISTRIBUTED]
[15:39:30,292][INFO][exchange-worker-#37][GridDhtPartitionsExchangeFuture] Finished waiting for partitions release latch: ServerLatch [permits=0, pendingAcks=[], super=CompletableLatch [id=exchange, topVer=AffinityTopologyVersion [topVer=2, minorTopVer=2]]]
[15:39:30,292][INFO][exchange-worker-#37][GridDhtPartitionsExchangeFuture] Finished waiting for partition release future [topVer=AffinityTopologyVersion [topVer=2, minorTopVer=2], waitTime=0ms, futInfo=NA, mode=LOCAL]
[15:39:30,385][INFO][exchange-worker-#37][GridDhtPartitionsExchangeFuture] finishExchangeOnCoordinator [topVer=AffinityTopologyVersion [topVer=2, minorTopVer=2], resVer=AffinityTopologyVersion [topVer=2, minorTopVer=2]]
[15:39:30,385][INFO][exchange-worker-#37][GridDhtPartitionsExchangeFuture] Affinity changes (coordinator) applied in 0 ms.
[15:39:30,390][INFO][exchange-worker-#37][GridDhtPartitionsExchangeFuture] Partitions validation performed in 5 ms.
[15:39:30,392][INFO][exchange-worker-#37][GridDhtPartitionsExchangeFuture] Partitions assignment performed in 2 ms.
[15:39:30,570][INFO][exchange-worker-#37][GridDhtPartitionsExchangeFuture] Preparing Full Message performed in 175 ms.
[15:39:30,570][INFO][exchange-worker-#37][GridDhtPartitionsExchangeFuture] Sending Full Message to all nodes performed in 0 ms.
[15:39:30,570][INFO][exchange-worker-#37][GridDhtPartitionsExchangeFuture] Finish exchange future [startVer=AffinityTopologyVersion [topVer=2, minorTopVer=2], resVer=AffinityTopologyVersion [topVer=2, minorTopVer=2], err=null]
[15:39:30,596][INFO][exchange-worker-#37][GridCacheProcessor] Finish proxy initialization, cacheName=Executions, localNodeId=a4d353ea-834f-48c3-9587-0c9f5f2843d4
[15:39:30,598][INFO][exchange-worker-#37][GridDhtPartitionsExchangeFuture] Completed partition exchange [localNode=a4d353ea-834f-48c3-9587-0c9f5f2843d4, exchange=GridDhtPartitionsExchangeFuture [topVer=AffinityTopologyVersion [topVer=2, minorTopVer=2], evt=DISCOVERY_CUSTOM_EVT, evtNode=TcpDiscoveryNode [id=e068b7cd-61b6-44e3-9085-d80f0d74ddd7, addrs=[0:0:0:0:0:0:0:1, 127.0.0.1, 192.168.0.21], sockAddrs=[DESKTOP-3E2SC7Q/192.168.0.21:0, /0:0:0:0:0:0:0:1:0, /127.0.0.1:0], discPort=0, order=2, intOrder=2, lastExchangeTime=1615891167474, loc=false, ver=2.7.6#20190911-sha1:21f7ca41, isClient=true], done=true], topVer=AffinityTopologyVersion [topVer=2, minorTopVer=2], durationFromInit=342]
[15:39:30,601][INFO][exchange-worker-#37][time] Finished exchange init [topVer=AffinityTopologyVersion [topVer=2, minorTopVer=2], crd=true]
[15:39:30,614][INFO][exchange-worker-#37][GridCachePartitionExchangeManager] Skipping rebalancing (nothing scheduled) [top=AffinityTopologyVersion [topVer=2, minorTopVer=2], force=false, evt=DISCOVERY_CUSTOM_EVT, node=e068b7cd-61b6-44e3-9085-d80f0d74ddd7]
[15:39:30,824][INFO][exchange-worker-#37][time] Started exchange init [topVer=AffinityTopologyVersion [topVer=2, minorTopVer=3], mvccCrd=MvccCoordinator [nodeId=a4d353ea-834f-48c3-9587-0c9f5f2843d4, crdVer=1615889355696, topVer=AffinityTopologyVersion [topVer=1, minorTopVer=0]], mvccCrdChange=false, crd=true, evt=DISCOVERY_CUSTOM_EVT, evtNode=e068b7cd-61b6-44e3-9085-d80f0d74ddd7, customEvt=DynamicCacheChangeBatch [id=ee86e9a3871-c134f13c-bfc3-4ece-8404-9ed041ffad60, reqs=[DynamicCacheChangeRequest [cacheName=Positions, hasCfg=true, nodeId=e068b7cd-61b6-44e3-9085-d80f0d74ddd7, clientStartOnly=false, stop=false, destroy=false, disabledAfterStartfalse]], exchangeActions=ExchangeActions [startCaches=[Positions], stopCaches=null, startGrps=[Positions], stopGrps=[], resetParts=null, stateChangeRequest=null], startCaches=false], allowMerge=false]
[15:39:30,825][INFO][exchange-worker-#37][CacheAffinitySharedManager] Updating caches registry performed in 1 ms.
[15:39:30,855][INFO][exchange-worker-#37][GridCacheProcessor] Started cache [name=Positions, id=-583881654, memoryPolicyName=default, mode=PARTITIONED, atomicity=ATOMIC, backups=0, mvcc=false], encryptionEnabled=false]
[15:39:30,855][INFO][exchange-worker-#37][CacheAffinitySharedManager] Caches starting performed in 30 ms.
[15:39:30,858][INFO][exchange-worker-#37][CacheAffinitySharedManager] Affinity initialization for started caches performed in 3 ms.
[15:39:30,860][INFO][exchange-worker-#37][GridDhtPartitionsExchangeFuture] Finished waiting for partition release future [topVer=AffinityTopologyVersion [topVer=2, minorTopVer=3], waitTime=0ms, futInfo=NA, mode=DISTRIBUTED]
[15:39:30,860][INFO][exchange-worker-#37][GridDhtPartitionsExchangeFuture] Finished waiting for partitions release latch: ServerLatch [permits=0, pendingAcks=[], super=CompletableLatch [id=exchange, topVer=AffinityTopologyVersion [topVer=2, minorTopVer=3]]]
[15:39:30,860][INFO][exchange-worker-#37][GridDhtPartitionsExchangeFuture] Finished waiting for partition release future [topVer=AffinityTopologyVersion [topVer=2, minorTopVer=3], waitTime=0ms, futInfo=NA, mode=LOCAL]
[15:39:31,276][INFO][exchange-worker-#37][GridDhtPartitionsExchangeFuture] finishExchangeOnCoordinator [topVer=AffinityTopologyVersion [topVer=2, minorTopVer=3], resVer=AffinityTopologyVersion [topVer=2, minorTopVer=3]]
[15:39:31,277][INFO][exchange-worker-#37][GridDhtPartitionsExchangeFuture] Affinity changes (coordinator) applied in 0 ms.
[15:39:31,280][INFO][exchange-worker-#37][GridDhtPartitionsExchangeFuture] Partitions validation performed in 3 ms.
[15:39:31,283][INFO][exchange-worker-#37][GridDhtPartitionsExchangeFuture] Partitions assignment performed in 3 ms.
[15:39:31,333][INFO][exchange-worker-#37][GridDhtPartitionsExchangeFuture] Preparing Full Message performed in 32 ms.
[15:39:31,333][INFO][exchange-worker-#37][GridDhtPartitionsExchangeFuture] Sending Full Message to all nodes performed in 0 ms.
[15:39:31,333][INFO][exchange-worker-#37][GridDhtPartitionsExchangeFuture] Finish exchange future [startVer=AffinityTopologyVersion [topVer=2, minorTopVer=3], resVer=AffinityTopologyVersion [topVer=2, minorTopVer=3], err=null]
[15:39:31,419][INFO][exchange-worker-#37][GridCacheProcessor] Finish proxy initialization, cacheName=Positions, localNodeId=a4d353ea-834f-48c3-9587-0c9f5f2843d4
[15:39:31,420][INFO][exchange-worker-#37][GridDhtPartitionsExchangeFuture] Completed partition exchange [localNode=a4d353ea-834f-48c3-9587-0c9f5f2843d4, exchange=GridDhtPartitionsExchangeFuture [topVer=AffinityTopologyVersion [topVer=2, minorTopVer=3], evt=DISCOVERY_CUSTOM_EVT, evtNode=TcpDiscoveryNode [id=e068b7cd-61b6-44e3-9085-d80f0d74ddd7, addrs=[0:0:0:0:0:0:0:1, 127.0.0.1, 192.168.0.21], sockAddrs=[DESKTOP-3E2SC7Q/192.168.0.21:0, /0:0:0:0:0:0:0:1:0, /127.0.0.1:0], discPort=0, order=2, intOrder=2, lastExchangeTime=1615891167474, loc=false, ver=2.7.6#20190911-sha1:21f7ca41, isClient=true], done=true], topVer=AffinityTopologyVersion [topVer=2, minorTopVer=3], durationFromInit=593]
[15:39:31,423][INFO][exchange-worker-#37][time] Finished exchange init [topVer=AffinityTopologyVersion [topVer=2, minorTopVer=3], crd=true]
[15:39:31,477][INFO][exchange-worker-#37][GridCachePartitionExchangeManager] Skipping rebalancing (nothing scheduled) [top=AffinityTopologyVersion [topVer=2, minorTopVer=3], force=false, evt=DISCOVERY_CUSTOM_EVT, node=e068b7cd-61b6-44e3-9085-d80f0d74ddd7]
[15:39:31,727][INFO][exchange-worker-#37][time] Started exchange init [topVer=AffinityTopologyVersion [topVer=2, minorTopVer=4], mvccCrd=MvccCoordinator [nodeId=a4d353ea-834f-48c3-9587-0c9f5f2843d4, crdVer=1615889355696, topVer=AffinityTopologyVersion [topVer=1, minorTopVer=0]], mvccCrdChange=false, crd=true, evt=DISCOVERY_CUSTOM_EVT, evtNode=e068b7cd-61b6-44e3-9085-d80f0d74ddd7, customEvt=DynamicCacheChangeBatch [id=5f86e9a3871-c134f13c-bfc3-4ece-8404-9ed041ffad60, reqs=[DynamicCacheChangeRequest [cacheName=BuyingPowers, hasCfg=true, nodeId=e068b7cd-61b6-44e3-9085-d80f0d74ddd7, clientStartOnly=false, stop=false, destroy=false, disabledAfterStartfalse]], exchangeActions=ExchangeActions [startCaches=[BuyingPowers], stopCaches=null, startGrps=[BuyingPowers], stopGrps=[], resetParts=null, stateChangeRequest=null], startCaches=false], allowMerge=false]
[15:39:31,728][INFO][exchange-worker-#37][CacheAffinitySharedManager] Updating caches registry performed in 0 ms.
[15:39:31,743][INFO][exchange-worker-#37][GridCacheProcessor] Started cache [name=BuyingPowers, id=-917178646, memoryPolicyName=default, mode=PARTITIONED, atomicity=ATOMIC, backups=0, mvcc=false], encryptionEnabled=false]
[15:39:31,743][INFO][exchange-worker-#37][CacheAffinitySharedManager] Caches starting performed in 15 ms.
[15:39:31,746][INFO][exchange-worker-#37][CacheAffinitySharedManager] Affinity initialization for started caches performed in 3 ms.
[15:39:31,747][INFO][exchange-worker-#37][GridDhtPartitionsExchangeFuture] Finished waiting for partition release future [topVer=AffinityTopologyVersion [topVer=2, minorTopVer=4], waitTime=0ms, futInfo=NA, mode=DISTRIBUTED]
[15:39:31,747][INFO][exchange-worker-#37][GridDhtPartitionsExchangeFuture] Finished waiting for partitions release latch: ServerLatch [permits=0, pendingAcks=[], super=CompletableLatch [id=exchange, topVer=AffinityTopologyVersion [topVer=2, minorTopVer=4]]]
[15:39:31,748][INFO][exchange-worker-#37][GridDhtPartitionsExchangeFuture] Finished waiting for partition release future [topVer=AffinityTopologyVersion [topVer=2, minorTopVer=4], waitTime=0ms, futInfo=NA, mode=LOCAL]
[15:39:31,810][INFO][exchange-worker-#37][GridDhtPartitionsExchangeFuture] finishExchangeOnCoordinator [topVer=AffinityTopologyVersion [topVer=2, minorTopVer=4], resVer=AffinityTopologyVersion [topVer=2, minorTopVer=4]]
[15:39:31,810][INFO][exchange-worker-#37][GridDhtPartitionsExchangeFuture] Affinity changes (coordinator) applied in 0 ms.
[15:39:31,855][INFO][exchange-worker-#37][GridDhtPartitionsExchangeFuture] Partitions validation performed in 45 ms.
[15:39:31,891][INFO][exchange-worker-#37][GridDhtPartitionsExchangeFuture] Partitions assignment performed in 5 ms.
[15:39:31,907][INFO][exchange-worker-#37][GridDhtPartitionsExchangeFuture] Preparing Full Message performed in 11 ms.
[15:39:31,907][INFO][exchange-worker-#37][GridDhtPartitionsExchangeFuture] Sending Full Message to all nodes performed in 0 ms.
[15:39:31,907][INFO][exchange-worker-#37][GridDhtPartitionsExchangeFuture] Finish exchange future [startVer=AffinityTopologyVersion [topVer=2, minorTopVer=4], resVer=AffinityTopologyVersion [topVer=2, minorTopVer=4], err=null]
[15:39:31,924][INFO][exchange-worker-#37][GridCacheProcessor] Finish proxy initialization, cacheName=BuyingPowers, localNodeId=a4d353ea-834f-48c3-9587-0c9f5f2843d4
[15:39:31,924][INFO][exchange-worker-#37][GridDhtPartitionsExchangeFuture] Completed partition exchange [localNode=a4d353ea-834f-48c3-9587-0c9f5f2843d4, exchange=GridDhtPartitionsExchangeFuture [topVer=AffinityTopologyVersion [topVer=2, minorTopVer=4], evt=DISCOVERY_CUSTOM_EVT, evtNode=TcpDiscoveryNode [id=e068b7cd-61b6-44e3-9085-d80f0d74ddd7, addrs=[0:0:0:0:0:0:0:1, 127.0.0.1, 192.168.0.21], sockAddrs=[DESKTOP-3E2SC7Q/192.168.0.21:0, /0:0:0:0:0:0:0:1:0, /127.0.0.1:0], discPort=0, order=2, intOrder=2, lastExchangeTime=1615891167474, loc=false, ver=2.7.6#20190911-sha1:21f7ca41, isClient=true], done=true], topVer=AffinityTopologyVersion [topVer=2, minorTopVer=4], durationFromInit=213]
[15:39:31,925][INFO][exchange-worker-#37][time] Finished exchange init [topVer=AffinityTopologyVersion [topVer=2, minorTopVer=4], crd=true]
[15:39:31,936][INFO][exchange-worker-#37][GridCachePartitionExchangeManager] Skipping rebalancing (nothing scheduled) [top=AffinityTopologyVersion [topVer=2, minorTopVer=4], force=false, evt=DISCOVERY_CUSTOM_EVT, node=e068b7cd-61b6-44e3-9085-d80f0d74ddd7]
[15:39:36,099][INFO][disco-event-worker-#36][GridDiscoveryManager] Node left topology: TcpDiscoveryNode [id=e068b7cd-61b6-44e3-9085-d80f0d74ddd7, addrs=[0:0:0:0:0:0:0:1, 127.0.0.1, 192.168.0.21], sockAddrs=[DESKTOP-3E2SC7Q/192.168.0.21:0, /0:0:0:0:0:0:0:1:0, /127.0.0.1:0], discPort=0, order=2, intOrder=2, lastExchangeTime=1615891167474, loc=false, ver=2.7.6#20190911-sha1:21f7ca41, isClient=true]
[15:39:36,101][INFO][tcp-disco-sock-reader-#6][TcpDiscoverySpi] Finished serving remote node connection [rmtAddr=/127.0.0.1:63448, rmtPort=63448
[15:39:36,309][INFO][disco-event-worker-#36][GridDiscoveryManager] Topology snapshot [ver=3, locNode=a4d353ea, servers=1, clients=0, state=ACTIVE, CPUs=1, offheap=0.8GB, heap=1.0GB]
[15:39:36,362][INFO][exchange-worker-#37][time] Started exchange init [topVer=AffinityTopologyVersion [topVer=3, minorTopVer=0], mvccCrd=MvccCoordinator [nodeId=a4d353ea-834f-48c3-9587-0c9f5f2843d4, crdVer=1615889355696, topVer=AffinityTopologyVersion [topVer=1, minorTopVer=0]], mvccCrdChange=false, crd=true, evt=NODE_LEFT, evtNode=e068b7cd-61b6-44e3-9085-d80f0d74ddd7, customEvt=null, allowMerge=true]
[15:39:36,364][INFO][exchange-worker-#37][GridDhtPartitionsExchangeFuture] Finish exchange future [startVer=AffinityTopologyVersion [topVer=3, minorTopVer=0], resVer=AffinityTopologyVersion [topVer=3, minorTopVer=0], err=null]
[15:39:36,376][INFO][exchange-worker-#37][GridDhtPartitionsExchangeFuture] Completed partition exchange [localNode=a4d353ea-834f-48c3-9587-0c9f5f2843d4, exchange=GridDhtPartitionsExchangeFuture [topVer=AffinityTopologyVersion [topVer=3, minorTopVer=0], evt=NODE_LEFT, evtNode=TcpDiscoveryNode [id=e068b7cd-61b6-44e3-9085-d80f0d74ddd7, addrs=[0:0:0:0:0:0:0:1, 127.0.0.1, 192.168.0.21], sockAddrs=[DESKTOP-3E2SC7Q/192.168.0.21:0, /0:0:0:0:0:0:0:1:0, /127.0.0.1:0], discPort=0, order=2, intOrder=2, lastExchangeTime=1615891167474, loc=false, ver=2.7.6#20190911-sha1:21f7ca41, isClient=true], done=true], topVer=AffinityTopologyVersion [topVer=3, minorTopVer=0], durationFromInit=21]
[15:39:36,376][INFO][exchange-worker-#37][time] Finished exchange init [topVer=AffinityTopologyVersion [topVer=3, minorTopVer=0], crd=true]
[15:39:36,388][INFO][exchange-worker-#37][GridCachePartitionExchangeManager] Skipping rebalancing (nothing scheduled) [top=AffinityTopologyVersion [topVer=3, minorTopVer=0], force=false, evt=NODE_LEFT, node=e068b7cd-61b6-44e3-9085-d80f0d74ddd7]
[15:40:17,230][INFO][grid-timeout-worker-#23][IgniteKernal] 
Metrics for local node (to disable set 'metricsLogFrequency' to 0)
    ^-- Node [id=a4d353ea, uptime=00:31:00.231]
    ^-- H/N/C [hosts=1, nodes=1, CPUs=1]
    ^-- CPU [cur=0%, avg=0.5%, GC=0%]
    ^-- PageMemory [pages=8408]
    ^-- Heap [used=235MB, free=76.24%, comm=989MB]
    ^-- Off-heap [used=33MB, free=96.76%, comm=336MB]
    ^--   sysMemPlc region [used=0MB, free=99.21%, comm=40MB]
    ^--   default region [used=32MB, free=96.06%, comm=256MB]
    ^--   TxLog region [used=0MB, free=100%, comm=40MB]
    ^-- Outbound messages queue [size=0]
    ^-- Public thread pool [active=0, idle=2, qSize=0]
    ^-- System thread pool [active=0, idle=8, qSize=0]
[15:41:17,240][INFO][grid-timeout-worker-#23][IgniteKernal] 
Metrics for local node (to disable set 'metricsLogFrequency' to 0)
    ^-- Node [id=a4d353ea, uptime=00:32:00.238]
    ^-- H/N/C [hosts=1, nodes=1, CPUs=1]
    ^-- CPU [cur=0%, avg=0.5%, GC=0%]
    ^-- PageMemory [pages=8408]
    ^-- Heap [used=238MB, free=75.93%, comm=989MB]
    ^-- Off-heap [used=33MB, free=96.76%, comm=336MB]
    ^--   sysMemPlc region [used=0MB, free=99.21%, comm=40MB]
    ^--   default region [used=32MB, free=96.06%, comm=256MB]
    ^--   TxLog region [used=0MB, free=100%, comm=40MB]
    ^-- Outbound messages queue [size=0]
    ^-- Public thread pool [active=0, idle=0, qSize=0]
    ^-- System thread pool [active=0, idle=6, qSize=0]
[15:42:17,241][INFO][grid-timeout-worker-#23][IgniteKernal] 
Metrics for local node (to disable set 'metricsLogFrequency' to 0)
    ^-- Node [id=a4d353ea, uptime=00:33:00.238]
    ^-- H/N/C [hosts=1, nodes=1, CPUs=1]
    ^-- CPU [cur=0%, avg=0.49%, GC=0%]
    ^-- PageMemory [pages=8408]
    ^-- Heap [used=242MB, free=75.54%, comm=989MB]
    ^-- Off-heap [used=33MB, free=96.76%, comm=336MB]
    ^--   sysMemPlc region [used=0MB, free=99.21%, comm=40MB]
    ^--   default region [used=32MB, free=96.06%, comm=256MB]
    ^--   TxLog region [used=0MB, free=100%, comm=40MB]
    ^-- Outbound messages queue [size=0]
    ^-- Public thread pool [active=0, idle=0, qSize=0]
    ^-- System thread pool [active=0, idle=6, qSize=0]
[15:43:17,297][INFO][grid-timeout-worker-#23][IgniteKernal] 
Metrics for local node (to disable set 'metricsLogFrequency' to 0)
    ^-- Node [id=a4d353ea, uptime=00:34:00.300]
    ^-- H/N/C [hosts=1, nodes=1, CPUs=1]
    ^-- CPU [cur=0%, avg=0.48%, GC=0%]
    ^-- PageMemory [pages=8408]
    ^-- Heap [used=246MB, free=75.15%, comm=989MB]
    ^-- Off-heap [used=33MB, free=96.76%, comm=336MB]
    ^--   sysMemPlc region [used=0MB, free=99.21%, comm=40MB]
    ^--   default region [used=32MB, free=96.06%, comm=256MB]
    ^--   TxLog region [used=0MB, free=100%, comm=40MB]
    ^-- Outbound messages queue [size=0]
    ^-- Public thread pool [active=0, idle=0, qSize=0]
    ^-- System thread pool [active=0, idle=6, qSize=0]
[15:44:17,306][INFO][grid-timeout-worker-#23][IgniteKernal] 
Metrics for local node (to disable set 'metricsLogFrequency' to 0)
    ^-- Node [id=a4d353ea, uptime=00:35:00.307]
    ^-- H/N/C [hosts=1, nodes=1, CPUs=1]
    ^-- CPU [cur=0%, avg=0.47%, GC=0%]
    ^-- PageMemory [pages=8408]
    ^-- Heap [used=249MB, free=74.77%, comm=989MB]
    ^-- Off-heap [used=33MB, free=96.76%, comm=336MB]
    ^--   sysMemPlc region [used=0MB, free=99.21%, comm=40MB]
    ^--   default region [used=32MB, free=96.06%, comm=256MB]
    ^--   TxLog region [used=0MB, free=100%, comm=40MB]
    ^-- Outbound messages queue [size=0]
    ^-- Public thread pool [active=0, idle=0, qSize=0]
    ^-- System thread pool [active=0, idle=6, qSize=0]
[15:45:17,313][INFO][grid-timeout-worker-#23][IgniteKernal] 
Metrics for local node (to disable set 'metricsLogFrequency' to 0)
    ^-- Node [id=a4d353ea, uptime=00:36:00.314]
    ^-- H/N/C [hosts=1, nodes=1, CPUs=1]
    ^-- CPU [cur=0%, avg=0.46%, GC=0%]
    ^-- PageMemory [pages=8408]
    ^-- Heap [used=253MB, free=74.42%, comm=989MB]
    ^-- Off-heap [used=33MB, free=96.76%, comm=336MB]
    ^--   sysMemPlc region [used=0MB, free=99.21%, comm=40MB]
    ^--   default region [used=32MB, free=96.06%, comm=256MB]
    ^--   TxLog region [used=0MB, free=100%, comm=40MB]
    ^-- Outbound messages queue [size=0]
    ^-- Public thread pool [active=0, idle=0, qSize=0]
    ^-- System thread pool [active=0, idle=6, qSize=0]
[15:46:17,322][INFO][grid-timeout-worker-#23][IgniteKernal] 
Metrics for local node (to disable set 'metricsLogFrequency' to 0)
    ^-- Node [id=a4d353ea, uptime=00:37:00.318]
    ^-- H/N/C [hosts=1, nodes=1, CPUs=1]
    ^-- CPU [cur=0%, avg=0.46%, GC=0%]
    ^-- PageMemory [pages=8408]
    ^-- Heap [used=257MB, free=74.03%, comm=989MB]
    ^-- Off-heap [used=33MB, free=96.76%, comm=336MB]
    ^--   sysMemPlc region [used=0MB, free=99.21%, comm=40MB]
    ^--   default region [used=32MB, free=96.06%, comm=256MB]
    ^--   TxLog region [used=0MB, free=100%, comm=40MB]
    ^-- Outbound messages queue [size=0]
    ^-- Public thread pool [active=0, idle=0, qSize=0]
    ^-- System thread pool [active=0, idle=6, qSize=0]
[15:47:17,325][INFO][grid-timeout-worker-#23][IgniteKernal] 
Metrics for local node (to disable set 'metricsLogFrequency' to 0)
    ^-- Node [id=a4d353ea, uptime=00:38:00.326]
    ^-- H/N/C [hosts=1, nodes=1, CPUs=1]
    ^-- CPU [cur=0%, avg=0.45%, GC=0%]
    ^-- PageMemory [pages=8408]
    ^-- Heap [used=260MB, free=73.65%, comm=989MB]
    ^-- Off-heap [used=33MB, free=96.76%, comm=336MB]
    ^--   sysMemPlc region [used=0MB, free=99.21%, comm=40MB]
    ^--   default region [used=32MB, free=96.06%, comm=256MB]
    ^--   TxLog region [used=0MB, free=100%, comm=40MB]
    ^-- Outbound messages queue [size=0]
    ^-- Public thread pool [active=0, idle=0, qSize=0]
    ^-- System thread pool [active=0, idle=6, qSize=0]
[15:47:19,249][WARNING][jvm-pause-detector-worker][IgniteKernal] Possible too long JVM pause: 795 milliseconds.
[15:48:17,328][INFO][grid-timeout-worker-#23][IgniteKernal] 
Metrics for local node (to disable set 'metricsLogFrequency' to 0)
    ^-- Node [id=a4d353ea, uptime=00:39:00.326]
    ^-- H/N/C [hosts=1, nodes=1, CPUs=1]
    ^-- CPU [cur=0%, avg=0.45%, GC=0%]
    ^-- PageMemory [pages=8408]
    ^-- Heap [used=264MB, free=73.27%, comm=989MB]
    ^-- Off-heap [used=33MB, free=96.76%, comm=336MB]
    ^--   sysMemPlc region [used=0MB, free=99.21%, comm=40MB]
    ^--   default region [used=32MB, free=96.06%, comm=256MB]
    ^--   TxLog region [used=0MB, free=100%, comm=40MB]
    ^-- Outbound messages queue [size=0]
    ^-- Public thread pool [active=0, idle=0, qSize=0]
    ^-- System thread pool [active=0, idle=6, qSize=0]
[15:49:17,332][INFO][grid-timeout-worker-#23][IgniteKernal] 
Metrics for local node (to disable set 'metricsLogFrequency' to 0)
    ^-- Node [id=a4d353ea, uptime=00:40:00.336]
    ^-- H/N/C [hosts=1, nodes=1, CPUs=1]
    ^-- CPU [cur=0%, avg=0.44%, GC=0%]
    ^-- PageMemory [pages=8408]
    ^-- Heap [used=268MB, free=72.87%, comm=989MB]
    ^-- Off-heap [used=33MB, free=96.76%, comm=336MB]
    ^--   sysMemPlc region [used=0MB, free=99.21%, comm=40MB]
    ^--   default region [used=32MB, free=96.06%, comm=256MB]
    ^--   TxLog region [used=0MB, free=100%, comm=40MB]
    ^-- Outbound messages queue [size=0]
    ^-- Public thread pool [active=0, idle=0, qSize=0]
    ^-- System thread pool [active=0, idle=6, qSize=0]
[15:50:17,339][INFO][grid-timeout-worker-#23][IgniteKernal] 
Metrics for local node (to disable set 'metricsLogFrequency' to 0)
    ^-- Node [id=a4d353ea, uptime=00:41:00.339]
    ^-- H/N/C [hosts=1, nodes=1, CPUs=1]
    ^-- CPU [cur=0%, avg=0.44%, GC=0%]
    ^-- PageMemory [pages=8408]
    ^-- Heap [used=272MB, free=72.49%, comm=989MB]
    ^-- Off-heap [used=33MB, free=96.76%, comm=336MB]
    ^--   sysMemPlc region [used=0MB, free=99.21%, comm=40MB]
    ^--   default region [used=32MB, free=96.06%, comm=256MB]
    ^--   TxLog region [used=0MB, free=100%, comm=40MB]
    ^-- Outbound messages queue [size=0]
    ^-- Public thread pool [active=0, idle=0, qSize=0]
    ^-- System thread pool [active=0, idle=6, qSize=0]
[15:51:17,337][INFO][grid-timeout-worker-#23][IgniteKernal] 
Metrics for local node (to disable set 'metricsLogFrequency' to 0)
    ^-- Node [id=a4d353ea, uptime=00:42:00.341]
    ^-- H/N/C [hosts=1, nodes=1, CPUs=1]
    ^-- CPU [cur=2.6%, avg=0.43%, GC=0%]
    ^-- PageMemory [pages=8408]
    ^-- Heap [used=276MB, free=72.11%, comm=989MB]
    ^-- Off-heap [used=33MB, free=96.76%, comm=336MB]
    ^--   sysMemPlc region [used=0MB, free=99.21%, comm=40MB]
    ^--   default region [used=32MB, free=96.06%, comm=256MB]
    ^--   TxLog region [used=0MB, free=100%, comm=40MB]
    ^-- Outbound messages queue [size=0]
    ^-- Public thread pool [active=0, idle=0, qSize=0]
    ^-- System thread pool [active=0, idle=6, qSize=0]
[15:52:17,358][INFO][grid-timeout-worker-#23][IgniteKernal] 
Metrics for local node (to disable set 'metricsLogFrequency' to 0)
    ^-- Node [id=a4d353ea, uptime=00:43:00.348]
    ^-- H/N/C [hosts=1, nodes=1, CPUs=1]
    ^-- CPU [cur=3.63%, avg=0.43%, GC=0%]
    ^-- PageMemory [pages=8408]
    ^-- Heap [used=279MB, free=71.76%, comm=989MB]
    ^-- Off-heap [used=33MB, free=96.76%, comm=336MB]
    ^--   sysMemPlc region [used=0MB, free=99.21%, comm=40MB]
    ^--   default region [used=32MB, free=96.06%, comm=256MB]
    ^--   TxLog region [used=0MB, free=100%, comm=40MB]
    ^-- Outbound messages queue [size=0]
    ^-- Public thread pool [active=0, idle=0, qSize=0]
    ^-- System thread pool [active=0, idle=6, qSize=0]
[15:53:17,361][INFO][grid-timeout-worker-#23][IgniteKernal] 
Metrics for local node (to disable set 'metricsLogFrequency' to 0)
    ^-- Node [id=a4d353ea, uptime=00:44:00.361]
    ^-- H/N/C [hosts=1, nodes=1, CPUs=1]
    ^-- CPU [cur=0.53%, avg=0.42%, GC=0%]
    ^-- PageMemory [pages=8408]
    ^-- Heap [used=283MB, free=71.38%, comm=989MB]
    ^-- Off-heap [used=33MB, free=96.76%, comm=336MB]
    ^--   sysMemPlc region [used=0MB, free=99.21%, comm=40MB]
    ^--   default region [used=32MB, free=96.06%, comm=256MB]
    ^--   TxLog region [used=0MB, free=100%, comm=40MB]
    ^-- Outbound messages queue [size=0]
    ^-- Public thread pool [active=0, idle=0, qSize=0]
    ^-- System thread pool [active=0, idle=6, qSize=0]
[15:54:17,383][INFO][grid-timeout-worker-#23][IgniteKernal] 
Metrics for local node (to disable set 'metricsLogFrequency' to 0)
    ^-- Node [id=a4d353ea, uptime=00:45:00.386]
    ^-- H/N/C [hosts=1, nodes=1, CPUs=1]
    ^-- CPU [cur=0%, avg=0.42%, GC=0%]
    ^-- PageMemory [pages=8408]
    ^-- Heap [used=287MB, free=71%, comm=989MB]
    ^-- Off-heap [used=33MB, free=96.76%, comm=336MB]
    ^--   sysMemPlc region [used=0MB, free=99.21%, comm=40MB]
    ^--   default region [used=32MB, free=96.06%, comm=256MB]
    ^--   TxLog region [used=0MB, free=100%, comm=40MB]
    ^-- Outbound messages queue [size=0]
    ^-- Public thread pool [active=0, idle=0, qSize=0]
    ^-- System thread pool [active=0, idle=6, qSize=0]
[15:55:17,390][INFO][grid-timeout-worker-#23][IgniteKernal] 
Metrics for local node (to disable set 'metricsLogFrequency' to 0)
    ^-- Node [id=a4d353ea, uptime=00:46:00.389]
    ^-- H/N/C [hosts=1, nodes=1, CPUs=1]
    ^-- CPU [cur=0%, avg=0.41%, GC=0%]
    ^-- PageMemory [pages=8408]
    ^-- Heap [used=290MB, free=70.66%, comm=989MB]
    ^-- Off-heap [used=33MB, free=96.76%, comm=336MB]
    ^--   sysMemPlc region [used=0MB, free=99.21%, comm=40MB]
    ^--   default region [used=32MB, free=96.06%, comm=256MB]
    ^--   TxLog region [used=0MB, free=100%, comm=40MB]
    ^-- Outbound messages queue [size=0]
    ^-- Public thread pool [active=0, idle=0, qSize=0]
    ^-- System thread pool [active=0, idle=6, qSize=0]
[15:56:17,397][INFO][grid-timeout-worker-#23][IgniteKernal] 
Metrics for local node (to disable set 'metricsLogFrequency' to 0)
    ^-- Node [id=a4d353ea, uptime=00:47:00.399]
    ^-- H/N/C [hosts=1, nodes=1, CPUs=1]
    ^-- CPU [cur=0%, avg=0.41%, GC=0%]
    ^-- PageMemory [pages=8408]
    ^-- Heap [used=294MB, free=70.29%, comm=989MB]
    ^-- Off-heap [used=33MB, free=96.76%, comm=336MB]
    ^--   sysMemPlc region [used=0MB, free=99.21%, comm=40MB]
    ^--   default region [used=32MB, free=96.06%, comm=256MB]
    ^--   TxLog region [used=0MB, free=100%, comm=40MB]
    ^-- Outbound messages queue [size=0]
    ^-- Public thread pool [active=0, idle=0, qSize=0]
    ^-- System thread pool [active=0, idle=6, qSize=0]
[15:57:17,398][INFO][grid-timeout-worker-#23][IgniteKernal] 
Metrics for local node (to disable set 'metricsLogFrequency' to 0)
    ^-- Node [id=a4d353ea, uptime=00:48:00.399]
    ^-- H/N/C [hosts=1, nodes=1, CPUs=1]
    ^-- CPU [cur=0%, avg=0.41%, GC=0%]
    ^-- PageMemory [pages=8408]
    ^-- Heap [used=55MB, free=94.36%, comm=989MB]
    ^-- Off-heap [used=33MB, free=96.76%, comm=336MB]
    ^--   sysMemPlc region [used=0MB, free=99.21%, comm=40MB]
    ^--   default region [used=32MB, free=96.06%, comm=256MB]
    ^--   TxLog region [used=0MB, free=100%, comm=40MB]
    ^-- Outbound messages queue [size=0]
    ^-- Public thread pool [active=0, idle=0, qSize=0]
    ^-- System thread pool [active=0, idle=6, qSize=0]
[15:58:17,398][INFO][grid-timeout-worker-#23][IgniteKernal] 
Metrics for local node (to disable set 'metricsLogFrequency' to 0)
    ^-- Node [id=a4d353ea, uptime=00:49:00.400]
    ^-- H/N/C [hosts=1, nodes=1, CPUs=1]
    ^-- CPU [cur=0%, avg=0.41%, GC=0%]
    ^-- PageMemory [pages=8408]
    ^-- Heap [used=59MB, free=94.01%, comm=989MB]
    ^-- Off-heap [used=33MB, free=96.76%, comm=336MB]
    ^--   sysMemPlc region [used=0MB, free=99.21%, comm=40MB]
    ^--   default region [used=32MB, free=96.06%, comm=256MB]
    ^--   TxLog region [used=0MB, free=100%, comm=40MB]
    ^-- Outbound messages queue [size=0]
    ^-- Public thread pool [active=0, idle=0, qSize=0]
    ^-- System thread pool [active=0, idle=6, qSize=0]
[15:59:17,400][INFO][grid-timeout-worker-#23][IgniteKernal] 
Metrics for local node (to disable set 'metricsLogFrequency' to 0)
    ^-- Node [id=a4d353ea, uptime=00:50:00.402]
    ^-- H/N/C [hosts=1, nodes=1, CPUs=1]
    ^-- CPU [cur=0%, avg=0.41%, GC=0%]
    ^-- PageMemory [pages=8408]
    ^-- Heap [used=63MB, free=93.58%, comm=989MB]
    ^-- Off-heap [used=33MB, free=96.76%, comm=336MB]
    ^--   sysMemPlc region [used=0MB, free=99.21%, comm=40MB]
    ^--   default region [used=32MB, free=96.06%, comm=256MB]
    ^--   TxLog region [used=0MB, free=100%, comm=40MB]
    ^-- Outbound messages queue [size=0]
    ^-- Public thread pool [active=0, idle=0, qSize=0]
    ^-- System thread pool [active=0, idle=6, qSize=0]
[16:00:17,401][INFO][grid-timeout-worker-#23][IgniteKernal] 
Metrics for local node (to disable set 'metricsLogFrequency' to 0)
    ^-- Node [id=a4d353ea, uptime=00:51:00.402]
    ^-- H/N/C [hosts=1, nodes=1, CPUs=1]
    ^-- CPU [cur=0%, avg=0.41%, GC=0%]
    ^-- PageMemory [pages=8408]
    ^-- Heap [used=66MB, free=93.24%, comm=989MB]
    ^-- Off-heap [used=33MB, free=96.76%, comm=336MB]
    ^--   sysMemPlc region [used=0MB, free=99.21%, comm=40MB]
    ^--   default region [used=32MB, free=96.06%, comm=256MB]
    ^--   TxLog region [used=0MB, free=100%, comm=40MB]
    ^-- Outbound messages queue [size=0]
    ^-- Public thread pool [active=0, idle=0, qSize=0]
    ^-- System thread pool [active=0, idle=6, qSize=0]
[16:01:17,399][INFO][grid-timeout-worker-#23][IgniteKernal] 
Metrics for local node (to disable set 'metricsLogFrequency' to 0)
    ^-- Node [id=a4d353ea, uptime=00:52:00.403]
    ^-- H/N/C [hosts=1, nodes=1, CPUs=1]
    ^-- CPU [cur=0%, avg=0.4%, GC=0%]
    ^-- PageMemory [pages=8408]
    ^-- Heap [used=69MB, free=93.01%, comm=989MB]
    ^-- Off-heap [used=33MB, free=96.76%, comm=336MB]
    ^--   sysMemPlc region [used=0MB, free=99.21%, comm=40MB]
    ^--   default region [used=32MB, free=96.06%, comm=256MB]
    ^--   TxLog region [used=0MB, free=100%, comm=40MB]
    ^-- Outbound messages queue [size=0]
    ^-- Public thread pool [active=0, idle=0, qSize=0]
    ^-- System thread pool [active=0, idle=6, qSize=0]
[16:02:17,405][INFO][grid-timeout-worker-#23][IgniteKernal] 
Metrics for local node (to disable set 'metricsLogFrequency' to 0)
    ^-- Node [id=a4d353ea, uptime=00:53:00.405]
    ^-- H/N/C [hosts=1, nodes=1, CPUs=1]
    ^-- CPU [cur=0%, avg=0.4%, GC=0%]
    ^-- PageMemory [pages=8408]
    ^-- Heap [used=72MB, free=92.67%, comm=989MB]
    ^-- Off-heap [used=33MB, free=96.76%, comm=336MB]
    ^--   sysMemPlc region [used=0MB, free=99.21%, comm=40MB]
    ^--   default region [used=32MB, free=96.06%, comm=256MB]
    ^--   TxLog region [used=0MB, free=100%, comm=40MB]
    ^-- Outbound messages queue [size=0]
    ^-- Public thread pool [active=0, idle=0, qSize=0]
    ^-- System thread pool [active=0, idle=6, qSize=0]
[16:03:17,406][INFO][grid-timeout-worker-#23][IgniteKernal] 
Metrics for local node (to disable set 'metricsLogFrequency' to 0)
    ^-- Node [id=a4d353ea, uptime=00:54:00.410]
    ^-- H/N/C [hosts=1, nodes=1, CPUs=1]
    ^-- CPU [cur=0%, avg=0.39%, GC=0%]
    ^-- PageMemory [pages=8408]
    ^-- Heap [used=75MB, free=92.4%, comm=989MB]
    ^-- Off-heap [used=33MB, free=96.76%, comm=336MB]
    ^--   sysMemPlc region [used=0MB, free=99.21%, comm=40MB]
    ^--   default region [used=32MB, free=96.06%, comm=256MB]
    ^--   TxLog region [used=0MB, free=100%, comm=40MB]
    ^-- Outbound messages queue [size=0]
    ^-- Public thread pool [active=0, idle=0, qSize=0]
    ^-- System thread pool [active=0, idle=6, qSize=0]
[16:04:17,414][INFO][grid-timeout-worker-#23][IgniteKernal] 
Metrics for local node (to disable set 'metricsLogFrequency' to 0)
    ^-- Node [id=a4d353ea, uptime=00:55:00.418]
    ^-- H/N/C [hosts=1, nodes=1, CPUs=1]
    ^-- CPU [cur=0%, avg=0.39%, GC=0%]
    ^-- PageMemory [pages=8408]
    ^-- Heap [used=78MB, free=92.1%, comm=989MB]
    ^-- Off-heap [used=33MB, free=96.76%, comm=336MB]
    ^--   sysMemPlc region [used=0MB, free=99.21%, comm=40MB]
    ^--   default region [used=32MB, free=96.06%, comm=256MB]
    ^--   TxLog region [used=0MB, free=100%, comm=40MB]
    ^-- Outbound messages queue [size=0]
    ^-- Public thread pool [active=0, idle=0, qSize=0]
    ^-- System thread pool [active=0, idle=6, qSize=0]
[16:05:17,416][INFO][grid-timeout-worker-#23][IgniteKernal] 
Metrics for local node (to disable set 'metricsLogFrequency' to 0)
    ^-- Node [id=a4d353ea, uptime=00:56:00.418]
    ^-- H/N/C [hosts=1, nodes=1, CPUs=1]
    ^-- CPU [cur=0%, avg=0.39%, GC=0%]
    ^-- PageMemory [pages=8408]
    ^-- Heap [used=80MB, free=91.83%, comm=989MB]
    ^-- Off-heap [used=33MB, free=96.76%, comm=336MB]
    ^--   sysMemPlc region [used=0MB, free=99.21%, comm=40MB]
    ^--   default region [used=32MB, free=96.06%, comm=256MB]
    ^--   TxLog region [used=0MB, free=100%, comm=40MB]
    ^-- Outbound messages queue [size=0]
    ^-- Public thread pool [active=0, idle=0, qSize=0]
    ^-- System thread pool [active=0, idle=6, qSize=0]
[16:06:17,421][INFO][grid-timeout-worker-#23][IgniteKernal] 
Metrics for local node (to disable set 'metricsLogFrequency' to 0)
    ^-- Node [id=a4d353ea, uptime=00:57:00.425]
    ^-- H/N/C [hosts=1, nodes=1, CPUs=1]
    ^-- CPU [cur=0%, avg=0.38%, GC=0%]
    ^-- PageMemory [pages=8408]
    ^-- Heap [used=83MB, free=91.53%, comm=989MB]
    ^-- Off-heap [used=33MB, free=96.76%, comm=336MB]
    ^--   sysMemPlc region [used=0MB, free=99.21%, comm=40MB]
    ^--   default region [used=32MB, free=96.06%, comm=256MB]
    ^--   TxLog region [used=0MB, free=100%, comm=40MB]
    ^-- Outbound messages queue [size=0]
    ^-- Public thread pool [active=0, idle=0, qSize=0]
    ^-- System thread pool [active=0, idle=6, qSize=0]
[16:07:17,471][INFO][grid-timeout-worker-#23][IgniteKernal] 
Metrics for local node (to disable set 'metricsLogFrequency' to 0)
    ^-- Node [id=a4d353ea, uptime=00:58:00.470]
    ^-- H/N/C [hosts=1, nodes=1, CPUs=1]
    ^-- CPU [cur=0%, avg=0.38%, GC=0%]
    ^-- PageMemory [pages=8408]
    ^-- Heap [used=87MB, free=91.19%, comm=989MB]
    ^-- Off-heap [used=33MB, free=96.76%, comm=336MB]
    ^--   sysMemPlc region [used=0MB, free=99.21%, comm=40MB]
    ^--   default region [used=32MB, free=96.06%, comm=256MB]
    ^--   TxLog region [used=0MB, free=100%, comm=40MB]
    ^-- Outbound messages queue [size=0]
    ^-- Public thread pool [active=0, idle=0, qSize=0]
    ^-- System thread pool [active=0, idle=6, qSize=0]
[16:08:17,469][INFO][grid-timeout-worker-#23][IgniteKernal] 
Metrics for local node (to disable set 'metricsLogFrequency' to 0)
    ^-- Node [id=a4d353ea, uptime=00:59:00.472]
    ^-- H/N/C [hosts=1, nodes=1, CPUs=1]
    ^-- CPU [cur=0%, avg=0.38%, GC=0%]
    ^-- PageMemory [pages=8408]
    ^-- Heap [used=89MB, free=90.92%, comm=989MB]
    ^-- Off-heap [used=33MB, free=96.76%, comm=336MB]
    ^--   sysMemPlc region [used=0MB, free=99.21%, comm=40MB]
    ^--   default region [used=32MB, free=96.06%, comm=256MB]
    ^--   TxLog region [used=0MB, free=100%, comm=40MB]
    ^-- Outbound messages queue [size=0]
    ^-- Public thread pool [active=0, idle=0, qSize=0]
    ^-- System thread pool [active=0, idle=6, qSize=0]
[16:09:17,478][INFO][grid-timeout-worker-#23][IgniteKernal] 
Metrics for local node (to disable set 'metricsLogFrequency' to 0)
    ^-- Node [id=a4d353ea, uptime=01:00:00.475]
    ^-- H/N/C [hosts=1, nodes=1, CPUs=1]
    ^-- CPU [cur=0%, avg=0.38%, GC=0%]
    ^-- PageMemory [pages=8408]
    ^-- Heap [used=93MB, free=90.59%, comm=989MB]
    ^-- Off-heap [used=33MB, free=96.76%, comm=336MB]
    ^--   sysMemPlc region [used=0MB, free=99.21%, comm=40MB]
    ^--   default region [used=32MB, free=96.06%, comm=256MB]
    ^--   TxLog region [used=0MB, free=100%, comm=40MB]
    ^-- Outbound messages queue [size=0]
    ^-- Public thread pool [active=0, idle=0, qSize=0]
    ^-- System thread pool [active=0, idle=6, qSize=0]
[16:10:17,482][INFO][grid-timeout-worker-#23][IgniteKernal] 
Metrics for local node (to disable set 'metricsLogFrequency' to 0)
    ^-- Node [id=a4d353ea, uptime=01:01:00.482]
    ^-- H/N/C [hosts=1, nodes=1, CPUs=1]
    ^-- CPU [cur=0%, avg=0.38%, GC=0%]
    ^-- PageMemory [pages=8408]
    ^-- Heap [used=97MB, free=90.13%, comm=989MB]
    ^-- Off-heap [used=33MB, free=96.76%, comm=336MB]
    ^--   sysMemPlc region [used=0MB, free=99.21%, comm=40MB]
    ^--   default region [used=32MB, free=96.06%, comm=256MB]
    ^--   TxLog region [used=0MB, free=100%, comm=40MB]
    ^-- Outbound messages queue [size=0]
    ^-- Public thread pool [active=0, idle=0, qSize=0]
    ^-- System thread pool [active=0, idle=6, qSize=0]
[16:11:17,490][INFO][grid-timeout-worker-#23][IgniteKernal] 
Metrics for local node (to disable set 'metricsLogFrequency' to 0)
    ^-- Node [id=a4d353ea, uptime=01:02:00.486]
    ^-- H/N/C [hosts=1, nodes=1, CPUs=1]
    ^-- CPU [cur=0%, avg=0.38%, GC=0%]
    ^-- PageMemory [pages=8408]
    ^-- Heap [used=100MB, free=89.82%, comm=989MB]
    ^-- Off-heap [used=33MB, free=96.76%, comm=336MB]
    ^--   sysMemPlc region [used=0MB, free=99.21%, comm=40MB]
    ^--   default region [used=32MB, free=96.06%, comm=256MB]
    ^--   TxLog region [used=0MB, free=100%, comm=40MB]
    ^-- Outbound messages queue [size=0]
    ^-- Public thread pool [active=0, idle=0, qSize=0]
    ^-- System thread pool [active=0, idle=6, qSize=0]
[16:12:17,491][INFO][grid-timeout-worker-#23][IgniteKernal] 
Metrics for local node (to disable set 'metricsLogFrequency' to 0)
    ^-- Node [id=a4d353ea, uptime=01:03:00.494]
    ^-- H/N/C [hosts=1, nodes=1, CPUs=1]
    ^-- CPU [cur=0%, avg=0.38%, GC=0%]
    ^-- PageMemory [pages=8408]
    ^-- Heap [used=103MB, free=89.55%, comm=989MB]
    ^-- Off-heap [used=33MB, free=96.76%, comm=336MB]
    ^--   sysMemPlc region [used=0MB, free=99.21%, comm=40MB]
    ^--   default region [used=32MB, free=96.06%, comm=256MB]
    ^--   TxLog region [used=0MB, free=100%, comm=40MB]
    ^-- Outbound messages queue [size=0]
    ^-- Public thread pool [active=0, idle=0, qSize=0]
    ^-- System thread pool [active=0, idle=6, qSize=0]
[16:13:17,500][INFO][grid-timeout-worker-#23][IgniteKernal] 
Metrics for local node (to disable set 'metricsLogFrequency' to 0)
    ^-- Node [id=a4d353ea, uptime=01:04:00.496]
    ^-- H/N/C [hosts=1, nodes=1, CPUs=1]
    ^-- CPU [cur=0.53%, avg=0.37%, GC=0%]
    ^-- PageMemory [pages=8408]
    ^-- Heap [used=106MB, free=89.21%, comm=989MB]
    ^-- Off-heap [used=33MB, free=96.76%, comm=336MB]
    ^--   sysMemPlc region [used=0MB, free=99.21%, comm=40MB]
    ^--   default region [used=32MB, free=96.06%, comm=256MB]
    ^--   TxLog region [used=0MB, free=100%, comm=40MB]
    ^-- Outbound messages queue [size=0]
    ^-- Public thread pool [active=0, idle=0, qSize=0]
    ^-- System thread pool [active=0, idle=6, qSize=0]
[16:14:17,501][INFO][grid-timeout-worker-#23][IgniteKernal] 
Metrics for local node (to disable set 'metricsLogFrequency' to 0)
    ^-- Node [id=a4d353ea, uptime=01:05:00.499]
    ^-- H/N/C [hosts=1, nodes=1, CPUs=1]
    ^-- CPU [cur=0%, avg=0.37%, GC=0%]
    ^-- PageMemory [pages=8408]
    ^-- Heap [used=109MB, free=88.98%, comm=989MB]
    ^-- Off-heap [used=33MB, free=96.76%, comm=336MB]
    ^--   sysMemPlc region [used=0MB, free=99.21%, comm=40MB]
    ^--   default region [used=32MB, free=96.06%, comm=256MB]
    ^--   TxLog region [used=0MB, free=100%, comm=40MB]
    ^-- Outbound messages queue [size=0]
    ^-- Public thread pool [active=0, idle=0, qSize=0]
    ^-- System thread pool [active=0, idle=6, qSize=0]
[16:15:17,504][INFO][grid-timeout-worker-#23][IgniteKernal] 
Metrics for local node (to disable set 'metricsLogFrequency' to 0)
    ^-- Node [id=a4d353ea, uptime=01:06:00.507]
    ^-- H/N/C [hosts=1, nodes=1, CPUs=1]
    ^-- CPU [cur=0%, avg=0.37%, GC=0%]
    ^-- PageMemory [pages=8408]
    ^-- Heap [used=112MB, free=88.64%, comm=989MB]
    ^-- Off-heap [used=33MB, free=96.76%, comm=336MB]
    ^--   sysMemPlc region [used=0MB, free=99.21%, comm=40MB]
    ^--   default region [used=32MB, free=96.06%, comm=256MB]
    ^--   TxLog region [used=0MB, free=100%, comm=40MB]
    ^-- Outbound messages queue [size=0]
    ^-- Public thread pool [active=0, idle=0, qSize=0]
    ^-- System thread pool [active=0, idle=6, qSize=0]
[16:16:17,506][INFO][grid-timeout-worker-#23][IgniteKernal] 
Metrics for local node (to disable set 'metricsLogFrequency' to 0)
    ^-- Node [id=a4d353ea, uptime=01:07:00.510]
    ^-- H/N/C [hosts=1, nodes=1, CPUs=1]
    ^-- CPU [cur=0%, avg=0.37%, GC=0%]
    ^-- PageMemory [pages=8408]
    ^-- Heap [used=115MB, free=88.34%, comm=989MB]
    ^-- Off-heap [used=33MB, free=96.76%, comm=336MB]
    ^--   sysMemPlc region [used=0MB, free=99.21%, comm=40MB]
    ^--   default region [used=32MB, free=96.06%, comm=256MB]
    ^--   TxLog region [used=0MB, free=100%, comm=40MB]
    ^-- Outbound messages queue [size=0]
    ^-- Public thread pool [active=0, idle=0, qSize=0]
    ^-- System thread pool [active=0, idle=6, qSize=0]
[16:17:17,514][INFO][grid-timeout-worker-#23][IgniteKernal] 
Metrics for local node (to disable set 'metricsLogFrequency' to 0)
    ^-- Node [id=a4d353ea, uptime=01:08:00.515]
    ^-- H/N/C [hosts=1, nodes=1, CPUs=1]
    ^-- CPU [cur=0%, avg=0.37%, GC=0%]
    ^-- PageMemory [pages=8408]
    ^-- Heap [used=118MB, free=88.07%, comm=989MB]
    ^-- Off-heap [used=33MB, free=96.76%, comm=336MB]
    ^--   sysMemPlc region [used=0MB, free=99.21%, comm=40MB]
    ^--   default region [used=32MB, free=96.06%, comm=256MB]
    ^--   TxLog region [used=0MB, free=100%, comm=40MB]
    ^-- Outbound messages queue [size=0]
    ^-- Public thread pool [active=0, idle=0, qSize=0]
    ^-- System thread pool [active=0, idle=6, qSize=0]
[16:18:17,522][INFO][grid-timeout-worker-#23][IgniteKernal] 
Metrics for local node (to disable set 'metricsLogFrequency' to 0)
    ^-- Node [id=a4d353ea, uptime=01:09:00.525]
    ^-- H/N/C [hosts=1, nodes=1, CPUs=1]
    ^-- CPU [cur=0%, avg=0.37%, GC=0%]
    ^-- PageMemory [pages=8408]
    ^-- Heap [used=121MB, free=87.73%, comm=989MB]
    ^-- Off-heap [used=33MB, free=96.76%, comm=336MB]
    ^--   sysMemPlc region [used=0MB, free=99.21%, comm=40MB]
    ^--   default region [used=32MB, free=96.06%, comm=256MB]
    ^--   TxLog region [used=0MB, free=100%, comm=40MB]
    ^-- Outbound messages queue [size=0]
    ^-- Public thread pool [active=0, idle=0, qSize=0]
    ^-- System thread pool [active=0, idle=6, qSize=0]
[16:19:17,532][INFO][grid-timeout-worker-#23][IgniteKernal] 
Metrics for local node (to disable set 'metricsLogFrequency' to 0)
    ^-- Node [id=a4d353ea, uptime=01:10:00.535]
    ^-- H/N/C [hosts=1, nodes=1, CPUs=1]
    ^-- CPU [cur=0%, avg=0.36%, GC=0%]
    ^-- PageMemory [pages=8408]
    ^-- Heap [used=123MB, free=87.54%, comm=989MB]
    ^-- Off-heap [used=33MB, free=96.76%, comm=336MB]
    ^--   sysMemPlc region [used=0MB, free=99.21%, comm=40MB]
    ^--   default region [used=32MB, free=96.06%, comm=256MB]
    ^--   TxLog region [used=0MB, free=100%, comm=40MB]
    ^-- Outbound messages queue [size=0]
    ^-- Public thread pool [active=0, idle=0, qSize=0]
    ^-- System thread pool [active=0, idle=6, qSize=0]
[16:20:17,539][INFO][grid-timeout-worker-#23][IgniteKernal] 
Metrics for local node (to disable set 'metricsLogFrequency' to 0)
    ^-- Node [id=a4d353ea, uptime=01:11:00.540]
    ^-- H/N/C [hosts=1, nodes=1, CPUs=1]
    ^-- CPU [cur=0%, avg=0.36%, GC=0%]
    ^-- PageMemory [pages=8408]
    ^-- Heap [used=126MB, free=87.2%, comm=989MB]
    ^-- Off-heap [used=33MB, free=96.76%, comm=336MB]
    ^--   sysMemPlc region [used=0MB, free=99.21%, comm=40MB]
    ^--   default region [used=32MB, free=96.06%, comm=256MB]
    ^--   TxLog region [used=0MB, free=100%, comm=40MB]
    ^-- Outbound messages queue [size=0]
    ^-- Public thread pool [active=0, idle=0, qSize=0]
    ^-- System thread pool [active=0, idle=6, qSize=0]
[16:21:17,546][INFO][grid-timeout-worker-#23][IgniteKernal] 
Metrics for local node (to disable set 'metricsLogFrequency' to 0)
    ^-- Node [id=a4d353ea, uptime=01:12:00.547]
    ^-- H/N/C [hosts=1, nodes=1, CPUs=1]
    ^-- CPU [cur=0%, avg=0.36%, GC=0%]
    ^-- PageMemory [pages=8408]
    ^-- Heap [used=128MB, free=86.97%, comm=989MB]
    ^-- Off-heap [used=33MB, free=96.76%, comm=336MB]
    ^--   sysMemPlc region [used=0MB, free=99.21%, comm=40MB]
    ^--   default region [used=32MB, free=96.06%, comm=256MB]
    ^--   TxLog region [used=0MB, free=100%, comm=40MB]
    ^-- Outbound messages queue [size=0]
    ^-- Public thread pool [active=0, idle=0, qSize=0]
    ^-- System thread pool [active=0, idle=6, qSize=0]
[16:22:17,552][INFO][grid-timeout-worker-#23][IgniteKernal] 
Metrics for local node (to disable set 'metricsLogFrequency' to 0)
    ^-- Node [id=a4d353ea, uptime=01:13:00.551]
    ^-- H/N/C [hosts=1, nodes=1, CPUs=1]
    ^-- CPU [cur=0%, avg=0.36%, GC=0%]
    ^-- PageMemory [pages=8408]
    ^-- Heap [used=132MB, free=86.63%, comm=989MB]
    ^-- Off-heap [used=33MB, free=96.76%, comm=336MB]
    ^--   sysMemPlc region [used=0MB, free=99.21%, comm=40MB]
    ^--   default region [used=32MB, free=96.06%, comm=256MB]
    ^--   TxLog region [used=0MB, free=100%, comm=40MB]
    ^-- Outbound messages queue [size=0]
    ^-- Public thread pool [active=0, idle=0, qSize=0]
    ^-- System thread pool [active=0, idle=6, qSize=0]
[16:23:17,555][INFO][grid-timeout-worker-#23][IgniteKernal] 
Metrics for local node (to disable set 'metricsLogFrequency' to 0)
    ^-- Node [id=a4d353ea, uptime=01:14:00.555]
    ^-- H/N/C [hosts=1, nodes=1, CPUs=1]
    ^-- CPU [cur=0%, avg=0.36%, GC=0%]
    ^-- PageMemory [pages=8408]
    ^-- Heap [used=135MB, free=86.29%, comm=989MB]
    ^-- Off-heap [used=33MB, free=96.76%, comm=336MB]
    ^--   sysMemPlc region [used=0MB, free=99.21%, comm=40MB]
    ^--   default region [used=32MB, free=96.06%, comm=256MB]
    ^--   TxLog region [used=0MB, free=100%, comm=40MB]
    ^-- Outbound messages queue [size=0]
    ^-- Public thread pool [active=0, idle=0, qSize=0]
    ^-- System thread pool [active=0, idle=6, qSize=0]
[16:24:17,563][INFO][grid-timeout-worker-#23][IgniteKernal] 
Metrics for local node (to disable set 'metricsLogFrequency' to 0)
    ^-- Node [id=a4d353ea, uptime=01:15:00.566]
    ^-- H/N/C [hosts=1, nodes=1, CPUs=1]
    ^-- CPU [cur=0%, avg=0.36%, GC=0%]
    ^-- PageMemory [pages=8408]
    ^-- Heap [used=139MB, free=85.88%, comm=989MB]
    ^-- Off-heap [used=33MB, free=96.76%, comm=336MB]
    ^--   sysMemPlc region [used=0MB, free=99.21%, comm=40MB]
    ^--   default region [used=32MB, free=96.06%, comm=256MB]
    ^--   TxLog region [used=0MB, free=100%, comm=40MB]
    ^-- Outbound messages queue [size=0]
    ^-- Public thread pool [active=0, idle=0, qSize=0]
    ^-- System thread pool [active=0, idle=6, qSize=0]
[16:25:17,563][INFO][grid-timeout-worker-#23][IgniteKernal] 
Metrics for local node (to disable set 'metricsLogFrequency' to 0)
    ^-- Node [id=a4d353ea, uptime=01:16:00.566]
    ^-- H/N/C [hosts=1, nodes=1, CPUs=1]
    ^-- CPU [cur=0%, avg=0.36%, GC=0%]
    ^-- PageMemory [pages=8408]
    ^-- Heap [used=143MB, free=85.54%, comm=989MB]
    ^-- Off-heap [used=33MB, free=96.76%, comm=336MB]
    ^--   sysMemPlc region [used=0MB, free=99.21%, comm=40MB]
    ^--   default region [used=32MB, free=96.06%, comm=256MB]
    ^--   TxLog region [used=0MB, free=100%, comm=40MB]
    ^-- Outbound messages queue [size=0]
    ^-- Public thread pool [active=0, idle=0, qSize=0]
    ^-- System thread pool [active=0, idle=6, qSize=0]
[16:26:17,571][INFO][grid-timeout-worker-#23][IgniteKernal] 
Metrics for local node (to disable set 'metricsLogFrequency' to 0)
    ^-- Node [id=a4d353ea, uptime=01:17:00.574]
    ^-- H/N/C [hosts=1, nodes=1, CPUs=1]
    ^-- CPU [cur=0%, avg=0.36%, GC=0%]
    ^-- PageMemory [pages=8408]
    ^-- Heap [used=145MB, free=85.31%, comm=989MB]
    ^-- Off-heap [used=33MB, free=96.76%, comm=336MB]
    ^--   sysMemPlc region [used=0MB, free=99.21%, comm=40MB]
    ^--   default region [used=32MB, free=96.06%, comm=256MB]
    ^--   TxLog region [used=0MB, free=100%, comm=40MB]
    ^-- Outbound messages queue [size=0]
    ^-- Public thread pool [active=0, idle=0, qSize=0]
    ^-- System thread pool [active=0, idle=6, qSize=0]
[16:27:17,579][INFO][grid-timeout-worker-#23][IgniteKernal] 
Metrics for local node (to disable set 'metricsLogFrequency' to 0)
    ^-- Node [id=a4d353ea, uptime=01:18:00.579]
    ^-- H/N/C [hosts=1, nodes=1, CPUs=1]
    ^-- CPU [cur=0%, avg=0.35%, GC=0%]
    ^-- PageMemory [pages=8408]
    ^-- Heap [used=148MB, free=84.96%, comm=989MB]
    ^-- Off-heap [used=33MB, free=96.76%, comm=336MB]
    ^--   sysMemPlc region [used=0MB, free=99.21%, comm=40MB]
    ^--   default region [used=32MB, free=96.06%, comm=256MB]
    ^--   TxLog region [used=0MB, free=100%, comm=40MB]
    ^-- Outbound messages queue [size=0]
    ^-- Public thread pool [active=0, idle=0, qSize=0]
    ^-- System thread pool [active=0, idle=6, qSize=0]
[16:28:17,586][INFO][grid-timeout-worker-#23][IgniteKernal] 
Metrics for local node (to disable set 'metricsLogFrequency' to 0)
    ^-- Node [id=a4d353ea, uptime=01:19:00.581]
    ^-- H/N/C [hosts=1, nodes=1, CPUs=1]
    ^-- CPU [cur=0%, avg=0.35%, GC=0%]
    ^-- PageMemory [pages=8408]
    ^-- Heap [used=151MB, free=84.74%, comm=989MB]
    ^-- Off-heap [used=33MB, free=96.76%, comm=336MB]
    ^--   sysMemPlc region [used=0MB, free=99.21%, comm=40MB]
    ^--   default region [used=32MB, free=96.06%, comm=256MB]
    ^--   TxLog region [used=0MB, free=100%, comm=40MB]
    ^-- Outbound messages queue [size=0]
    ^-- Public thread pool [active=0, idle=0, qSize=0]
    ^-- System thread pool [active=0, idle=6, qSize=0]
[16:28:19,106][INFO][Thread-25][G] Invoking shutdown hook...
