[14:47:59,471][WARNING][main][G] Ignite work directory is not provided, automatically resolved to: C:\apache-ignite\IgniteDeployment\work
[14:47:59,882][INFO][main][IgniteKernal] 

>>>    __________  ________________  
>>>   /  _/ ___/ |/ /  _/_  __/ __/  
>>>  _/ // (7 7    // /  / / / _/    
>>> /___/\___/_/|_/___/ /_/ /___/   
>>> 
>>> ver. 2.7.6#20190911-sha1:21f7ca41
>>> 2019 Copyright(C) Apache Software Foundation
>>> 
>>> Ignite documentation: http://ignite.apache.org

[14:47:59,901][INFO][main][IgniteKernal] Config URL: file:/C:/apache-ignite/IgniteDeployment/config/default-config.xml
[14:47:59,986][INFO][main][IgniteKernal] IgniteConfiguration [igniteInstanceName=null, pubPoolSize=8, svcPoolSize=8, callbackPoolSize=8, stripedPoolSize=8, sysPoolSize=8, mgmtPoolSize=4, igfsPoolSize=1, dataStreamerPoolSize=8, utilityCachePoolSize=8, utilityCacheKeepAliveTime=60000, p2pPoolSize=2, qryPoolSize=8, igniteHome=C:\apache-ignite\IgniteDeployment, igniteWorkDir=C:\apache-ignite\IgniteDeployment\work, mbeanSrv=com.sun.jmx.mbeanserver.JmxMBeanServer@6f94fa3e, nodeId=25cc4e9d-7ddd-4d1b-9586-a0c496809b57, marsh=BinaryMarshaller [], marshLocJobs=false, daemon=false, p2pEnabled=false, netTimeout=5000, sndRetryDelay=1000, sndRetryCnt=3, metricsHistSize=10000, metricsUpdateFreq=2000, metricsExpTime=9223372036854775807, discoSpi=TcpDiscoverySpi [addrRslvr=null, sockTimeout=0, ackTimeout=0, marsh=null, reconCnt=10, reconDelay=2000, maxAckTimeout=600000, forceSrvMode=false, clientReconnectDisabled=false, internalLsnr=null], segPlc=STOP, segResolveAttempts=2, waitForSegOnStart=true, allResolversPassReq=true, segChkFreq=10000, commSpi=TcpCommunicationSpi [connectGate=null, connPlc=org.apache.ignite.spi.communication.tcp.TcpCommunicationSpi$FirstConnectionPolicy@158da8e, enableForcibleNodeKill=false, enableTroubleshootingLog=false, locAddr=null, locHost=null, locPort=47100, locPortRange=100, shmemPort=-1, directBuf=true, directSndBuf=false, idleConnTimeout=600000, connTimeout=5000, maxConnTimeout=600000, reconCnt=10, sockSndBuf=32768, sockRcvBuf=32768, msgQueueLimit=0, slowClientQueueLimit=0, nioSrvr=null, shmemSrv=null, usePairedConnections=false, connectionsPerNode=1, tcpNoDelay=true, filterReachableAddresses=false, ackSndThreshold=32, unackedMsgsBufSize=0, sockWriteTimeout=2000, boundTcpPort=-1, boundTcpShmemPort=-1, selectorsCnt=4, selectorSpins=0, addrRslvr=null, ctxInitLatch=java.util.concurrent.CountDownLatch@74e52303[Count = 1], stopping=false], evtSpi=org.apache.ignite.spi.eventstorage.NoopEventStorageSpi@47af7f3d, colSpi=NoopCollisionSpi [], deploySpi=LocalDeploymentSpi [], indexingSpi=org.apache.ignite.spi.indexing.noop.NoopIndexingSpi@323b36e0, addrRslvr=null, encryptionSpi=org.apache.ignite.spi.encryption.noop.NoopEncryptionSpi@44ebcd03, clientMode=false, rebalanceThreadPoolSize=1, txCfg=TransactionConfiguration [txSerEnabled=false, dfltIsolation=REPEATABLE_READ, dfltConcurrency=PESSIMISTIC, dfltTxTimeout=0, txTimeoutOnPartitionMapExchange=0, pessimisticTxLogSize=0, pessimisticTxLogLinger=10000, tmLookupClsName=null, txManagerFactory=null, useJtaSync=false], cacheSanityCheckEnabled=true, discoStartupDelay=60000, deployMode=SHARED, p2pMissedCacheSize=100, locHost=null, timeSrvPortBase=31100, timeSrvPortRange=100, failureDetectionTimeout=10000, sysWorkerBlockedTimeout=null, clientFailureDetectionTimeout=30000, metricsLogFreq=60000, hadoopCfg=null, connectorCfg=ConnectorConfiguration [jettyPath=null, host=null, port=11211, noDelay=true, directBuf=false, sndBufSize=32768, rcvBufSize=32768, idleQryCurTimeout=600000, idleQryCurCheckFreq=60000, sndQueueLimit=0, selectorCnt=1, idleTimeout=7000, sslEnabled=false, sslClientAuth=false, sslCtxFactory=null, sslFactory=null, portRange=100, threadPoolSize=8, msgInterceptor=null], odbcCfg=null, warmupClos=null, atomicCfg=AtomicConfiguration [seqReserveSize=1000, cacheMode=PARTITIONED, backups=1, aff=null, grpName=null], classLdr=null, sslCtxFactory=null, platformCfg=null, binaryCfg=null, memCfg=null, pstCfg=null, dsCfg=DataStorageConfiguration [sysRegionInitSize=41943040, sysRegionMaxSize=104857600, pageSize=0, concLvl=0, dfltDataRegConf=DataRegionConfiguration [name=default, maxSize=858899251, initSize=268435456, swapPath=null, pageEvictionMode=DISABLED, evictionThreshold=0.9, emptyPagesPoolSize=100, metricsEnabled=false, metricsSubIntervalCount=5, metricsRateTimeInterval=60000, persistenceEnabled=false, checkpointPageBufSize=0], dataRegions=null, storagePath=null, checkpointFreq=180000, lockWaitTime=10000, checkpointThreads=4, checkpointWriteOrder=SEQUENTIAL, walHistSize=20, maxWalArchiveSize=1073741824, walSegments=10, walSegmentSize=67108864, walPath=db/wal, walArchivePath=db/wal/archive, metricsEnabled=false, walMode=LOG_ONLY, walTlbSize=131072, walBuffSize=0, walFlushFreq=2000, walFsyncDelay=1000, walRecordIterBuffSize=67108864, alwaysWriteFullPages=false, fileIOFactory=org.apache.ignite.internal.processors.cache.persistence.file.AsyncFileIOFactory@6b927fb, metricsSubIntervalCnt=5, metricsRateTimeInterval=60000, walAutoArchiveAfterInactivity=-1, writeThrottlingEnabled=false, walCompactionEnabled=false, walCompactionLevel=1, checkpointReadLockTimeout=null], activeOnStart=true, autoActivation=true, longQryWarnTimeout=3000, sqlConnCfg=null, cliConnCfg=ClientConnectorConfiguration [host=null, port=10800, portRange=100, sockSndBufSize=0, sockRcvBufSize=0, tcpNoDelay=true, maxOpenCursorsPerConn=128, threadPoolSize=8, idleTimeout=0, jdbcEnabled=true, odbcEnabled=true, thinCliEnabled=true, sslEnabled=false, useIgniteSslCtxFactory=true, sslClientAuth=false, sslCtxFactory=null], mvccVacuumThreadCnt=2, mvccVacuumFreq=5000, authEnabled=false, failureHnd=null, commFailureRslvr=null]
[14:47:59,988][INFO][main][IgniteKernal] Daemon mode: off
[14:47:59,991][INFO][main][IgniteKernal] OS: Windows 10 10.0 amd64
[14:47:59,991][INFO][main][IgniteKernal] OS user: mudassir
[14:47:59,992][INFO][main][IgniteKernal] PID: 4172
[14:47:59,993][INFO][main][IgniteKernal] Language runtime: Java Platform API Specification ver. 1.8
[14:47:59,994][INFO][main][IgniteKernal] VM information: Java(TM) SE Runtime Environment 1.8.0_281-b09 Oracle Corporation Java HotSpot(TM) 64-Bit Server VM 25.281-b09
[14:47:59,997][INFO][main][IgniteKernal] VM total memory: 0.97GB
[14:47:59,998][INFO][main][IgniteKernal] Remote Management [restart: on, REST: on, JMX (remote: on, port: 49117, auth: off, ssl: off)]
[14:48:00,000][INFO][main][IgniteKernal] Logger: JavaLogger [quiet=true, config=null]
[14:48:00,000][INFO][main][IgniteKernal] IGNITE_HOME=C:\apache-ignite\IgniteDeployment
[14:48:00,000][INFO][main][IgniteKernal] VM arguments: [-XX:+AggressiveOpts, -Xms1g, -Xmx1g, -XX:MaxMetaspaceSize=256m, -DIGNITE_QUIET=true, -DIGNITE_SUCCESS_FILE=C:\apache-ignite\IgniteDeployment\work\ignite_success_3de271a7-fea0-4197-be20-c8d85a85a718, -Dcom.sun.management.jmxremote, -Dcom.sun.management.jmxremote.port=49117, -Dcom.sun.management.jmxremote.authenticate=false, -Dcom.sun.management.jmxremote.ssl=false, -DIGNITE_HOME=C:\apache-ignite\IgniteDeployment, -DIGNITE_PROG_NAME=ignite.bat]
[14:48:00,001][INFO][main][IgniteKernal] System cache's DataRegion size is configured to 40 MB. Use DataStorageConfiguration.systemRegionInitialSize property to change the setting.
[14:48:00,014][INFO][main][IgniteKernal] Configured caches [in 'sysMemPlc' dataRegion: ['ignite-sys-cache']]
[14:48:00,016][WARNING][main][IgniteKernal] Please set system property '-Djava.net.preferIPv4Stack=true' to avoid possible problems in mixed environments.
[14:48:00,023][INFO][main][IgniteKernal] 3-rd party licenses can be found at: C:\apache-ignite\IgniteDeployment\libs\licenses
[14:48:00,244][WARNING][pub-#19][GridDiagnostic] This operating system has been tested less rigorously: Windows 10 10.0 amd64. Our team will appreciate the feedback if you experience any problems running ignite in this environment.
[14:48:00,246][INFO][main][IgnitePluginProcessor] Configured plugins:
[14:48:00,247][INFO][main][IgnitePluginProcessor]   ^-- None
[14:48:00,249][INFO][main][IgnitePluginProcessor] 
[14:48:00,255][INFO][main][FailureProcessor] Configured failure handler: [hnd=StopNodeOrHaltFailureHandler [tryStop=false, timeout=0, super=AbstractFailureHandler [ignoredFailureTypes=[SYSTEM_WORKER_BLOCKED, SYSTEM_CRITICAL_OPERATION_TIMEOUT]]]]
[14:48:00,404][INFO][main][TcpCommunicationSpi] Successfully bound communication NIO server to TCP port [port=47100, locHost=0.0.0.0/0.0.0.0, selectorsCnt=4, selectorSpins=0, pairedConn=false]
[14:48:00,592][WARNING][main][TcpCommunicationSpi] Message queue limit is set to 0 which may lead to potential OOMEs when running cache operations in FULL_ASYNC or PRIMARY_SYNC modes due to message queues growth on sender and receiver sides.
[14:48:00,659][WARNING][main][NoopCheckpointSpi] Checkpoints are disabled (to enable configure any GridCheckpointSpi implementation)
[14:48:00,712][WARNING][main][GridCollisionManager] Collision resolution is disabled (all jobs will be activated upon arrival).
[14:48:00,765][INFO][main][IgniteKernal] Security status [authentication=off, tls/ssl=off]
[14:48:01,272][WARNING][main][IgniteCacheDatabaseSharedManager] DataRegionConfiguration.maxWalArchiveSize instead DataRegionConfiguration.walHistorySize would be used for removing old archive wal files
[14:48:01,318][INFO][main][PartitionsEvictManager] Evict partition permits=2
[14:48:01,738][INFO][main][ClientListenerProcessor] Client connector processor has started on TCP port 10800
[14:48:01,806][INFO][main][GridTcpRestProtocol] Command protocol successfully started [name=TCP binary, host=0.0.0.0/0.0.0.0, port=11211]
[14:48:02,382][INFO][main][GridJettyRestProtocol] Command protocol successfully started [name=Jetty REST, host=/0.0.0.0, port=8080]
[14:48:03,311][WARNING][jvm-pause-detector-worker][IgniteKernal] Possible too long JVM pause: 879 milliseconds.
[14:48:03,513][INFO][main][IgniteKernal] Non-loopback local IPs: 192.168.0.21, fe80:0:0:0:153b:24d3:574f:ac2e%eth3
[14:48:03,515][INFO][main][IgniteKernal] Enabled local MACs: 080027835105
[14:48:03,598][INFO][main][TcpDiscoverySpi] Connection check threshold is calculated: 10000
[14:48:03,604][INFO][main][TcpDiscoverySpi] Successfully bound to TCP port [port=47500, localHost=0.0.0.0/0.0.0.0, locNodeId=25cc4e9d-7ddd-4d1b-9586-a0c496809b57]
[14:48:03,610][WARNING][main][TcpDiscoveryMulticastIpFinder] TcpDiscoveryMulticastIpFinder has no pre-configured addresses (it is recommended in production to specify at least one address in TcpDiscoveryMulticastIpFinder.getAddresses() configuration property)
[14:48:05,231][INFO][disco-notifier-worker-#35][MvccProcessorImpl] Assigned mvcc coordinator [crd=MvccCoordinator [nodeId=25cc4e9d-7ddd-4d1b-9586-a0c496809b57, crdVer=1615801685196, topVer=AffinityTopologyVersion [topVer=1, minorTopVer=0]], crdNode=TcpDiscoveryNode [id=25cc4e9d-7ddd-4d1b-9586-a0c496809b57, addrs=[0:0:0:0:0:0:0:1, 127.0.0.1, 192.168.0.21], sockAddrs=[DESKTOP-3E2SC7Q/192.168.0.21:47500, /0:0:0:0:0:0:0:1:47500, /127.0.0.1:47500], discPort=47500, order=1, intOrder=1, lastExchangeTime=1615801683595, loc=true, ver=2.7.6#20190911-sha1:21f7ca41, isClient=false]]
[14:48:05,237][WARNING][main][IgniteKernal] Nodes started on local machine require more than 80% of physical RAM what can lead to significant slowdown due to swapping (please decrease JVM heap size, data region size or checkpoint buffer size) [required=1908MB, available=4095MB]
[14:48:05,291][INFO][exchange-worker-#37][time] Started exchange init [topVer=AffinityTopologyVersion [topVer=1, minorTopVer=0], mvccCrd=MvccCoordinator [nodeId=25cc4e9d-7ddd-4d1b-9586-a0c496809b57, crdVer=1615801685196, topVer=AffinityTopologyVersion [topVer=1, minorTopVer=0]], mvccCrdChange=true, crd=true, evt=NODE_JOINED, evtNode=25cc4e9d-7ddd-4d1b-9586-a0c496809b57, customEvt=null, allowMerge=false]
[14:48:05,351][INFO][exchange-worker-#37][msg] Components activation performed in 58 ms.
[14:48:05,712][INFO][exchange-worker-#37][GridCacheProcessor] Started cache [name=ignite-sys-cache, id=-2100569601, memoryPolicyName=sysMemPlc, mode=REPLICATED, atomicity=TRANSACTIONAL, backups=2147483647, mvcc=false], encryptionEnabled=false]
[14:48:05,713][INFO][exchange-worker-#37][GridCacheProcessor] Starting caches on local join performed in 361 ms.
[14:48:05,730][INFO][exchange-worker-#37][GridDhtPartitionsExchangeFuture] Skipped waiting for partitions release future (local node is joining) [topVer=AffinityTopologyVersion [topVer=1, minorTopVer=0]]
[14:48:05,821][INFO][exchange-worker-#37][GridDhtPartitionsExchangeFuture] finishExchangeOnCoordinator [topVer=AffinityTopologyVersion [topVer=1, minorTopVer=0], resVer=AffinityTopologyVersion [topVer=1, minorTopVer=0]]
[14:48:05,821][INFO][exchange-worker-#37][GridDhtPartitionsExchangeFuture] Affinity changes (coordinator) applied in 0 ms.
[14:48:05,829][INFO][exchange-worker-#37][GridDhtPartitionsExchangeFuture] Partitions validation performed in 8 ms.
[14:48:05,831][INFO][exchange-worker-#37][GridDhtPartitionsExchangeFuture] Partitions assignment performed in 2 ms.
[14:48:05,860][INFO][exchange-worker-#37][GridDhtPartitionsExchangeFuture] Preparing Full Message performed in 27 ms.
[14:48:05,875][INFO][exchange-worker-#37][GridDhtPartitionsExchangeFuture] Sending Full Message to all nodes performed in 0 ms.
[14:48:05,875][INFO][exchange-worker-#37][GridDhtPartitionsExchangeFuture] Finish exchange future [startVer=AffinityTopologyVersion [topVer=1, minorTopVer=0], resVer=AffinityTopologyVersion [topVer=1, minorTopVer=0], err=null]
[14:48:05,877][INFO][exchange-worker-#37][GridDhtPartitionsExchangeFuture] Detecting lost partitions performed in 2 ms.
[14:48:05,878][INFO][exchange-worker-#37][MvccProcessorImpl] Initialize local node as mvcc coordinator [node=25cc4e9d-7ddd-4d1b-9586-a0c496809b57, crdVer=1615801685196]
[14:48:05,888][INFO][exchange-worker-#37][GridCacheProcessor] Finish proxy initialization, cacheName=ignite-sys-cache, localNodeId=25cc4e9d-7ddd-4d1b-9586-a0c496809b57
[14:48:05,900][INFO][exchange-worker-#37][GridDhtPartitionsExchangeFuture] Completed partition exchange [localNode=25cc4e9d-7ddd-4d1b-9586-a0c496809b57, exchange=GridDhtPartitionsExchangeFuture [topVer=AffinityTopologyVersion [topVer=1, minorTopVer=0], evt=NODE_JOINED, evtNode=TcpDiscoveryNode [id=25cc4e9d-7ddd-4d1b-9586-a0c496809b57, addrs=[0:0:0:0:0:0:0:1, 127.0.0.1, 192.168.0.21], sockAddrs=[DESKTOP-3E2SC7Q/192.168.0.21:47500, /0:0:0:0:0:0:0:1:47500, /127.0.0.1:47500], discPort=47500, order=1, intOrder=1, lastExchangeTime=1615801683595, loc=true, ver=2.7.6#20190911-sha1:21f7ca41, isClient=false], done=true], topVer=AffinityTopologyVersion [topVer=1, minorTopVer=0], durationFromInit=611]
[14:48:05,901][INFO][exchange-worker-#37][time] Finished exchange init [topVer=AffinityTopologyVersion [topVer=1, minorTopVer=0], crd=true]
[14:48:05,979][INFO][exchange-worker-#37][GridCachePartitionExchangeManager] Skipping rebalancing (nothing scheduled) [top=AffinityTopologyVersion [topVer=1, minorTopVer=0], force=false, evt=NODE_JOINED, node=25cc4e9d-7ddd-4d1b-9586-a0c496809b57]
[14:48:06,107][INFO][main][IgniteKernal] Performance suggestions for grid  (fix if possible)
[14:48:06,123][INFO][main][IgniteKernal] To disable, set -DIGNITE_PERFORMANCE_SUGGESTIONS_DISABLED=true
[14:48:06,143][INFO][main][IgniteKernal]   ^-- Enable G1 Garbage Collector (add '-XX:+UseG1GC' to JVM options)
[14:48:06,150][INFO][main][IgniteKernal]   ^-- Set max direct memory size if getting 'OOME: Direct buffer memory' (add '-XX:MaxDirectMemorySize=<size>[g|G|m|M|k|K]' to JVM options)
[14:48:06,153][INFO][main][IgniteKernal]   ^-- Disable processing of calls to System.gc() (add '-XX:+DisableExplicitGC' to JVM options)
[14:48:06,155][INFO][main][IgniteKernal] Refer to this page for more performance suggestions: https://apacheignite.readme.io/docs/jvm-and-system-tuning
[14:48:06,170][INFO][main][IgniteKernal] 
[14:48:06,178][INFO][main][IgniteKernal] To start Console Management & Monitoring run ignitevisorcmd.{sh|bat}
[14:48:06,225][INFO][main][IgniteKernal] Data Regions Configured:
[14:48:06,227][INFO][main][IgniteKernal]   ^-- default [initSize=256.0 MiB, maxSize=819.1 MiB, persistence=false]
[14:48:06,229][INFO][main][IgniteKernal] 

>>> +----------------------------------------------------------------------+
>>> Ignite ver. 2.7.6#20190911-sha1:21f7ca41c4348909e2fd26ccf59b5b2ce1f4474e
>>> +----------------------------------------------------------------------+
>>> OS name: Windows 10 10.0 amd64
>>> CPU(s): 1
>>> Heap: 1.0GB
>>> VM name: 4172@DESKTOP-3E2SC7Q
>>> Local node [ID=25CC4E9D-7DDD-4D1B-9586-A0C496809B57, order=1, clientMode=false]
>>> Local node addresses: [DESKTOP-3E2SC7Q/0:0:0:0:0:0:0:1, /127.0.0.1, /192.168.0.21]
>>> Local ports: TCP:8080 TCP:10800 TCP:11211 TCP:47100 UDP:47400 TCP:47500 

[14:48:06,247][INFO][main][GridDiscoveryManager] Topology snapshot [ver=1, locNode=25cc4e9d, servers=1, clients=0, state=ACTIVE, CPUs=1, offheap=0.8GB, heap=1.0GB]
[14:49:06,119][INFO][grid-timeout-worker-#23][IgniteKernal] 
Metrics for local node (to disable set 'metricsLogFrequency' to 0)
    ^-- Node [id=25cc4e9d, uptime=00:01:00.017]
    ^-- H/N/C [hosts=1, nodes=1, CPUs=1]
    ^-- CPU [cur=9.37%, avg=3.57%, GC=0%]
    ^-- PageMemory [pages=200]
    ^-- Heap [used=87MB, free=91.2%, comm=989MB]
    ^-- Off-heap [used=0MB, free=99.92%, comm=336MB]
    ^--   sysMemPlc region [used=0MB, free=99.21%, comm=40MB]
    ^--   default region [used=0MB, free=100%, comm=256MB]
    ^--   TxLog region [used=0MB, free=100%, comm=40MB]
    ^-- Outbound messages queue [size=0]
    ^-- Public thread pool [active=0, idle=0, qSize=0]
    ^-- System thread pool [active=0, idle=6, qSize=0]
[14:50:06,138][INFO][grid-timeout-worker-#23][IgniteKernal] 
Metrics for local node (to disable set 'metricsLogFrequency' to 0)
    ^-- Node [id=25cc4e9d, uptime=00:02:00.039]
    ^-- H/N/C [hosts=1, nodes=1, CPUs=1]
    ^-- CPU [cur=0%, avg=1.93%, GC=0%]
    ^-- PageMemory [pages=200]
    ^-- Heap [used=90MB, free=90.86%, comm=989MB]
    ^-- Off-heap [used=0MB, free=99.92%, comm=336MB]
    ^--   sysMemPlc region [used=0MB, free=99.21%, comm=40MB]
    ^--   default region [used=0MB, free=100%, comm=256MB]
    ^--   TxLog region [used=0MB, free=100%, comm=40MB]
    ^-- Outbound messages queue [size=0]
    ^-- Public thread pool [active=0, idle=0, qSize=0]
    ^-- System thread pool [active=0, idle=6, qSize=0]
[14:51:06,148][INFO][grid-timeout-worker-#23][IgniteKernal] 
Metrics for local node (to disable set 'metricsLogFrequency' to 0)
    ^-- Node [id=25cc4e9d, uptime=00:03:00.046]
    ^-- H/N/C [hosts=1, nodes=1, CPUs=1]
    ^-- CPU [cur=0%, avg=1.41%, GC=0%]
    ^-- PageMemory [pages=200]
    ^-- Heap [used=94MB, free=90.45%, comm=989MB]
    ^-- Off-heap [used=0MB, free=99.92%, comm=336MB]
    ^--   sysMemPlc region [used=0MB, free=99.21%, comm=40MB]
    ^--   default region [used=0MB, free=100%, comm=256MB]
    ^--   TxLog region [used=0MB, free=100%, comm=40MB]
    ^-- Outbound messages queue [size=0]
    ^-- Public thread pool [active=0, idle=0, qSize=0]
    ^-- System thread pool [active=0, idle=6, qSize=0]
[14:52:06,148][INFO][grid-timeout-worker-#23][IgniteKernal] 
Metrics for local node (to disable set 'metricsLogFrequency' to 0)
    ^-- Node [id=25cc4e9d, uptime=00:04:00.052]
    ^-- H/N/C [hosts=1, nodes=1, CPUs=1]
    ^-- CPU [cur=0.5%, avg=1.15%, GC=0%]
    ^-- PageMemory [pages=200]
    ^-- Heap [used=97MB, free=90.12%, comm=989MB]
    ^-- Off-heap [used=0MB, free=99.92%, comm=336MB]
    ^--   sysMemPlc region [used=0MB, free=99.21%, comm=40MB]
    ^--   default region [used=0MB, free=100%, comm=256MB]
    ^--   TxLog region [used=0MB, free=100%, comm=40MB]
    ^-- Outbound messages queue [size=0]
    ^-- Public thread pool [active=0, idle=0, qSize=0]
    ^-- System thread pool [active=0, idle=6, qSize=0]
[14:53:06,154][INFO][grid-timeout-worker-#23][IgniteKernal] 
Metrics for local node (to disable set 'metricsLogFrequency' to 0)
    ^-- Node [id=25cc4e9d, uptime=00:05:00.059]
    ^-- H/N/C [hosts=1, nodes=1, CPUs=1]
    ^-- CPU [cur=0%, avg=1%, GC=0%]
    ^-- PageMemory [pages=200]
    ^-- Heap [used=101MB, free=89.73%, comm=989MB]
    ^-- Off-heap [used=0MB, free=99.92%, comm=336MB]
    ^--   sysMemPlc region [used=0MB, free=99.21%, comm=40MB]
    ^--   default region [used=0MB, free=100%, comm=256MB]
    ^--   TxLog region [used=0MB, free=100%, comm=40MB]
    ^-- Outbound messages queue [size=0]
    ^-- Public thread pool [active=0, idle=0, qSize=0]
    ^-- System thread pool [active=0, idle=6, qSize=0]
[14:54:06,162][INFO][grid-timeout-worker-#23][IgniteKernal] 
Metrics for local node (to disable set 'metricsLogFrequency' to 0)
    ^-- Node [id=25cc4e9d, uptime=00:06:00.067]
    ^-- H/N/C [hosts=1, nodes=1, CPUs=1]
    ^-- CPU [cur=0.53%, avg=0.9%, GC=0%]
    ^-- PageMemory [pages=200]
    ^-- Heap [used=105MB, free=89.35%, comm=989MB]
    ^-- Off-heap [used=0MB, free=99.92%, comm=336MB]
    ^--   sysMemPlc region [used=0MB, free=99.21%, comm=40MB]
    ^--   default region [used=0MB, free=100%, comm=256MB]
    ^--   TxLog region [used=0MB, free=100%, comm=40MB]
    ^-- Outbound messages queue [size=0]
    ^-- Public thread pool [active=0, idle=0, qSize=0]
    ^-- System thread pool [active=0, idle=6, qSize=0]
[14:55:06,163][INFO][grid-timeout-worker-#23][IgniteKernal] 
Metrics for local node (to disable set 'metricsLogFrequency' to 0)
    ^-- Node [id=25cc4e9d, uptime=00:07:00.068]
    ^-- H/N/C [hosts=1, nodes=1, CPUs=1]
    ^-- CPU [cur=0%, avg=0.8%, GC=0%]
    ^-- PageMemory [pages=200]
    ^-- Heap [used=108MB, free=89.04%, comm=989MB]
    ^-- Off-heap [used=0MB, free=99.92%, comm=336MB]
    ^--   sysMemPlc region [used=0MB, free=99.21%, comm=40MB]
    ^--   default region [used=0MB, free=100%, comm=256MB]
    ^--   TxLog region [used=0MB, free=100%, comm=40MB]
    ^-- Outbound messages queue [size=0]
    ^-- Public thread pool [active=0, idle=0, qSize=0]
    ^-- System thread pool [active=0, idle=5, qSize=0]
[14:56:06,173][INFO][grid-timeout-worker-#23][IgniteKernal] 
Metrics for local node (to disable set 'metricsLogFrequency' to 0)
    ^-- Node [id=25cc4e9d, uptime=00:08:00.069]
    ^-- H/N/C [hosts=1, nodes=1, CPUs=1]
    ^-- CPU [cur=0.53%, avg=0.73%, GC=0%]
    ^-- PageMemory [pages=200]
    ^-- Heap [used=112MB, free=88.65%, comm=989MB]
    ^-- Off-heap [used=0MB, free=99.92%, comm=336MB]
    ^--   sysMemPlc region [used=0MB, free=99.21%, comm=40MB]
    ^--   default region [used=0MB, free=100%, comm=256MB]
    ^--   TxLog region [used=0MB, free=100%, comm=40MB]
    ^-- Outbound messages queue [size=0]
    ^-- Public thread pool [active=0, idle=0, qSize=0]
    ^-- System thread pool [active=0, idle=5, qSize=0]
[14:57:06,169][INFO][grid-timeout-worker-#23][IgniteKernal] 
Metrics for local node (to disable set 'metricsLogFrequency' to 0)
    ^-- Node [id=25cc4e9d, uptime=00:09:00.074]
    ^-- H/N/C [hosts=1, nodes=1, CPUs=1]
    ^-- CPU [cur=0%, avg=0.7%, GC=0%]
    ^-- PageMemory [pages=200]
    ^-- Heap [used=115MB, free=88.31%, comm=989MB]
    ^-- Off-heap [used=0MB, free=99.92%, comm=336MB]
    ^--   sysMemPlc region [used=0MB, free=99.21%, comm=40MB]
    ^--   default region [used=0MB, free=100%, comm=256MB]
    ^--   TxLog region [used=0MB, free=100%, comm=40MB]
    ^-- Outbound messages queue [size=0]
    ^-- Public thread pool [active=0, idle=0, qSize=0]
    ^-- System thread pool [active=0, idle=6, qSize=0]
[14:58:06,198][INFO][grid-timeout-worker-#23][IgniteKernal] 
Metrics for local node (to disable set 'metricsLogFrequency' to 0)
    ^-- Node [id=25cc4e9d, uptime=00:10:00.077]
    ^-- H/N/C [hosts=1, nodes=1, CPUs=1]
    ^-- CPU [cur=0%, avg=0.65%, GC=0%]
    ^-- PageMemory [pages=200]
    ^-- Heap [used=119MB, free=87.94%, comm=989MB]
    ^-- Off-heap [used=0MB, free=99.92%, comm=336MB]
    ^--   sysMemPlc region [used=0MB, free=99.21%, comm=40MB]
    ^--   default region [used=0MB, free=100%, comm=256MB]
    ^--   TxLog region [used=0MB, free=100%, comm=40MB]
    ^-- Outbound messages queue [size=0]
    ^-- Public thread pool [active=0, idle=0, qSize=0]
    ^-- System thread pool [active=0, idle=6, qSize=0]
[14:59:06,205][INFO][grid-timeout-worker-#23][IgniteKernal] 
Metrics for local node (to disable set 'metricsLogFrequency' to 0)
    ^-- Node [id=25cc4e9d, uptime=00:11:00.105]
    ^-- H/N/C [hosts=1, nodes=1, CPUs=1]
    ^-- CPU [cur=0%, avg=0.61%, GC=0%]
    ^-- PageMemory [pages=200]
    ^-- Heap [used=123MB, free=87.5%, comm=989MB]
    ^-- Off-heap [used=0MB, free=99.92%, comm=336MB]
    ^--   sysMemPlc region [used=0MB, free=99.21%, comm=40MB]
    ^--   default region [used=0MB, free=100%, comm=256MB]
    ^--   TxLog region [used=0MB, free=100%, comm=40MB]
    ^-- Outbound messages queue [size=0]
    ^-- Public thread pool [active=0, idle=0, qSize=0]
    ^-- System thread pool [active=0, idle=6, qSize=0]
[15:00:06,208][INFO][grid-timeout-worker-#23][IgniteKernal] 
Metrics for local node (to disable set 'metricsLogFrequency' to 0)
    ^-- Node [id=25cc4e9d, uptime=00:12:00.113]
    ^-- H/N/C [hosts=1, nodes=1, CPUs=1]
    ^-- CPU [cur=0%, avg=0.59%, GC=0%]
    ^-- PageMemory [pages=200]
    ^-- Heap [used=127MB, free=87.16%, comm=989MB]
    ^-- Off-heap [used=0MB, free=99.92%, comm=336MB]
    ^--   sysMemPlc region [used=0MB, free=99.21%, comm=40MB]
    ^--   default region [used=0MB, free=100%, comm=256MB]
    ^--   TxLog region [used=0MB, free=100%, comm=40MB]
    ^-- Outbound messages queue [size=0]
    ^-- Public thread pool [active=0, idle=0, qSize=0]
    ^-- System thread pool [active=0, idle=6, qSize=0]
[15:01:06,218][INFO][grid-timeout-worker-#23][IgniteKernal] 
Metrics for local node (to disable set 'metricsLogFrequency' to 0)
    ^-- Node [id=25cc4e9d, uptime=00:13:00.120]
    ^-- H/N/C [hosts=1, nodes=1, CPUs=1]
    ^-- CPU [cur=0%, avg=0.57%, GC=0%]
    ^-- PageMemory [pages=200]
    ^-- Heap [used=130MB, free=86.82%, comm=989MB]
    ^-- Off-heap [used=0MB, free=99.92%, comm=336MB]
    ^--   sysMemPlc region [used=0MB, free=99.21%, comm=40MB]
    ^--   default region [used=0MB, free=100%, comm=256MB]
    ^--   TxLog region [used=0MB, free=100%, comm=40MB]
    ^-- Outbound messages queue [size=0]
    ^-- Public thread pool [active=0, idle=0, qSize=0]
    ^-- System thread pool [active=0, idle=6, qSize=0]
[15:02:06,225][INFO][grid-timeout-worker-#23][IgniteKernal] 
Metrics for local node (to disable set 'metricsLogFrequency' to 0)
    ^-- Node [id=25cc4e9d, uptime=00:14:00.124]
    ^-- H/N/C [hosts=1, nodes=1, CPUs=1]
    ^-- CPU [cur=0.53%, avg=0.55%, GC=0%]
    ^-- PageMemory [pages=200]
    ^-- Heap [used=134MB, free=86.43%, comm=989MB]
    ^-- Off-heap [used=0MB, free=99.92%, comm=336MB]
    ^--   sysMemPlc region [used=0MB, free=99.21%, comm=40MB]
    ^--   default region [used=0MB, free=100%, comm=256MB]
    ^--   TxLog region [used=0MB, free=100%, comm=40MB]
    ^-- Outbound messages queue [size=0]
    ^-- Public thread pool [active=0, idle=0, qSize=0]
    ^-- System thread pool [active=0, idle=6, qSize=0]
[15:03:06,235][INFO][grid-timeout-worker-#23][IgniteKernal] 
Metrics for local node (to disable set 'metricsLogFrequency' to 0)
    ^-- Node [id=25cc4e9d, uptime=00:15:00.133]
    ^-- H/N/C [hosts=1, nodes=1, CPUs=1]
    ^-- CPU [cur=0%, avg=0.52%, GC=0%]
    ^-- PageMemory [pages=200]
    ^-- Heap [used=137MB, free=86.09%, comm=989MB]
    ^-- Off-heap [used=0MB, free=99.92%, comm=336MB]
    ^--   sysMemPlc region [used=0MB, free=99.21%, comm=40MB]
    ^--   default region [used=0MB, free=100%, comm=256MB]
    ^--   TxLog region [used=0MB, free=100%, comm=40MB]
    ^-- Outbound messages queue [size=0]
    ^-- Public thread pool [active=0, idle=0, qSize=0]
    ^-- System thread pool [active=0, idle=6, qSize=0]
[15:04:06,232][INFO][grid-timeout-worker-#23][IgniteKernal] 
Metrics for local node (to disable set 'metricsLogFrequency' to 0)
    ^-- Node [id=25cc4e9d, uptime=00:16:00.134]
    ^-- H/N/C [hosts=1, nodes=1, CPUs=1]
    ^-- CPU [cur=0%, avg=0.51%, GC=0%]
    ^-- PageMemory [pages=200]
    ^-- Heap [used=141MB, free=85.71%, comm=989MB]
    ^-- Off-heap [used=0MB, free=99.92%, comm=336MB]
    ^--   sysMemPlc region [used=0MB, free=99.21%, comm=40MB]
    ^--   default region [used=0MB, free=100%, comm=256MB]
    ^--   TxLog region [used=0MB, free=100%, comm=40MB]
    ^-- Outbound messages queue [size=0]
    ^-- Public thread pool [active=0, idle=0, qSize=0]
    ^-- System thread pool [active=0, idle=6, qSize=0]
[15:05:06,245][INFO][grid-timeout-worker-#23][IgniteKernal] 
Metrics for local node (to disable set 'metricsLogFrequency' to 0)
    ^-- Node [id=25cc4e9d, uptime=00:17:00.135]
    ^-- H/N/C [hosts=1, nodes=1, CPUs=1]
    ^-- CPU [cur=0%, avg=0.5%, GC=0%]
    ^-- PageMemory [pages=200]
    ^-- Heap [used=144MB, free=85.36%, comm=989MB]
    ^-- Off-heap [used=0MB, free=99.92%, comm=336MB]
    ^--   sysMemPlc region [used=0MB, free=99.21%, comm=40MB]
    ^--   default region [used=0MB, free=100%, comm=256MB]
    ^--   TxLog region [used=0MB, free=100%, comm=40MB]
    ^-- Outbound messages queue [size=0]
    ^-- Public thread pool [active=0, idle=0, qSize=0]
    ^-- System thread pool [active=0, idle=6, qSize=0]
[15:05:16,426][WARNING][jvm-pause-detector-worker][IgniteKernal] Possible too long JVM pause: 800 milliseconds.
[15:06:06,253][INFO][grid-timeout-worker-#23][IgniteKernal] 
Metrics for local node (to disable set 'metricsLogFrequency' to 0)
    ^-- Node [id=25cc4e9d, uptime=00:18:00.156]
    ^-- H/N/C [hosts=1, nodes=1, CPUs=1]
    ^-- CPU [cur=0%, avg=0.49%, GC=0%]
    ^-- PageMemory [pages=200]
    ^-- Heap [used=154MB, free=84.42%, comm=989MB]
    ^-- Off-heap [used=0MB, free=99.92%, comm=336MB]
    ^--   sysMemPlc region [used=0MB, free=99.21%, comm=40MB]
    ^--   default region [used=0MB, free=100%, comm=256MB]
    ^--   TxLog region [used=0MB, free=100%, comm=40MB]
    ^-- Outbound messages queue [size=0]
    ^-- Public thread pool [active=0, idle=0, qSize=0]
    ^-- System thread pool [active=0, idle=6, qSize=0]
[15:07:06,261][INFO][grid-timeout-worker-#23][IgniteKernal] 
Metrics for local node (to disable set 'metricsLogFrequency' to 0)
    ^-- Node [id=25cc4e9d, uptime=00:19:00.156]
    ^-- H/N/C [hosts=1, nodes=1, CPUs=1]
    ^-- CPU [cur=0%, avg=0.49%, GC=0%]
    ^-- PageMemory [pages=200]
    ^-- Heap [used=157MB, free=84.13%, comm=989MB]
    ^-- Off-heap [used=0MB, free=99.92%, comm=336MB]
    ^--   sysMemPlc region [used=0MB, free=99.21%, comm=40MB]
    ^--   default region [used=0MB, free=100%, comm=256MB]
    ^--   TxLog region [used=0MB, free=100%, comm=40MB]
    ^-- Outbound messages queue [size=0]
    ^-- Public thread pool [active=0, idle=0, qSize=0]
    ^-- System thread pool [active=0, idle=6, qSize=0]
[15:08:06,254][INFO][grid-timeout-worker-#23][IgniteKernal] 
Metrics for local node (to disable set 'metricsLogFrequency' to 0)
    ^-- Node [id=25cc4e9d, uptime=00:20:00.156]
    ^-- H/N/C [hosts=1, nodes=1, CPUs=1]
    ^-- CPU [cur=0%, avg=0.48%, GC=0%]
    ^-- PageMemory [pages=200]
    ^-- Heap [used=160MB, free=83.74%, comm=989MB]
    ^-- Off-heap [used=0MB, free=99.92%, comm=336MB]
    ^--   sysMemPlc region [used=0MB, free=99.21%, comm=40MB]
    ^--   default region [used=0MB, free=100%, comm=256MB]
    ^--   TxLog region [used=0MB, free=100%, comm=40MB]
    ^-- Outbound messages queue [size=0]
    ^-- Public thread pool [active=0, idle=0, qSize=0]
    ^-- System thread pool [active=0, idle=6, qSize=0]
[15:09:06,260][INFO][grid-timeout-worker-#23][IgniteKernal] 
Metrics for local node (to disable set 'metricsLogFrequency' to 0)
    ^-- Node [id=25cc4e9d, uptime=00:21:00.163]
    ^-- H/N/C [hosts=1, nodes=1, CPUs=1]
    ^-- CPU [cur=0%, avg=0.47%, GC=0%]
    ^-- PageMemory [pages=200]
    ^-- Heap [used=164MB, free=83.35%, comm=989MB]
    ^-- Off-heap [used=0MB, free=99.92%, comm=336MB]
    ^--   sysMemPlc region [used=0MB, free=99.21%, comm=40MB]
    ^--   default region [used=0MB, free=100%, comm=256MB]
    ^--   TxLog region [used=0MB, free=100%, comm=40MB]
    ^-- Outbound messages queue [size=0]
    ^-- Public thread pool [active=0, idle=0, qSize=0]
    ^-- System thread pool [active=0, idle=6, qSize=0]
[15:10:06,265][INFO][grid-timeout-worker-#23][IgniteKernal] 
Metrics for local node (to disable set 'metricsLogFrequency' to 0)
    ^-- Node [id=25cc4e9d, uptime=00:22:00.165]
    ^-- H/N/C [hosts=1, nodes=1, CPUs=1]
    ^-- CPU [cur=0%, avg=0.46%, GC=0%]
    ^-- PageMemory [pages=200]
    ^-- Heap [used=168MB, free=83.01%, comm=989MB]
    ^-- Off-heap [used=0MB, free=99.92%, comm=336MB]
    ^--   sysMemPlc region [used=0MB, free=99.21%, comm=40MB]
    ^--   default region [used=0MB, free=100%, comm=256MB]
    ^--   TxLog region [used=0MB, free=100%, comm=40MB]
    ^-- Outbound messages queue [size=0]
    ^-- Public thread pool [active=0, idle=0, qSize=0]
    ^-- System thread pool [active=0, idle=6, qSize=0]
[15:11:06,271][INFO][grid-timeout-worker-#23][IgniteKernal] 
Metrics for local node (to disable set 'metricsLogFrequency' to 0)
    ^-- Node [id=25cc4e9d, uptime=00:23:00.167]
    ^-- H/N/C [hosts=1, nodes=1, CPUs=1]
    ^-- CPU [cur=0%, avg=0.46%, GC=0%]
    ^-- PageMemory [pages=200]
    ^-- Heap [used=171MB, free=82.67%, comm=989MB]
    ^-- Off-heap [used=0MB, free=99.92%, comm=336MB]
    ^--   sysMemPlc region [used=0MB, free=99.21%, comm=40MB]
    ^--   default region [used=0MB, free=100%, comm=256MB]
    ^--   TxLog region [used=0MB, free=100%, comm=40MB]
    ^-- Outbound messages queue [size=0]
    ^-- Public thread pool [active=0, idle=0, qSize=0]
    ^-- System thread pool [active=0, idle=6, qSize=0]
[15:12:06,277][INFO][grid-timeout-worker-#23][IgniteKernal] 
Metrics for local node (to disable set 'metricsLogFrequency' to 0)
    ^-- Node [id=25cc4e9d, uptime=00:24:00.178]
    ^-- H/N/C [hosts=1, nodes=1, CPUs=1]
    ^-- CPU [cur=0%, avg=0.45%, GC=0%]
    ^-- PageMemory [pages=200]
    ^-- Heap [used=175MB, free=82.23%, comm=989MB]
    ^-- Off-heap [used=0MB, free=99.92%, comm=336MB]
    ^--   sysMemPlc region [used=0MB, free=99.21%, comm=40MB]
    ^--   default region [used=0MB, free=100%, comm=256MB]
    ^--   TxLog region [used=0MB, free=100%, comm=40MB]
    ^-- Outbound messages queue [size=0]
    ^-- Public thread pool [active=0, idle=0, qSize=0]
    ^-- System thread pool [active=0, idle=6, qSize=0]
[15:13:06,283][INFO][grid-timeout-worker-#23][IgniteKernal] 
Metrics for local node (to disable set 'metricsLogFrequency' to 0)
    ^-- Node [id=25cc4e9d, uptime=00:25:00.186]
    ^-- H/N/C [hosts=1, nodes=1, CPUs=1]
    ^-- CPU [cur=0%, avg=0.45%, GC=0%]
    ^-- PageMemory [pages=200]
    ^-- Heap [used=179MB, free=81.89%, comm=989MB]
    ^-- Off-heap [used=0MB, free=99.92%, comm=336MB]
    ^--   sysMemPlc region [used=0MB, free=99.21%, comm=40MB]
    ^--   default region [used=0MB, free=100%, comm=256MB]
    ^--   TxLog region [used=0MB, free=100%, comm=40MB]
    ^-- Outbound messages queue [size=0]
    ^-- Public thread pool [active=0, idle=0, qSize=0]
    ^-- System thread pool [active=0, idle=6, qSize=0]
[15:14:06,297][INFO][grid-timeout-worker-#23][IgniteKernal] 
Metrics for local node (to disable set 'metricsLogFrequency' to 0)
    ^-- Node [id=25cc4e9d, uptime=00:26:00.193]
    ^-- H/N/C [hosts=1, nodes=1, CPUs=1]
    ^-- CPU [cur=0%, avg=0.43%, GC=0%]
    ^-- PageMemory [pages=200]
    ^-- Heap [used=182MB, free=81.55%, comm=989MB]
    ^-- Off-heap [used=0MB, free=99.92%, comm=336MB]
    ^--   sysMemPlc region [used=0MB, free=99.21%, comm=40MB]
    ^--   default region [used=0MB, free=100%, comm=256MB]
    ^--   TxLog region [used=0MB, free=100%, comm=40MB]
    ^-- Outbound messages queue [size=0]
    ^-- Public thread pool [active=0, idle=0, qSize=0]
    ^-- System thread pool [active=0, idle=6, qSize=0]
[15:15:06,298][INFO][grid-timeout-worker-#23][IgniteKernal] 
Metrics for local node (to disable set 'metricsLogFrequency' to 0)
    ^-- Node [id=25cc4e9d, uptime=00:27:00.202]
    ^-- H/N/C [hosts=1, nodes=1, CPUs=1]
    ^-- CPU [cur=0%, avg=0.43%, GC=0%]
    ^-- PageMemory [pages=200]
    ^-- Heap [used=186MB, free=81.16%, comm=989MB]
    ^-- Off-heap [used=0MB, free=99.92%, comm=336MB]
    ^--   sysMemPlc region [used=0MB, free=99.21%, comm=40MB]
    ^--   default region [used=0MB, free=100%, comm=256MB]
    ^--   TxLog region [used=0MB, free=100%, comm=40MB]
    ^-- Outbound messages queue [size=0]
    ^-- Public thread pool [active=0, idle=0, qSize=0]
    ^-- System thread pool [active=0, idle=6, qSize=0]
[15:16:06,307][INFO][grid-timeout-worker-#23][IgniteKernal] 
Metrics for local node (to disable set 'metricsLogFrequency' to 0)
    ^-- Node [id=25cc4e9d, uptime=00:28:00.204]
    ^-- H/N/C [hosts=1, nodes=1, CPUs=1]
    ^-- CPU [cur=0%, avg=0.42%, GC=0%]
    ^-- PageMemory [pages=200]
    ^-- Heap [used=190MB, free=80.78%, comm=989MB]
    ^-- Off-heap [used=0MB, free=99.92%, comm=336MB]
    ^--   sysMemPlc region [used=0MB, free=99.21%, comm=40MB]
    ^--   default region [used=0MB, free=100%, comm=256MB]
    ^--   TxLog region [used=0MB, free=100%, comm=40MB]
    ^-- Outbound messages queue [size=0]
    ^-- Public thread pool [active=0, idle=0, qSize=0]
    ^-- System thread pool [active=0, idle=6, qSize=0]
[15:17:06,312][INFO][grid-timeout-worker-#23][IgniteKernal] 
Metrics for local node (to disable set 'metricsLogFrequency' to 0)
    ^-- Node [id=25cc4e9d, uptime=00:29:00.213]
    ^-- H/N/C [hosts=1, nodes=1, CPUs=1]
    ^-- CPU [cur=0%, avg=0.43%, GC=0%]
    ^-- PageMemory [pages=200]
    ^-- Heap [used=193MB, free=80.44%, comm=989MB]
    ^-- Off-heap [used=0MB, free=99.92%, comm=336MB]
    ^--   sysMemPlc region [used=0MB, free=99.21%, comm=40MB]
    ^--   default region [used=0MB, free=100%, comm=256MB]
    ^--   TxLog region [used=0MB, free=100%, comm=40MB]
    ^-- Outbound messages queue [size=0]
    ^-- Public thread pool [active=0, idle=0, qSize=0]
    ^-- System thread pool [active=0, idle=6, qSize=0]
[15:18:06,319][INFO][grid-timeout-worker-#23][IgniteKernal] 
Metrics for local node (to disable set 'metricsLogFrequency' to 0)
    ^-- Node [id=25cc4e9d, uptime=00:30:00.214]
    ^-- H/N/C [hosts=1, nodes=1, CPUs=1]
    ^-- CPU [cur=0%, avg=0.42%, GC=0%]
    ^-- PageMemory [pages=200]
    ^-- Heap [used=197MB, free=80.09%, comm=989MB]
    ^-- Off-heap [used=0MB, free=99.92%, comm=336MB]
    ^--   sysMemPlc region [used=0MB, free=99.21%, comm=40MB]
    ^--   default region [used=0MB, free=100%, comm=256MB]
    ^--   TxLog region [used=0MB, free=100%, comm=40MB]
    ^-- Outbound messages queue [size=0]
    ^-- Public thread pool [active=0, idle=0, qSize=0]
    ^-- System thread pool [active=0, idle=6, qSize=0]
[15:19:06,312][INFO][grid-timeout-worker-#23][IgniteKernal] 
Metrics for local node (to disable set 'metricsLogFrequency' to 0)
    ^-- Node [id=25cc4e9d, uptime=00:31:00.215]
    ^-- H/N/C [hosts=1, nodes=1, CPUs=1]
    ^-- CPU [cur=0%, avg=0.41%, GC=0%]
    ^-- PageMemory [pages=200]
    ^-- Heap [used=200MB, free=79.7%, comm=989MB]
    ^-- Off-heap [used=0MB, free=99.92%, comm=336MB]
    ^--   sysMemPlc region [used=0MB, free=99.21%, comm=40MB]
    ^--   default region [used=0MB, free=100%, comm=256MB]
    ^--   TxLog region [used=0MB, free=100%, comm=40MB]
    ^-- Outbound messages queue [size=0]
    ^-- Public thread pool [active=0, idle=0, qSize=0]
    ^-- System thread pool [active=0, idle=6, qSize=0]
[15:20:06,316][INFO][grid-timeout-worker-#23][IgniteKernal] 
Metrics for local node (to disable set 'metricsLogFrequency' to 0)
    ^-- Node [id=25cc4e9d, uptime=00:32:00.215]
    ^-- H/N/C [hosts=1, nodes=1, CPUs=1]
    ^-- CPU [cur=0%, avg=0.41%, GC=0%]
    ^-- PageMemory [pages=200]
    ^-- Heap [used=204MB, free=79.37%, comm=989MB]
    ^-- Off-heap [used=0MB, free=99.92%, comm=336MB]
    ^--   sysMemPlc region [used=0MB, free=99.21%, comm=40MB]
    ^--   default region [used=0MB, free=100%, comm=256MB]
    ^--   TxLog region [used=0MB, free=100%, comm=40MB]
    ^-- Outbound messages queue [size=0]
    ^-- Public thread pool [active=0, idle=0, qSize=0]
    ^-- System thread pool [active=0, idle=6, qSize=0]
[15:21:06,321][INFO][grid-timeout-worker-#23][IgniteKernal] 
Metrics for local node (to disable set 'metricsLogFrequency' to 0)
    ^-- Node [id=25cc4e9d, uptime=00:33:00.224]
    ^-- H/N/C [hosts=1, nodes=1, CPUs=1]
    ^-- CPU [cur=0%, avg=0.4%, GC=0%]
    ^-- PageMemory [pages=200]
    ^-- Heap [used=208MB, free=78.97%, comm=989MB]
    ^-- Off-heap [used=0MB, free=99.92%, comm=336MB]
    ^--   sysMemPlc region [used=0MB, free=99.21%, comm=40MB]
    ^--   default region [used=0MB, free=100%, comm=256MB]
    ^--   TxLog region [used=0MB, free=100%, comm=40MB]
    ^-- Outbound messages queue [size=0]
    ^-- Public thread pool [active=0, idle=0, qSize=0]
    ^-- System thread pool [active=0, idle=6, qSize=0]
[15:22:06,328][INFO][grid-timeout-worker-#23][IgniteKernal] 
Metrics for local node (to disable set 'metricsLogFrequency' to 0)
    ^-- Node [id=25cc4e9d, uptime=00:34:00.233]
    ^-- H/N/C [hosts=1, nodes=1, CPUs=1]
    ^-- CPU [cur=0%, avg=0.4%, GC=0%]
    ^-- PageMemory [pages=200]
    ^-- Heap [used=211MB, free=78.58%, comm=989MB]
    ^-- Off-heap [used=0MB, free=99.92%, comm=336MB]
    ^--   sysMemPlc region [used=0MB, free=99.21%, comm=40MB]
    ^--   default region [used=0MB, free=100%, comm=256MB]
    ^--   TxLog region [used=0MB, free=100%, comm=40MB]
    ^-- Outbound messages queue [size=0]
    ^-- Public thread pool [active=0, idle=0, qSize=0]
    ^-- System thread pool [active=0, idle=6, qSize=0]
[15:23:06,332][INFO][grid-timeout-worker-#23][IgniteKernal] 
Metrics for local node (to disable set 'metricsLogFrequency' to 0)
    ^-- Node [id=25cc4e9d, uptime=00:35:00.236]
    ^-- H/N/C [hosts=1, nodes=1, CPUs=1]
    ^-- CPU [cur=0%, avg=0.39%, GC=0%]
    ^-- PageMemory [pages=200]
    ^-- Heap [used=217MB, free=78.02%, comm=989MB]
    ^-- Off-heap [used=0MB, free=99.92%, comm=336MB]
    ^--   sysMemPlc region [used=0MB, free=99.21%, comm=40MB]
    ^--   default region [used=0MB, free=100%, comm=256MB]
    ^--   TxLog region [used=0MB, free=100%, comm=40MB]
    ^-- Outbound messages queue [size=0]
    ^-- Public thread pool [active=0, idle=0, qSize=0]
    ^-- System thread pool [active=0, idle=6, qSize=0]
[15:24:06,340][INFO][grid-timeout-worker-#23][IgniteKernal] 
Metrics for local node (to disable set 'metricsLogFrequency' to 0)
    ^-- Node [id=25cc4e9d, uptime=00:36:00.243]
    ^-- H/N/C [hosts=1, nodes=1, CPUs=1]
    ^-- CPU [cur=0%, avg=0.39%, GC=0%]
    ^-- PageMemory [pages=200]
    ^-- Heap [used=221MB, free=77.67%, comm=989MB]
    ^-- Off-heap [used=0MB, free=99.92%, comm=336MB]
    ^--   sysMemPlc region [used=0MB, free=99.21%, comm=40MB]
    ^--   default region [used=0MB, free=100%, comm=256MB]
    ^--   TxLog region [used=0MB, free=100%, comm=40MB]
    ^-- Outbound messages queue [size=0]
    ^-- Public thread pool [active=0, idle=0, qSize=0]
    ^-- System thread pool [active=0, idle=6, qSize=0]
[15:24:15,866][WARNING][jvm-pause-detector-worker][IgniteKernal] Possible too long JVM pause: 822 milliseconds.
[15:25:06,347][INFO][grid-timeout-worker-#23][IgniteKernal] 
Metrics for local node (to disable set 'metricsLogFrequency' to 0)
    ^-- Node [id=25cc4e9d, uptime=00:37:00.246]
    ^-- H/N/C [hosts=1, nodes=1, CPUs=1]
    ^-- CPU [cur=0%, avg=0.38%, GC=0%]
    ^-- PageMemory [pages=200]
    ^-- Heap [used=224MB, free=77.28%, comm=989MB]
    ^-- Off-heap [used=0MB, free=99.92%, comm=336MB]
    ^--   sysMemPlc region [used=0MB, free=99.21%, comm=40MB]
    ^--   default region [used=0MB, free=100%, comm=256MB]
    ^--   TxLog region [used=0MB, free=100%, comm=40MB]
    ^-- Outbound messages queue [size=0]
    ^-- Public thread pool [active=0, idle=0, qSize=0]
    ^-- System thread pool [active=0, idle=6, qSize=0]
[15:26:06,352][INFO][grid-timeout-worker-#23][IgniteKernal] 
Metrics for local node (to disable set 'metricsLogFrequency' to 0)
    ^-- Node [id=25cc4e9d, uptime=00:38:00.248]
    ^-- H/N/C [hosts=1, nodes=1, CPUs=1]
    ^-- CPU [cur=0%, avg=0.37%, GC=0%]
    ^-- PageMemory [pages=200]
    ^-- Heap [used=228MB, free=76.9%, comm=989MB]
    ^-- Off-heap [used=0MB, free=99.92%, comm=336MB]
    ^--   sysMemPlc region [used=0MB, free=99.21%, comm=40MB]
    ^--   default region [used=0MB, free=100%, comm=256MB]
    ^--   TxLog region [used=0MB, free=100%, comm=40MB]
    ^-- Outbound messages queue [size=0]
    ^-- Public thread pool [active=0, idle=0, qSize=0]
    ^-- System thread pool [active=0, idle=6, qSize=0]
[15:27:06,364][INFO][grid-timeout-worker-#23][IgniteKernal] 
Metrics for local node (to disable set 'metricsLogFrequency' to 0)
    ^-- Node [id=25cc4e9d, uptime=00:39:00.262]
    ^-- H/N/C [hosts=1, nodes=1, CPUs=1]
    ^-- CPU [cur=0%, avg=0.37%, GC=0%]
    ^-- PageMemory [pages=200]
    ^-- Heap [used=232MB, free=76.56%, comm=989MB]
    ^-- Off-heap [used=0MB, free=99.92%, comm=336MB]
    ^--   sysMemPlc region [used=0MB, free=99.21%, comm=40MB]
    ^--   default region [used=0MB, free=100%, comm=256MB]
    ^--   TxLog region [used=0MB, free=100%, comm=40MB]
    ^-- Outbound messages queue [size=0]
    ^-- Public thread pool [active=0, idle=0, qSize=0]
    ^-- System thread pool [active=0, idle=6, qSize=0]
[15:28:06,367][INFO][grid-timeout-worker-#23][IgniteKernal] 
Metrics for local node (to disable set 'metricsLogFrequency' to 0)
    ^-- Node [id=25cc4e9d, uptime=00:40:00.265]
    ^-- H/N/C [hosts=1, nodes=1, CPUs=1]
    ^-- CPU [cur=0%, avg=0.36%, GC=0%]
    ^-- PageMemory [pages=200]
    ^-- Heap [used=235MB, free=76.16%, comm=989MB]
    ^-- Off-heap [used=0MB, free=99.92%, comm=336MB]
    ^--   sysMemPlc region [used=0MB, free=99.21%, comm=40MB]
    ^--   default region [used=0MB, free=100%, comm=256MB]
    ^--   TxLog region [used=0MB, free=100%, comm=40MB]
    ^-- Outbound messages queue [size=0]
    ^-- Public thread pool [active=0, idle=0, qSize=0]
    ^-- System thread pool [active=0, idle=6, qSize=0]
[15:29:06,380][INFO][grid-timeout-worker-#23][IgniteKernal] 
Metrics for local node (to disable set 'metricsLogFrequency' to 0)
    ^-- Node [id=25cc4e9d, uptime=00:41:00.285]
    ^-- H/N/C [hosts=1, nodes=1, CPUs=1]
    ^-- CPU [cur=3.63%, avg=0.35%, GC=0%]
    ^-- PageMemory [pages=200]
    ^-- Heap [used=239MB, free=75.83%, comm=989MB]
    ^-- Off-heap [used=0MB, free=99.92%, comm=336MB]
    ^--   sysMemPlc region [used=0MB, free=99.21%, comm=40MB]
    ^--   default region [used=0MB, free=100%, comm=256MB]
    ^--   TxLog region [used=0MB, free=100%, comm=40MB]
    ^-- Outbound messages queue [size=0]
    ^-- Public thread pool [active=0, idle=0, qSize=0]
    ^-- System thread pool [active=0, idle=6, qSize=0]
[15:30:06,391][INFO][grid-timeout-worker-#23][IgniteKernal] 
Metrics for local node (to disable set 'metricsLogFrequency' to 0)
    ^-- Node [id=25cc4e9d, uptime=00:42:00.295]
    ^-- H/N/C [hosts=1, nodes=1, CPUs=1]
    ^-- CPU [cur=3.63%, avg=0.34%, GC=0%]
    ^-- PageMemory [pages=200]
    ^-- Heap [used=243MB, free=75.44%, comm=989MB]
    ^-- Off-heap [used=0MB, free=99.92%, comm=336MB]
    ^--   sysMemPlc region [used=0MB, free=99.21%, comm=40MB]
    ^--   default region [used=0MB, free=100%, comm=256MB]
    ^--   TxLog region [used=0MB, free=100%, comm=40MB]
    ^-- Outbound messages queue [size=0]
    ^-- Public thread pool [active=0, idle=0, qSize=0]
    ^-- System thread pool [active=0, idle=6, qSize=0]
[15:31:06,402][INFO][grid-timeout-worker-#23][IgniteKernal] 
Metrics for local node (to disable set 'metricsLogFrequency' to 0)
    ^-- Node [id=25cc4e9d, uptime=00:43:00.298]
    ^-- H/N/C [hosts=1, nodes=1, CPUs=1]
    ^-- CPU [cur=2.07%, avg=0.34%, GC=0%]
    ^-- PageMemory [pages=200]
    ^-- Heap [used=246MB, free=75.13%, comm=989MB]
    ^-- Off-heap [used=0MB, free=99.92%, comm=336MB]
    ^--   sysMemPlc region [used=0MB, free=99.21%, comm=40MB]
    ^--   default region [used=0MB, free=100%, comm=256MB]
    ^--   TxLog region [used=0MB, free=100%, comm=40MB]
    ^-- Outbound messages queue [size=0]
    ^-- Public thread pool [active=0, idle=0, qSize=0]
    ^-- System thread pool [active=0, idle=6, qSize=0]
[15:32:06,397][INFO][grid-timeout-worker-#23][IgniteKernal] 
Metrics for local node (to disable set 'metricsLogFrequency' to 0)
    ^-- Node [id=25cc4e9d, uptime=00:44:00.300]
    ^-- H/N/C [hosts=1, nodes=1, CPUs=1]
    ^-- CPU [cur=2.6%, avg=0.34%, GC=0%]
    ^-- PageMemory [pages=200]
    ^-- Heap [used=249MB, free=74.75%, comm=989MB]
    ^-- Off-heap [used=0MB, free=99.92%, comm=336MB]
    ^--   sysMemPlc region [used=0MB, free=99.21%, comm=40MB]
    ^--   default region [used=0MB, free=100%, comm=256MB]
    ^--   TxLog region [used=0MB, free=100%, comm=40MB]
    ^-- Outbound messages queue [size=0]
    ^-- Public thread pool [active=0, idle=0, qSize=0]
    ^-- System thread pool [active=0, idle=6, qSize=0]
[15:33:06,412][INFO][grid-timeout-worker-#23][IgniteKernal] 
Metrics for local node (to disable set 'metricsLogFrequency' to 0)
    ^-- Node [id=25cc4e9d, uptime=00:45:00.305]
    ^-- H/N/C [hosts=1, nodes=1, CPUs=1]
    ^-- CPU [cur=0%, avg=0.34%, GC=0%]
    ^-- PageMemory [pages=200]
    ^-- Heap [used=253MB, free=74.42%, comm=989MB]
    ^-- Off-heap [used=0MB, free=99.92%, comm=336MB]
    ^--   sysMemPlc region [used=0MB, free=99.21%, comm=40MB]
    ^--   default region [used=0MB, free=100%, comm=256MB]
    ^--   TxLog region [used=0MB, free=100%, comm=40MB]
    ^-- Outbound messages queue [size=0]
    ^-- Public thread pool [active=0, idle=0, qSize=0]
    ^-- System thread pool [active=0, idle=6, qSize=0]
[15:34:06,423][INFO][grid-timeout-worker-#23][IgniteKernal] 
Metrics for local node (to disable set 'metricsLogFrequency' to 0)
    ^-- Node [id=25cc4e9d, uptime=00:46:00.327]
    ^-- H/N/C [hosts=1, nodes=1, CPUs=1]
    ^-- CPU [cur=0%, avg=0.34%, GC=0%]
    ^-- PageMemory [pages=200]
    ^-- Heap [used=256MB, free=74.08%, comm=989MB]
    ^-- Off-heap [used=0MB, free=99.92%, comm=336MB]
    ^--   sysMemPlc region [used=0MB, free=99.21%, comm=40MB]
    ^--   default region [used=0MB, free=100%, comm=256MB]
    ^--   TxLog region [used=0MB, free=100%, comm=40MB]
    ^-- Outbound messages queue [size=0]
    ^-- Public thread pool [active=0, idle=0, qSize=0]
    ^-- System thread pool [active=0, idle=6, qSize=0]
[15:35:06,432][INFO][grid-timeout-worker-#23][IgniteKernal] 
Metrics for local node (to disable set 'metricsLogFrequency' to 0)
    ^-- Node [id=25cc4e9d, uptime=00:47:00.328]
    ^-- H/N/C [hosts=1, nodes=1, CPUs=1]
    ^-- CPU [cur=0%, avg=0.34%, GC=0%]
    ^-- PageMemory [pages=200]
    ^-- Heap [used=260MB, free=73.73%, comm=989MB]
    ^-- Off-heap [used=0MB, free=99.92%, comm=336MB]
    ^--   sysMemPlc region [used=0MB, free=99.21%, comm=40MB]
    ^--   default region [used=0MB, free=100%, comm=256MB]
    ^--   TxLog region [used=0MB, free=100%, comm=40MB]
    ^-- Outbound messages queue [size=0]
    ^-- Public thread pool [active=0, idle=0, qSize=0]
    ^-- System thread pool [active=0, idle=6, qSize=0]
[15:36:06,436][INFO][grid-timeout-worker-#23][IgniteKernal] 
Metrics for local node (to disable set 'metricsLogFrequency' to 0)
    ^-- Node [id=25cc4e9d, uptime=00:48:00.335]
    ^-- H/N/C [hosts=1, nodes=1, CPUs=1]
    ^-- CPU [cur=0%, avg=0.33%, GC=0%]
    ^-- PageMemory [pages=200]
    ^-- Heap [used=264MB, free=73.3%, comm=989MB]
    ^-- Off-heap [used=0MB, free=99.92%, comm=336MB]
    ^--   sysMemPlc region [used=0MB, free=99.21%, comm=40MB]
    ^--   default region [used=0MB, free=100%, comm=256MB]
    ^--   TxLog region [used=0MB, free=100%, comm=40MB]
    ^-- Outbound messages queue [size=0]
    ^-- Public thread pool [active=0, idle=0, qSize=0]
    ^-- System thread pool [active=0, idle=6, qSize=0]
[15:36:18,080][WARNING][jvm-pause-detector-worker][IgniteKernal] Possible too long JVM pause: 784 milliseconds.
[15:37:06,439][INFO][grid-timeout-worker-#23][IgniteKernal] 
Metrics for local node (to disable set 'metricsLogFrequency' to 0)
    ^-- Node [id=25cc4e9d, uptime=00:49:00.343]
    ^-- H/N/C [hosts=1, nodes=1, CPUs=1]
    ^-- CPU [cur=0%, avg=0.33%, GC=0%]
    ^-- PageMemory [pages=200]
    ^-- Heap [used=267MB, free=72.96%, comm=989MB]
    ^-- Off-heap [used=0MB, free=99.92%, comm=336MB]
    ^--   sysMemPlc region [used=0MB, free=99.21%, comm=40MB]
    ^--   default region [used=0MB, free=100%, comm=256MB]
    ^--   TxLog region [used=0MB, free=100%, comm=40MB]
    ^-- Outbound messages queue [size=0]
    ^-- Public thread pool [active=0, idle=0, qSize=0]
    ^-- System thread pool [active=0, idle=6, qSize=0]
[15:38:06,447][INFO][grid-timeout-worker-#23][IgniteKernal] 
Metrics for local node (to disable set 'metricsLogFrequency' to 0)
    ^-- Node [id=25cc4e9d, uptime=00:50:00.345]
    ^-- H/N/C [hosts=1, nodes=1, CPUs=1]
    ^-- CPU [cur=0%, avg=0.33%, GC=0%]
    ^-- PageMemory [pages=200]
    ^-- Heap [used=271MB, free=72.62%, comm=989MB]
    ^-- Off-heap [used=0MB, free=99.92%, comm=336MB]
    ^--   sysMemPlc region [used=0MB, free=99.21%, comm=40MB]
    ^--   default region [used=0MB, free=100%, comm=256MB]
    ^--   TxLog region [used=0MB, free=100%, comm=40MB]
    ^-- Outbound messages queue [size=0]
    ^-- Public thread pool [active=0, idle=0, qSize=0]
    ^-- System thread pool [active=0, idle=6, qSize=0]
[15:39:06,452][INFO][grid-timeout-worker-#23][IgniteKernal] 
Metrics for local node (to disable set 'metricsLogFrequency' to 0)
    ^-- Node [id=25cc4e9d, uptime=00:51:00.349]
    ^-- H/N/C [hosts=1, nodes=1, CPUs=1]
    ^-- CPU [cur=0%, avg=0.33%, GC=0%]
    ^-- PageMemory [pages=200]
    ^-- Heap [used=274MB, free=72.22%, comm=989MB]
    ^-- Off-heap [used=0MB, free=99.92%, comm=336MB]
    ^--   sysMemPlc region [used=0MB, free=99.21%, comm=40MB]
    ^--   default region [used=0MB, free=100%, comm=256MB]
    ^--   TxLog region [used=0MB, free=100%, comm=40MB]
    ^-- Outbound messages queue [size=0]
    ^-- Public thread pool [active=0, idle=0, qSize=0]
    ^-- System thread pool [active=0, idle=6, qSize=0]
[15:40:06,454][INFO][grid-timeout-worker-#23][IgniteKernal] 
Metrics for local node (to disable set 'metricsLogFrequency' to 0)
    ^-- Node [id=25cc4e9d, uptime=00:52:00.352]
    ^-- H/N/C [hosts=1, nodes=1, CPUs=1]
    ^-- CPU [cur=0%, avg=0.33%, GC=0%]
    ^-- PageMemory [pages=200]
    ^-- Heap [used=278MB, free=71.89%, comm=989MB]
    ^-- Off-heap [used=0MB, free=99.92%, comm=336MB]
    ^--   sysMemPlc region [used=0MB, free=99.21%, comm=40MB]
    ^--   default region [used=0MB, free=100%, comm=256MB]
    ^--   TxLog region [used=0MB, free=100%, comm=40MB]
    ^-- Outbound messages queue [size=0]
    ^-- Public thread pool [active=0, idle=0, qSize=0]
    ^-- System thread pool [active=0, idle=6, qSize=0]
[15:41:06,451][INFO][grid-timeout-worker-#23][IgniteKernal] 
Metrics for local node (to disable set 'metricsLogFrequency' to 0)
    ^-- Node [id=25cc4e9d, uptime=00:53:00.354]
    ^-- H/N/C [hosts=1, nodes=1, CPUs=1]
    ^-- CPU [cur=0%, avg=0.32%, GC=0%]
    ^-- PageMemory [pages=200]
    ^-- Heap [used=281MB, free=71.55%, comm=989MB]
    ^-- Off-heap [used=0MB, free=99.92%, comm=336MB]
    ^--   sysMemPlc region [used=0MB, free=99.21%, comm=40MB]
    ^--   default region [used=0MB, free=100%, comm=256MB]
    ^--   TxLog region [used=0MB, free=100%, comm=40MB]
    ^-- Outbound messages queue [size=0]
    ^-- Public thread pool [active=0, idle=0, qSize=0]
    ^-- System thread pool [active=0, idle=6, qSize=0]
[15:42:06,473][INFO][grid-timeout-worker-#23][IgniteKernal] 
Metrics for local node (to disable set 'metricsLogFrequency' to 0)
    ^-- Node [id=25cc4e9d, uptime=00:54:00.375]
    ^-- H/N/C [hosts=1, nodes=1, CPUs=1]
    ^-- CPU [cur=0%, avg=0.32%, GC=0%]
    ^-- PageMemory [pages=200]
    ^-- Heap [used=285MB, free=71.15%, comm=989MB]
    ^-- Off-heap [used=0MB, free=99.92%, comm=336MB]
    ^--   sysMemPlc region [used=0MB, free=99.21%, comm=40MB]
    ^--   default region [used=0MB, free=100%, comm=256MB]
    ^--   TxLog region [used=0MB, free=100%, comm=40MB]
    ^-- Outbound messages queue [size=0]
    ^-- Public thread pool [active=0, idle=0, qSize=0]
    ^-- System thread pool [active=0, idle=6, qSize=0]
[15:43:06,477][INFO][grid-timeout-worker-#23][IgniteKernal] 
Metrics for local node (to disable set 'metricsLogFrequency' to 0)
    ^-- Node [id=25cc4e9d, uptime=00:55:00.381]
    ^-- H/N/C [hosts=1, nodes=1, CPUs=1]
    ^-- CPU [cur=0%, avg=0.32%, GC=0%]
    ^-- PageMemory [pages=200]
    ^-- Heap [used=288MB, free=70.82%, comm=989MB]
    ^-- Off-heap [used=0MB, free=99.92%, comm=336MB]
    ^--   sysMemPlc region [used=0MB, free=99.21%, comm=40MB]
    ^--   default region [used=0MB, free=100%, comm=256MB]
    ^--   TxLog region [used=0MB, free=100%, comm=40MB]
    ^-- Outbound messages queue [size=0]
    ^-- Public thread pool [active=0, idle=0, qSize=0]
    ^-- System thread pool [active=0, idle=6, qSize=0]
[15:44:06,486][INFO][grid-timeout-worker-#23][IgniteKernal] 
Metrics for local node (to disable set 'metricsLogFrequency' to 0)
    ^-- Node [id=25cc4e9d, uptime=00:56:00.385]
    ^-- H/N/C [hosts=1, nodes=1, CPUs=1]
    ^-- CPU [cur=0%, avg=0.32%, GC=0%]
    ^-- PageMemory [pages=200]
    ^-- Heap [used=292MB, free=70.47%, comm=989MB]
    ^-- Off-heap [used=0MB, free=99.92%, comm=336MB]
    ^--   sysMemPlc region [used=0MB, free=99.21%, comm=40MB]
    ^--   default region [used=0MB, free=100%, comm=256MB]
    ^--   TxLog region [used=0MB, free=100%, comm=40MB]
    ^-- Outbound messages queue [size=0]
    ^-- Public thread pool [active=0, idle=0, qSize=0]
    ^-- System thread pool [active=0, idle=6, qSize=0]
[15:45:06,491][INFO][grid-timeout-worker-#23][IgniteKernal] 
Metrics for local node (to disable set 'metricsLogFrequency' to 0)
    ^-- Node [id=25cc4e9d, uptime=00:57:00.392]
    ^-- H/N/C [hosts=1, nodes=1, CPUs=1]
    ^-- CPU [cur=0%, avg=0.33%, GC=0%]
    ^-- PageMemory [pages=200]
    ^-- Heap [used=44MB, free=95.49%, comm=989MB]
    ^-- Off-heap [used=0MB, free=99.92%, comm=336MB]
    ^--   sysMemPlc region [used=0MB, free=99.21%, comm=40MB]
    ^--   default region [used=0MB, free=100%, comm=256MB]
    ^--   TxLog region [used=0MB, free=100%, comm=40MB]
    ^-- Outbound messages queue [size=0]
    ^-- Public thread pool [active=0, idle=0, qSize=0]
    ^-- System thread pool [active=0, idle=6, qSize=0]
[15:46:06,531][INFO][grid-timeout-worker-#23][IgniteKernal] 
Metrics for local node (to disable set 'metricsLogFrequency' to 0)
    ^-- Node [id=25cc4e9d, uptime=00:58:00.432]
    ^-- H/N/C [hosts=1, nodes=1, CPUs=1]
    ^-- CPU [cur=0.5%, avg=0.33%, GC=0%]
    ^-- PageMemory [pages=200]
    ^-- Heap [used=47MB, free=95.22%, comm=989MB]
    ^-- Off-heap [used=0MB, free=99.92%, comm=336MB]
    ^--   sysMemPlc region [used=0MB, free=99.21%, comm=40MB]
    ^--   default region [used=0MB, free=100%, comm=256MB]
    ^--   TxLog region [used=0MB, free=100%, comm=40MB]
    ^-- Outbound messages queue [size=0]
    ^-- Public thread pool [active=0, idle=0, qSize=0]
    ^-- System thread pool [active=0, idle=6, qSize=0]
[15:47:06,537][INFO][grid-timeout-worker-#23][IgniteKernal] 
Metrics for local node (to disable set 'metricsLogFrequency' to 0)
    ^-- Node [id=25cc4e9d, uptime=00:59:00.439]
    ^-- H/N/C [hosts=1, nodes=1, CPUs=1]
    ^-- CPU [cur=0%, avg=0.32%, GC=0%]
    ^-- PageMemory [pages=200]
    ^-- Heap [used=49MB, free=94.96%, comm=989MB]
    ^-- Off-heap [used=0MB, free=99.92%, comm=336MB]
    ^--   sysMemPlc region [used=0MB, free=99.21%, comm=40MB]
    ^--   default region [used=0MB, free=100%, comm=256MB]
    ^--   TxLog region [used=0MB, free=100%, comm=40MB]
    ^-- Outbound messages queue [size=0]
    ^-- Public thread pool [active=0, idle=0, qSize=0]
    ^-- System thread pool [active=0, idle=6, qSize=0]
[15:48:06,544][INFO][grid-timeout-worker-#23][IgniteKernal] 
Metrics for local node (to disable set 'metricsLogFrequency' to 0)
    ^-- Node [id=25cc4e9d, uptime=01:00:00.446]
    ^-- H/N/C [hosts=1, nodes=1, CPUs=1]
    ^-- CPU [cur=0%, avg=0.33%, GC=0%]
    ^-- PageMemory [pages=200]
    ^-- Heap [used=55MB, free=94.43%, comm=989MB]
    ^-- Off-heap [used=0MB, free=99.92%, comm=336MB]
    ^--   sysMemPlc region [used=0MB, free=99.21%, comm=40MB]
    ^--   default region [used=0MB, free=100%, comm=256MB]
    ^--   TxLog region [used=0MB, free=100%, comm=40MB]
    ^-- Outbound messages queue [size=0]
    ^-- Public thread pool [active=0, idle=0, qSize=0]
    ^-- System thread pool [active=0, idle=6, qSize=0]
[15:49:06,549][INFO][grid-timeout-worker-#23][IgniteKernal] 
Metrics for local node (to disable set 'metricsLogFrequency' to 0)
    ^-- Node [id=25cc4e9d, uptime=01:01:00.452]
    ^-- H/N/C [hosts=1, nodes=1, CPUs=1]
    ^-- CPU [cur=0%, avg=0.33%, GC=0%]
    ^-- PageMemory [pages=200]
    ^-- Heap [used=59MB, free=93.94%, comm=989MB]
    ^-- Off-heap [used=0MB, free=99.92%, comm=336MB]
    ^--   sysMemPlc region [used=0MB, free=99.21%, comm=40MB]
    ^--   default region [used=0MB, free=100%, comm=256MB]
    ^--   TxLog region [used=0MB, free=100%, comm=40MB]
    ^-- Outbound messages queue [size=0]
    ^-- Public thread pool [active=0, idle=0, qSize=0]
    ^-- System thread pool [active=0, idle=6, qSize=0]
[15:50:06,556][INFO][grid-timeout-worker-#23][IgniteKernal] 
Metrics for local node (to disable set 'metricsLogFrequency' to 0)
    ^-- Node [id=25cc4e9d, uptime=01:02:00.456]
    ^-- H/N/C [hosts=1, nodes=1, CPUs=1]
    ^-- CPU [cur=0%, avg=0.32%, GC=0%]
    ^-- PageMemory [pages=200]
    ^-- Heap [used=62MB, free=93.65%, comm=989MB]
    ^-- Off-heap [used=0MB, free=99.92%, comm=336MB]
    ^--   sysMemPlc region [used=0MB, free=99.21%, comm=40MB]
    ^--   default region [used=0MB, free=100%, comm=256MB]
    ^--   TxLog region [used=0MB, free=100%, comm=40MB]
    ^-- Outbound messages queue [size=0]
    ^-- Public thread pool [active=0, idle=0, qSize=0]
    ^-- System thread pool [active=0, idle=6, qSize=0]
[15:51:06,563][INFO][grid-timeout-worker-#23][IgniteKernal] 
Metrics for local node (to disable set 'metricsLogFrequency' to 0)
    ^-- Node [id=25cc4e9d, uptime=01:03:00.468]
    ^-- H/N/C [hosts=1, nodes=1, CPUs=1]
    ^-- CPU [cur=0%, avg=0.32%, GC=0%]
    ^-- PageMemory [pages=200]
    ^-- Heap [used=65MB, free=93.41%, comm=989MB]
    ^-- Off-heap [used=0MB, free=99.92%, comm=336MB]
    ^--   sysMemPlc region [used=0MB, free=99.21%, comm=40MB]
    ^--   default region [used=0MB, free=100%, comm=256MB]
    ^--   TxLog region [used=0MB, free=100%, comm=40MB]
    ^-- Outbound messages queue [size=0]
    ^-- Public thread pool [active=0, idle=0, qSize=0]
    ^-- System thread pool [active=0, idle=6, qSize=0]
[15:52:06,577][INFO][grid-timeout-worker-#23][IgniteKernal] 
Metrics for local node (to disable set 'metricsLogFrequency' to 0)
    ^-- Node [id=25cc4e9d, uptime=01:04:00.475]
    ^-- H/N/C [hosts=1, nodes=1, CPUs=1]
    ^-- CPU [cur=0%, avg=0.32%, GC=0%]
    ^-- PageMemory [pages=200]
    ^-- Heap [used=68MB, free=93.08%, comm=989MB]
    ^-- Off-heap [used=0MB, free=99.92%, comm=336MB]
    ^--   sysMemPlc region [used=0MB, free=99.21%, comm=40MB]
    ^--   default region [used=0MB, free=100%, comm=256MB]
    ^--   TxLog region [used=0MB, free=100%, comm=40MB]
    ^-- Outbound messages queue [size=0]
    ^-- Public thread pool [active=0, idle=0, qSize=0]
    ^-- System thread pool [active=0, idle=6, qSize=0]
[15:53:06,578][INFO][grid-timeout-worker-#23][IgniteKernal] 
Metrics for local node (to disable set 'metricsLogFrequency' to 0)
    ^-- Node [id=25cc4e9d, uptime=01:05:00.479]
    ^-- H/N/C [hosts=1, nodes=1, CPUs=1]
    ^-- CPU [cur=0%, avg=0.32%, GC=0%]
    ^-- PageMemory [pages=200]
    ^-- Heap [used=71MB, free=92.8%, comm=989MB]
    ^-- Off-heap [used=0MB, free=99.92%, comm=336MB]
    ^--   sysMemPlc region [used=0MB, free=99.21%, comm=40MB]
    ^--   default region [used=0MB, free=100%, comm=256MB]
    ^--   TxLog region [used=0MB, free=100%, comm=40MB]
    ^-- Outbound messages queue [size=0]
    ^-- Public thread pool [active=0, idle=0, qSize=0]
    ^-- System thread pool [active=0, idle=6, qSize=0]
[15:54:06,575][INFO][grid-timeout-worker-#23][IgniteKernal] 
Metrics for local node (to disable set 'metricsLogFrequency' to 0)
    ^-- Node [id=25cc4e9d, uptime=01:06:00.480]
    ^-- H/N/C [hosts=1, nodes=1, CPUs=1]
    ^-- CPU [cur=0%, avg=0.32%, GC=0%]
    ^-- PageMemory [pages=200]
    ^-- Heap [used=73MB, free=92.6%, comm=989MB]
    ^-- Off-heap [used=0MB, free=99.92%, comm=336MB]
    ^--   sysMemPlc region [used=0MB, free=99.21%, comm=40MB]
    ^--   default region [used=0MB, free=100%, comm=256MB]
    ^--   TxLog region [used=0MB, free=100%, comm=40MB]
    ^-- Outbound messages queue [size=0]
    ^-- Public thread pool [active=0, idle=0, qSize=0]
    ^-- System thread pool [active=0, idle=6, qSize=0]
[15:55:06,581][INFO][grid-timeout-worker-#23][IgniteKernal] 
Metrics for local node (to disable set 'metricsLogFrequency' to 0)
    ^-- Node [id=25cc4e9d, uptime=01:07:00.486]
    ^-- H/N/C [hosts=1, nodes=1, CPUs=1]
    ^-- CPU [cur=0%, avg=0.32%, GC=0%]
    ^-- PageMemory [pages=200]
    ^-- Heap [used=76MB, free=92.31%, comm=989MB]
    ^-- Off-heap [used=0MB, free=99.92%, comm=336MB]
    ^--   sysMemPlc region [used=0MB, free=99.21%, comm=40MB]
    ^--   default region [used=0MB, free=100%, comm=256MB]
    ^--   TxLog region [used=0MB, free=100%, comm=40MB]
    ^-- Outbound messages queue [size=0]
    ^-- Public thread pool [active=0, idle=0, qSize=0]
    ^-- System thread pool [active=0, idle=6, qSize=0]
[15:55:57,800][WARNING][jvm-pause-detector-worker][IgniteKernal] Possible too long JVM pause: 779 milliseconds.
[15:56:06,596][INFO][grid-timeout-worker-#23][IgniteKernal] 
Metrics for local node (to disable set 'metricsLogFrequency' to 0)
    ^-- Node [id=25cc4e9d, uptime=01:08:00.501]
    ^-- H/N/C [hosts=1, nodes=1, CPUs=1]
    ^-- CPU [cur=0%, avg=0.33%, GC=0%]
    ^-- PageMemory [pages=200]
    ^-- Heap [used=81MB, free=91.79%, comm=989MB]
    ^-- Off-heap [used=0MB, free=99.92%, comm=336MB]
    ^--   sysMemPlc region [used=0MB, free=99.21%, comm=40MB]
    ^--   default region [used=0MB, free=100%, comm=256MB]
    ^--   TxLog region [used=0MB, free=100%, comm=40MB]
    ^-- Outbound messages queue [size=0]
    ^-- Public thread pool [active=0, idle=0, qSize=0]
    ^-- System thread pool [active=0, idle=6, qSize=0]
[15:57:06,605][INFO][grid-timeout-worker-#23][IgniteKernal] 
Metrics for local node (to disable set 'metricsLogFrequency' to 0)
    ^-- Node [id=25cc4e9d, uptime=01:09:00.510]
    ^-- H/N/C [hosts=1, nodes=1, CPUs=1]
    ^-- CPU [cur=0%, avg=0.33%, GC=0%]
    ^-- PageMemory [pages=200]
    ^-- Heap [used=83MB, free=91.58%, comm=989MB]
    ^-- Off-heap [used=0MB, free=99.92%, comm=336MB]
    ^--   sysMemPlc region [used=0MB, free=99.21%, comm=40MB]
    ^--   default region [used=0MB, free=100%, comm=256MB]
    ^--   TxLog region [used=0MB, free=100%, comm=40MB]
    ^-- Outbound messages queue [size=0]
    ^-- Public thread pool [active=0, idle=0, qSize=0]
    ^-- System thread pool [active=0, idle=6, qSize=0]
[15:58:06,620][INFO][grid-timeout-worker-#23][IgniteKernal] 
Metrics for local node (to disable set 'metricsLogFrequency' to 0)
    ^-- Node [id=25cc4e9d, uptime=01:10:00.525]
    ^-- H/N/C [hosts=1, nodes=1, CPUs=1]
    ^-- CPU [cur=0%, avg=0.32%, GC=0%]
    ^-- PageMemory [pages=200]
    ^-- Heap [used=85MB, free=91.33%, comm=989MB]
    ^-- Off-heap [used=0MB, free=99.92%, comm=336MB]
    ^--   sysMemPlc region [used=0MB, free=99.21%, comm=40MB]
    ^--   default region [used=0MB, free=100%, comm=256MB]
    ^--   TxLog region [used=0MB, free=100%, comm=40MB]
    ^-- Outbound messages queue [size=0]
    ^-- Public thread pool [active=0, idle=0, qSize=0]
    ^-- System thread pool [active=0, idle=6, qSize=0]
[15:59:06,629][INFO][grid-timeout-worker-#23][IgniteKernal] 
Metrics for local node (to disable set 'metricsLogFrequency' to 0)
    ^-- Node [id=25cc4e9d, uptime=01:11:00.531]
    ^-- H/N/C [hosts=1, nodes=1, CPUs=1]
    ^-- CPU [cur=0%, avg=0.32%, GC=0%]
    ^-- PageMemory [pages=200]
    ^-- Heap [used=88MB, free=91.08%, comm=989MB]
    ^-- Off-heap [used=0MB, free=99.92%, comm=336MB]
    ^--   sysMemPlc region [used=0MB, free=99.21%, comm=40MB]
    ^--   default region [used=0MB, free=100%, comm=256MB]
    ^--   TxLog region [used=0MB, free=100%, comm=40MB]
    ^-- Outbound messages queue [size=0]
    ^-- Public thread pool [active=0, idle=0, qSize=0]
    ^-- System thread pool [active=0, idle=6, qSize=0]
[16:00:06,635][INFO][grid-timeout-worker-#23][IgniteKernal] 
Metrics for local node (to disable set 'metricsLogFrequency' to 0)
    ^-- Node [id=25cc4e9d, uptime=01:12:00.537]
    ^-- H/N/C [hosts=1, nodes=1, CPUs=1]
    ^-- CPU [cur=0%, avg=0.32%, GC=0%]
    ^-- PageMemory [pages=200]
    ^-- Heap [used=90MB, free=90.84%, comm=989MB]
    ^-- Off-heap [used=0MB, free=99.92%, comm=336MB]
    ^--   sysMemPlc region [used=0MB, free=99.21%, comm=40MB]
    ^--   default region [used=0MB, free=100%, comm=256MB]
    ^--   TxLog region [used=0MB, free=100%, comm=40MB]
    ^-- Outbound messages queue [size=0]
    ^-- Public thread pool [active=0, idle=0, qSize=0]
    ^-- System thread pool [active=0, idle=6, qSize=0]
[16:01:06,642][INFO][grid-timeout-worker-#23][IgniteKernal] 
Metrics for local node (to disable set 'metricsLogFrequency' to 0)
    ^-- Node [id=25cc4e9d, uptime=01:13:00.545]
    ^-- H/N/C [hosts=1, nodes=1, CPUs=1]
    ^-- CPU [cur=0%, avg=0.32%, GC=0%]
    ^-- PageMemory [pages=200]
    ^-- Heap [used=93MB, free=90.52%, comm=989MB]
    ^-- Off-heap [used=0MB, free=99.92%, comm=336MB]
    ^--   sysMemPlc region [used=0MB, free=99.21%, comm=40MB]
    ^--   default region [used=0MB, free=100%, comm=256MB]
    ^--   TxLog region [used=0MB, free=100%, comm=40MB]
    ^-- Outbound messages queue [size=0]
    ^-- Public thread pool [active=0, idle=0, qSize=0]
    ^-- System thread pool [active=0, idle=6, qSize=0]
[16:02:06,651][INFO][grid-timeout-worker-#23][IgniteKernal] 
Metrics for local node (to disable set 'metricsLogFrequency' to 0)
    ^-- Node [id=25cc4e9d, uptime=01:14:00.546]
    ^-- H/N/C [hosts=1, nodes=1, CPUs=1]
    ^-- CPU [cur=0%, avg=0.32%, GC=0%]
    ^-- PageMemory [pages=200]
    ^-- Heap [used=96MB, free=90.24%, comm=989MB]
    ^-- Off-heap [used=0MB, free=99.92%, comm=336MB]
    ^--   sysMemPlc region [used=0MB, free=99.21%, comm=40MB]
    ^--   default region [used=0MB, free=100%, comm=256MB]
    ^--   TxLog region [used=0MB, free=100%, comm=40MB]
    ^-- Outbound messages queue [size=0]
    ^-- Public thread pool [active=0, idle=0, qSize=0]
    ^-- System thread pool [active=0, idle=6, qSize=0]
[16:03:06,680][INFO][grid-timeout-worker-#23][IgniteKernal] 
Metrics for local node (to disable set 'metricsLogFrequency' to 0)
    ^-- Node [id=25cc4e9d, uptime=01:15:00.585]
    ^-- H/N/C [hosts=1, nodes=1, CPUs=1]
    ^-- CPU [cur=0%, avg=0.31%, GC=0%]
    ^-- PageMemory [pages=200]
    ^-- Heap [used=99MB, free=89.99%, comm=989MB]
    ^-- Off-heap [used=0MB, free=99.92%, comm=336MB]
    ^--   sysMemPlc region [used=0MB, free=99.21%, comm=40MB]
    ^--   default region [used=0MB, free=100%, comm=256MB]
    ^--   TxLog region [used=0MB, free=100%, comm=40MB]
    ^-- Outbound messages queue [size=0]
    ^-- Public thread pool [active=0, idle=0, qSize=0]
    ^-- System thread pool [active=0, idle=6, qSize=0]
[16:04:06,688][INFO][grid-timeout-worker-#23][IgniteKernal] 
Metrics for local node (to disable set 'metricsLogFrequency' to 0)
    ^-- Node [id=25cc4e9d, uptime=01:16:00.592]
    ^-- H/N/C [hosts=1, nodes=1, CPUs=1]
    ^-- CPU [cur=0%, avg=0.31%, GC=0%]
    ^-- PageMemory [pages=200]
    ^-- Heap [used=101MB, free=89.7%, comm=989MB]
    ^-- Off-heap [used=0MB, free=99.92%, comm=336MB]
    ^--   sysMemPlc region [used=0MB, free=99.21%, comm=40MB]
    ^--   default region [used=0MB, free=100%, comm=256MB]
    ^--   TxLog region [used=0MB, free=100%, comm=40MB]
    ^-- Outbound messages queue [size=0]
    ^-- Public thread pool [active=0, idle=0, qSize=0]
    ^-- System thread pool [active=0, idle=6, qSize=0]
[16:05:06,696][INFO][grid-timeout-worker-#23][IgniteKernal] 
Metrics for local node (to disable set 'metricsLogFrequency' to 0)
    ^-- Node [id=25cc4e9d, uptime=01:17:00.596]
    ^-- H/N/C [hosts=1, nodes=1, CPUs=1]
    ^-- CPU [cur=0%, avg=0.31%, GC=0%]
    ^-- PageMemory [pages=200]
    ^-- Heap [used=104MB, free=89.43%, comm=989MB]
    ^-- Off-heap [used=0MB, free=99.92%, comm=336MB]
    ^--   sysMemPlc region [used=0MB, free=99.21%, comm=40MB]
    ^--   default region [used=0MB, free=100%, comm=256MB]
    ^--   TxLog region [used=0MB, free=100%, comm=40MB]
    ^-- Outbound messages queue [size=0]
    ^-- Public thread pool [active=0, idle=0, qSize=0]
    ^-- System thread pool [active=0, idle=6, qSize=0]
[16:06:06,696][INFO][grid-timeout-worker-#23][IgniteKernal] 
Metrics for local node (to disable set 'metricsLogFrequency' to 0)
    ^-- Node [id=25cc4e9d, uptime=01:18:00.601]
    ^-- H/N/C [hosts=1, nodes=1, CPUs=1]
    ^-- CPU [cur=0%, avg=0.31%, GC=0%]
    ^-- PageMemory [pages=200]
    ^-- Heap [used=107MB, free=89.18%, comm=989MB]
    ^-- Off-heap [used=0MB, free=99.92%, comm=336MB]
    ^--   sysMemPlc region [used=0MB, free=99.21%, comm=40MB]
    ^--   default region [used=0MB, free=100%, comm=256MB]
    ^--   TxLog region [used=0MB, free=100%, comm=40MB]
    ^-- Outbound messages queue [size=0]
    ^-- Public thread pool [active=0, idle=0, qSize=0]
    ^-- System thread pool [active=0, idle=6, qSize=0]
[16:07:06,703][INFO][grid-timeout-worker-#23][IgniteKernal] 
Metrics for local node (to disable set 'metricsLogFrequency' to 0)
    ^-- Node [id=25cc4e9d, uptime=01:19:00.601]
    ^-- H/N/C [hosts=1, nodes=1, CPUs=1]
    ^-- CPU [cur=0%, avg=0.31%, GC=0%]
    ^-- PageMemory [pages=200]
    ^-- Heap [used=109MB, free=88.89%, comm=989MB]
    ^-- Off-heap [used=0MB, free=99.92%, comm=336MB]
    ^--   sysMemPlc region [used=0MB, free=99.21%, comm=40MB]
    ^--   default region [used=0MB, free=100%, comm=256MB]
    ^--   TxLog region [used=0MB, free=100%, comm=40MB]
    ^-- Outbound messages queue [size=0]
    ^-- Public thread pool [active=0, idle=0, qSize=0]
    ^-- System thread pool [active=0, idle=6, qSize=0]
[16:08:06,703][INFO][grid-timeout-worker-#23][IgniteKernal] 
Metrics for local node (to disable set 'metricsLogFrequency' to 0)
    ^-- Node [id=25cc4e9d, uptime=01:20:00.608]
    ^-- H/N/C [hosts=1, nodes=1, CPUs=1]
    ^-- CPU [cur=0%, avg=0.31%, GC=0%]
    ^-- PageMemory [pages=200]
    ^-- Heap [used=112MB, free=88.65%, comm=989MB]
    ^-- Off-heap [used=0MB, free=99.92%, comm=336MB]
    ^--   sysMemPlc region [used=0MB, free=99.21%, comm=40MB]
    ^--   default region [used=0MB, free=100%, comm=256MB]
    ^--   TxLog region [used=0MB, free=100%, comm=40MB]
    ^-- Outbound messages queue [size=0]
    ^-- Public thread pool [active=0, idle=0, qSize=0]
    ^-- System thread pool [active=0, idle=6, qSize=0]
[16:09:06,713][INFO][grid-timeout-worker-#23][IgniteKernal] 
Metrics for local node (to disable set 'metricsLogFrequency' to 0)
    ^-- Node [id=25cc4e9d, uptime=01:21:00.616]
    ^-- H/N/C [hosts=1, nodes=1, CPUs=1]
    ^-- CPU [cur=0%, avg=0.31%, GC=0%]
    ^-- PageMemory [pages=200]
    ^-- Heap [used=116MB, free=88.28%, comm=989MB]
    ^-- Off-heap [used=0MB, free=99.92%, comm=336MB]
    ^--   sysMemPlc region [used=0MB, free=99.21%, comm=40MB]
    ^--   default region [used=0MB, free=100%, comm=256MB]
    ^--   TxLog region [used=0MB, free=100%, comm=40MB]
    ^-- Outbound messages queue [size=0]
    ^-- Public thread pool [active=0, idle=0, qSize=0]
    ^-- System thread pool [active=0, idle=6, qSize=0]
[16:09:12,020][INFO][Thread-24][G] Invoking shutdown hook...
