[13:41:00,591][WARNING][main][G] Ignite work directory is not provided, automatically resolved to: C:\apache-ignite\IgniteDeployment\work
[13:41:01,004][INFO][main][IgniteKernal] 

>>>    __________  ________________  
>>>   /  _/ ___/ |/ /  _/_  __/ __/  
>>>  _/ // (7 7    // /  / / / _/    
>>> /___/\___/_/|_/___/ /_/ /___/   
>>> 
>>> ver. 2.7.6#20190911-sha1:21f7ca41
>>> 2019 Copyright(C) Apache Software Foundation
>>> 
>>> Ignite documentation: http://ignite.apache.org

[13:41:01,024][INFO][main][IgniteKernal] Config URL: file:/C:/apache-ignite/IgniteDeployment/config/default-config.xml
[13:41:01,109][INFO][main][IgniteKernal] IgniteConfiguration [igniteInstanceName=null, pubPoolSize=8, svcPoolSize=8, callbackPoolSize=8, stripedPoolSize=8, sysPoolSize=8, mgmtPoolSize=4, igfsPoolSize=1, dataStreamerPoolSize=8, utilityCachePoolSize=8, utilityCacheKeepAliveTime=60000, p2pPoolSize=2, qryPoolSize=8, igniteHome=C:\apache-ignite\IgniteDeployment, igniteWorkDir=C:\apache-ignite\IgniteDeployment\work, mbeanSrv=com.sun.jmx.mbeanserver.JmxMBeanServer@6f94fa3e, nodeId=ef9e6ea1-2d06-4a60-ba88-b143947b1a0b, marsh=BinaryMarshaller [], marshLocJobs=false, daemon=false, p2pEnabled=false, netTimeout=5000, sndRetryDelay=1000, sndRetryCnt=3, metricsHistSize=10000, metricsUpdateFreq=2000, metricsExpTime=9223372036854775807, discoSpi=TcpDiscoverySpi [addrRslvr=null, sockTimeout=0, ackTimeout=0, marsh=null, reconCnt=10, reconDelay=2000, maxAckTimeout=600000, forceSrvMode=false, clientReconnectDisabled=false, internalLsnr=null], segPlc=STOP, segResolveAttempts=2, waitForSegOnStart=true, allResolversPassReq=true, segChkFreq=10000, commSpi=TcpCommunicationSpi [connectGate=null, connPlc=org.apache.ignite.spi.communication.tcp.TcpCommunicationSpi$FirstConnectionPolicy@158da8e, enableForcibleNodeKill=false, enableTroubleshootingLog=false, locAddr=null, locHost=null, locPort=47100, locPortRange=100, shmemPort=-1, directBuf=true, directSndBuf=false, idleConnTimeout=600000, connTimeout=5000, maxConnTimeout=600000, reconCnt=10, sockSndBuf=32768, sockRcvBuf=32768, msgQueueLimit=0, slowClientQueueLimit=0, nioSrvr=null, shmemSrv=null, usePairedConnections=false, connectionsPerNode=1, tcpNoDelay=true, filterReachableAddresses=false, ackSndThreshold=32, unackedMsgsBufSize=0, sockWriteTimeout=2000, boundTcpPort=-1, boundTcpShmemPort=-1, selectorsCnt=4, selectorSpins=0, addrRslvr=null, ctxInitLatch=java.util.concurrent.CountDownLatch@74e52303[Count = 1], stopping=false], evtSpi=org.apache.ignite.spi.eventstorage.NoopEventStorageSpi@47af7f3d, colSpi=NoopCollisionSpi [], deploySpi=LocalDeploymentSpi [], indexingSpi=org.apache.ignite.spi.indexing.noop.NoopIndexingSpi@323b36e0, addrRslvr=null, encryptionSpi=org.apache.ignite.spi.encryption.noop.NoopEncryptionSpi@44ebcd03, clientMode=false, rebalanceThreadPoolSize=1, txCfg=TransactionConfiguration [txSerEnabled=false, dfltIsolation=REPEATABLE_READ, dfltConcurrency=PESSIMISTIC, dfltTxTimeout=0, txTimeoutOnPartitionMapExchange=0, pessimisticTxLogSize=0, pessimisticTxLogLinger=10000, tmLookupClsName=null, txManagerFactory=null, useJtaSync=false], cacheSanityCheckEnabled=true, discoStartupDelay=60000, deployMode=SHARED, p2pMissedCacheSize=100, locHost=null, timeSrvPortBase=31100, timeSrvPortRange=100, failureDetectionTimeout=10000, sysWorkerBlockedTimeout=null, clientFailureDetectionTimeout=30000, metricsLogFreq=60000, hadoopCfg=null, connectorCfg=ConnectorConfiguration [jettyPath=null, host=null, port=11211, noDelay=true, directBuf=false, sndBufSize=32768, rcvBufSize=32768, idleQryCurTimeout=600000, idleQryCurCheckFreq=60000, sndQueueLimit=0, selectorCnt=1, idleTimeout=7000, sslEnabled=false, sslClientAuth=false, sslCtxFactory=null, sslFactory=null, portRange=100, threadPoolSize=8, msgInterceptor=null], odbcCfg=null, warmupClos=null, atomicCfg=AtomicConfiguration [seqReserveSize=1000, cacheMode=PARTITIONED, backups=1, aff=null, grpName=null], classLdr=null, sslCtxFactory=null, platformCfg=null, binaryCfg=null, memCfg=null, pstCfg=null, dsCfg=DataStorageConfiguration [sysRegionInitSize=41943040, sysRegionMaxSize=104857600, pageSize=0, concLvl=0, dfltDataRegConf=DataRegionConfiguration [name=default, maxSize=858899251, initSize=268435456, swapPath=null, pageEvictionMode=DISABLED, evictionThreshold=0.9, emptyPagesPoolSize=100, metricsEnabled=false, metricsSubIntervalCount=5, metricsRateTimeInterval=60000, persistenceEnabled=false, checkpointPageBufSize=0], dataRegions=null, storagePath=null, checkpointFreq=180000, lockWaitTime=10000, checkpointThreads=4, checkpointWriteOrder=SEQUENTIAL, walHistSize=20, maxWalArchiveSize=1073741824, walSegments=10, walSegmentSize=67108864, walPath=db/wal, walArchivePath=db/wal/archive, metricsEnabled=false, walMode=LOG_ONLY, walTlbSize=131072, walBuffSize=0, walFlushFreq=2000, walFsyncDelay=1000, walRecordIterBuffSize=67108864, alwaysWriteFullPages=false, fileIOFactory=org.apache.ignite.internal.processors.cache.persistence.file.AsyncFileIOFactory@6b927fb, metricsSubIntervalCnt=5, metricsRateTimeInterval=60000, walAutoArchiveAfterInactivity=-1, writeThrottlingEnabled=false, walCompactionEnabled=false, walCompactionLevel=1, checkpointReadLockTimeout=null], activeOnStart=true, autoActivation=true, longQryWarnTimeout=3000, sqlConnCfg=null, cliConnCfg=ClientConnectorConfiguration [host=null, port=10800, portRange=100, sockSndBufSize=0, sockRcvBufSize=0, tcpNoDelay=true, maxOpenCursorsPerConn=128, threadPoolSize=8, idleTimeout=0, jdbcEnabled=true, odbcEnabled=true, thinCliEnabled=true, sslEnabled=false, useIgniteSslCtxFactory=true, sslClientAuth=false, sslCtxFactory=null], mvccVacuumThreadCnt=2, mvccVacuumFreq=5000, authEnabled=false, failureHnd=null, commFailureRslvr=null]
[13:41:01,111][INFO][main][IgniteKernal] Daemon mode: off
[13:41:01,114][INFO][main][IgniteKernal] OS: Windows 10 10.0 amd64
[13:41:01,114][INFO][main][IgniteKernal] OS user: mudassir
[13:41:01,114][INFO][main][IgniteKernal] PID: 5848
[13:41:01,116][INFO][main][IgniteKernal] Language runtime: Java Platform API Specification ver. 1.8
[13:41:01,116][INFO][main][IgniteKernal] VM information: Java(TM) SE Runtime Environment 1.8.0_281-b09 Oracle Corporation Java HotSpot(TM) 64-Bit Server VM 25.281-b09
[13:41:01,120][INFO][main][IgniteKernal] VM total memory: 0.97GB
[13:41:01,121][INFO][main][IgniteKernal] Remote Management [restart: on, REST: on, JMX (remote: on, port: 49116, auth: off, ssl: off)]
[13:41:01,123][INFO][main][IgniteKernal] Logger: JavaLogger [quiet=true, config=null]
[13:41:01,123][INFO][main][IgniteKernal] IGNITE_HOME=C:\apache-ignite\IgniteDeployment
[13:41:01,123][INFO][main][IgniteKernal] VM arguments: [-XX:+AggressiveOpts, -Xms1g, -Xmx1g, -XX:MaxMetaspaceSize=256m, -DIGNITE_QUIET=true, -DIGNITE_SUCCESS_FILE=C:\apache-ignite\IgniteDeployment\work\ignite_success_21e9c0cb-91f1-431b-b0ae-711b3ab05a2f, -Dcom.sun.management.jmxremote, -Dcom.sun.management.jmxremote.port=49116, -Dcom.sun.management.jmxremote.authenticate=false, -Dcom.sun.management.jmxremote.ssl=false, -DIGNITE_HOME=C:\apache-ignite\IgniteDeployment, -DIGNITE_PROG_NAME=ignite.bat]
[13:41:01,124][INFO][main][IgniteKernal] System cache's DataRegion size is configured to 40 MB. Use DataStorageConfiguration.systemRegionInitialSize property to change the setting.
[13:41:01,135][INFO][main][IgniteKernal] Configured caches [in 'sysMemPlc' dataRegion: ['ignite-sys-cache']]
[13:41:01,135][WARNING][main][IgniteKernal] Please set system property '-Djava.net.preferIPv4Stack=true' to avoid possible problems in mixed environments.
[13:41:01,143][INFO][main][IgniteKernal] 3-rd party licenses can be found at: C:\apache-ignite\IgniteDeployment\libs\licenses
[13:41:01,347][WARNING][pub-#19][GridDiagnostic] This operating system has been tested less rigorously: Windows 10 10.0 amd64. Our team will appreciate the feedback if you experience any problems running ignite in this environment.
[13:41:01,349][INFO][main][IgnitePluginProcessor] Configured plugins:
[13:41:01,352][INFO][main][IgnitePluginProcessor]   ^-- None
[13:41:01,356][INFO][main][IgnitePluginProcessor] 
[13:41:01,360][INFO][main][FailureProcessor] Configured failure handler: [hnd=StopNodeOrHaltFailureHandler [tryStop=false, timeout=0, super=AbstractFailureHandler [ignoredFailureTypes=[SYSTEM_WORKER_BLOCKED, SYSTEM_CRITICAL_OPERATION_TIMEOUT]]]]
[13:41:01,496][INFO][main][TcpCommunicationSpi] Successfully bound communication NIO server to TCP port [port=47100, locHost=0.0.0.0/0.0.0.0, selectorsCnt=4, selectorSpins=0, pairedConn=false]
[13:41:01,713][WARNING][main][TcpCommunicationSpi] Message queue limit is set to 0 which may lead to potential OOMEs when running cache operations in FULL_ASYNC or PRIMARY_SYNC modes due to message queues growth on sender and receiver sides.
[13:41:01,767][WARNING][main][NoopCheckpointSpi] Checkpoints are disabled (to enable configure any GridCheckpointSpi implementation)
[13:41:01,841][WARNING][main][GridCollisionManager] Collision resolution is disabled (all jobs will be activated upon arrival).
[13:41:01,864][INFO][main][IgniteKernal] Security status [authentication=off, tls/ssl=off]
[13:41:02,362][WARNING][main][IgniteCacheDatabaseSharedManager] DataRegionConfiguration.maxWalArchiveSize instead DataRegionConfiguration.walHistorySize would be used for removing old archive wal files
[13:41:02,411][INFO][main][PartitionsEvictManager] Evict partition permits=2
[13:41:02,818][INFO][main][ClientListenerProcessor] Client connector processor has started on TCP port 10800
[13:41:02,887][INFO][main][GridTcpRestProtocol] Command protocol successfully started [name=TCP binary, host=0.0.0.0/0.0.0.0, port=11211]
[13:41:03,542][INFO][main][GridJettyRestProtocol] Command protocol successfully started [name=Jetty REST, host=/0.0.0.0, port=8080]
[13:41:04,524][WARNING][jvm-pause-detector-worker][IgniteKernal] Possible too long JVM pause: 855 milliseconds.
[13:41:04,693][INFO][main][IgniteKernal] Non-loopback local IPs: 192.168.0.21, fe80:0:0:0:153b:24d3:574f:ac2e%eth3
[13:41:04,694][INFO][main][IgniteKernal] Enabled local MACs: 080027835105
[13:41:04,775][INFO][main][TcpDiscoverySpi] Connection check threshold is calculated: 10000
[13:41:04,780][INFO][main][TcpDiscoverySpi] Successfully bound to TCP port [port=47500, localHost=0.0.0.0/0.0.0.0, locNodeId=ef9e6ea1-2d06-4a60-ba88-b143947b1a0b]
[13:41:04,787][WARNING][main][TcpDiscoveryMulticastIpFinder] TcpDiscoveryMulticastIpFinder has no pre-configured addresses (it is recommended in production to specify at least one address in TcpDiscoveryMulticastIpFinder.getAddresses() configuration property)
[13:41:06,414][INFO][disco-notifier-worker-#35][MvccProcessorImpl] Assigned mvcc coordinator [crd=MvccCoordinator [nodeId=ef9e6ea1-2d06-4a60-ba88-b143947b1a0b, crdVer=1615797666381, topVer=AffinityTopologyVersion [topVer=1, minorTopVer=0]], crdNode=TcpDiscoveryNode [id=ef9e6ea1-2d06-4a60-ba88-b143947b1a0b, addrs=[0:0:0:0:0:0:0:1, 127.0.0.1, 192.168.0.21], sockAddrs=[DESKTOP-3E2SC7Q/192.168.0.21:47500, /0:0:0:0:0:0:0:1:47500, /127.0.0.1:47500], discPort=47500, order=1, intOrder=1, lastExchangeTime=1615797664774, loc=true, ver=2.7.6#20190911-sha1:21f7ca41, isClient=false]]
[13:41:06,419][WARNING][main][IgniteKernal] Nodes started on local machine require more than 80% of physical RAM what can lead to significant slowdown due to swapping (please decrease JVM heap size, data region size or checkpoint buffer size) [required=1908MB, available=4095MB]
[13:41:06,559][INFO][exchange-worker-#37][time] Started exchange init [topVer=AffinityTopologyVersion [topVer=1, minorTopVer=0], mvccCrd=MvccCoordinator [nodeId=ef9e6ea1-2d06-4a60-ba88-b143947b1a0b, crdVer=1615797666381, topVer=AffinityTopologyVersion [topVer=1, minorTopVer=0]], mvccCrdChange=true, crd=true, evt=NODE_JOINED, evtNode=ef9e6ea1-2d06-4a60-ba88-b143947b1a0b, customEvt=null, allowMerge=false]
[13:41:06,638][INFO][exchange-worker-#37][msg] Components activation performed in 78 ms.
[13:41:07,316][INFO][exchange-worker-#37][GridCacheProcessor] Started cache [name=ignite-sys-cache, id=-2100569601, memoryPolicyName=sysMemPlc, mode=REPLICATED, atomicity=TRANSACTIONAL, backups=2147483647, mvcc=false], encryptionEnabled=false]
[13:41:07,317][INFO][exchange-worker-#37][GridCacheProcessor] Starting caches on local join performed in 679 ms.
[13:41:07,353][INFO][exchange-worker-#37][GridDhtPartitionsExchangeFuture] Skipped waiting for partitions release future (local node is joining) [topVer=AffinityTopologyVersion [topVer=1, minorTopVer=0]]
[13:41:07,451][INFO][exchange-worker-#37][GridDhtPartitionsExchangeFuture] finishExchangeOnCoordinator [topVer=AffinityTopologyVersion [topVer=1, minorTopVer=0], resVer=AffinityTopologyVersion [topVer=1, minorTopVer=0]]
[13:41:07,451][INFO][exchange-worker-#37][GridDhtPartitionsExchangeFuture] Affinity changes (coordinator) applied in 0 ms.
[13:41:07,458][INFO][exchange-worker-#37][GridDhtPartitionsExchangeFuture] Partitions validation performed in 7 ms.
[13:41:07,462][INFO][exchange-worker-#37][GridDhtPartitionsExchangeFuture] Partitions assignment performed in 4 ms.
[13:41:07,499][INFO][exchange-worker-#37][GridDhtPartitionsExchangeFuture] Preparing Full Message performed in 35 ms.
[13:41:07,511][INFO][exchange-worker-#37][GridDhtPartitionsExchangeFuture] Sending Full Message to all nodes performed in 0 ms.
[13:41:07,513][INFO][exchange-worker-#37][GridDhtPartitionsExchangeFuture] Finish exchange future [startVer=AffinityTopologyVersion [topVer=1, minorTopVer=0], resVer=AffinityTopologyVersion [topVer=1, minorTopVer=0], err=null]
[13:41:07,514][INFO][exchange-worker-#37][GridDhtPartitionsExchangeFuture] Detecting lost partitions performed in 1 ms.
[13:41:07,516][INFO][exchange-worker-#37][MvccProcessorImpl] Initialize local node as mvcc coordinator [node=ef9e6ea1-2d06-4a60-ba88-b143947b1a0b, crdVer=1615797666381]
[13:41:07,526][INFO][exchange-worker-#37][GridCacheProcessor] Finish proxy initialization, cacheName=ignite-sys-cache, localNodeId=ef9e6ea1-2d06-4a60-ba88-b143947b1a0b
[13:41:07,529][INFO][exchange-worker-#37][GridDhtPartitionsExchangeFuture] Completed partition exchange [localNode=ef9e6ea1-2d06-4a60-ba88-b143947b1a0b, exchange=GridDhtPartitionsExchangeFuture [topVer=AffinityTopologyVersion [topVer=1, minorTopVer=0], evt=NODE_JOINED, evtNode=TcpDiscoveryNode [id=ef9e6ea1-2d06-4a60-ba88-b143947b1a0b, addrs=[0:0:0:0:0:0:0:1, 127.0.0.1, 192.168.0.21], sockAddrs=[DESKTOP-3E2SC7Q/192.168.0.21:47500, /0:0:0:0:0:0:0:1:47500, /127.0.0.1:47500], discPort=47500, order=1, intOrder=1, lastExchangeTime=1615797664774, loc=true, ver=2.7.6#20190911-sha1:21f7ca41, isClient=false], done=true], topVer=AffinityTopologyVersion [topVer=1, minorTopVer=0], durationFromInit=970]
[13:41:07,530][INFO][exchange-worker-#37][time] Finished exchange init [topVer=AffinityTopologyVersion [topVer=1, minorTopVer=0], crd=true]
[13:41:07,616][INFO][exchange-worker-#37][GridCachePartitionExchangeManager] Skipping rebalancing (nothing scheduled) [top=AffinityTopologyVersion [topVer=1, minorTopVer=0], force=false, evt=NODE_JOINED, node=ef9e6ea1-2d06-4a60-ba88-b143947b1a0b]
[13:41:07,769][INFO][main][IgniteKernal] Performance suggestions for grid  (fix if possible)
[13:41:07,774][INFO][main][IgniteKernal] To disable, set -DIGNITE_PERFORMANCE_SUGGESTIONS_DISABLED=true
[13:41:07,776][INFO][main][IgniteKernal]   ^-- Enable G1 Garbage Collector (add '-XX:+UseG1GC' to JVM options)
[13:41:07,779][INFO][main][IgniteKernal]   ^-- Set max direct memory size if getting 'OOME: Direct buffer memory' (add '-XX:MaxDirectMemorySize=<size>[g|G|m|M|k|K]' to JVM options)
[13:41:07,785][INFO][main][IgniteKernal]   ^-- Disable processing of calls to System.gc() (add '-XX:+DisableExplicitGC' to JVM options)
[13:41:07,787][INFO][main][IgniteKernal] Refer to this page for more performance suggestions: https://apacheignite.readme.io/docs/jvm-and-system-tuning
[13:41:07,790][INFO][main][IgniteKernal] 
[13:41:07,794][INFO][main][IgniteKernal] To start Console Management & Monitoring run ignitevisorcmd.{sh|bat}
[13:41:07,872][INFO][main][IgniteKernal] Data Regions Configured:
[13:41:07,874][INFO][main][IgniteKernal]   ^-- default [initSize=256.0 MiB, maxSize=819.1 MiB, persistence=false]
[13:41:07,875][INFO][main][IgniteKernal] 

>>> +----------------------------------------------------------------------+
>>> Ignite ver. 2.7.6#20190911-sha1:21f7ca41c4348909e2fd26ccf59b5b2ce1f4474e
>>> +----------------------------------------------------------------------+
>>> OS name: Windows 10 10.0 amd64
>>> CPU(s): 1
>>> Heap: 1.0GB
>>> VM name: 5848@DESKTOP-3E2SC7Q
>>> Local node [ID=EF9E6EA1-2D06-4A60-BA88-B143947B1A0B, order=1, clientMode=false]
>>> Local node addresses: [DESKTOP-3E2SC7Q/0:0:0:0:0:0:0:1, /127.0.0.1, /192.168.0.21]
>>> Local ports: TCP:8080 TCP:10800 TCP:11211 TCP:47100 UDP:47400 TCP:47500 

[13:41:07,928][INFO][main][GridDiscoveryManager] Topology snapshot [ver=1, locNode=ef9e6ea1, servers=1, clients=0, state=ACTIVE, CPUs=1, offheap=0.8GB, heap=1.0GB]
[13:42:07,770][INFO][grid-timeout-worker-#23][IgniteKernal] 
Metrics for local node (to disable set 'metricsLogFrequency' to 0)
    ^-- Node [id=ef9e6ea1, uptime=00:01:00.016]
    ^-- H/N/C [hosts=1, nodes=1, CPUs=1]
    ^-- CPU [cur=7.83%, avg=1.18%, GC=0%]
    ^-- PageMemory [pages=200]
    ^-- Heap [used=96MB, free=90.27%, comm=989MB]
    ^-- Off-heap [used=0MB, free=99.92%, comm=336MB]
    ^--   sysMemPlc region [used=0MB, free=99.21%, comm=40MB]
    ^--   default region [used=0MB, free=100%, comm=256MB]
    ^--   TxLog region [used=0MB, free=100%, comm=40MB]
    ^-- Outbound messages queue [size=0]
    ^-- Public thread pool [active=0, idle=0, qSize=0]
    ^-- System thread pool [active=0, idle=6, qSize=0]
[13:43:07,789][INFO][grid-timeout-worker-#23][IgniteKernal] 
Metrics for local node (to disable set 'metricsLogFrequency' to 0)
    ^-- Node [id=ef9e6ea1, uptime=00:02:00.034]
    ^-- H/N/C [hosts=1, nodes=1, CPUs=1]
    ^-- CPU [cur=1.57%, avg=0.82%, GC=0%]
    ^-- PageMemory [pages=200]
    ^-- Heap [used=99MB, free=89.94%, comm=989MB]
    ^-- Off-heap [used=0MB, free=99.92%, comm=336MB]
    ^--   sysMemPlc region [used=0MB, free=99.21%, comm=40MB]
    ^--   default region [used=0MB, free=100%, comm=256MB]
    ^--   TxLog region [used=0MB, free=100%, comm=40MB]
    ^-- Outbound messages queue [size=0]
    ^-- Public thread pool [active=0, idle=0, qSize=0]
    ^-- System thread pool [active=0, idle=6, qSize=0]
[13:44:07,800][INFO][grid-timeout-worker-#23][IgniteKernal] 
Metrics for local node (to disable set 'metricsLogFrequency' to 0)
    ^-- Node [id=ef9e6ea1, uptime=00:03:00.049]
    ^-- H/N/C [hosts=1, nodes=1, CPUs=1]
    ^-- CPU [cur=0%, avg=0.62%, GC=0%]
    ^-- PageMemory [pages=200]
    ^-- Heap [used=103MB, free=89.53%, comm=989MB]
    ^-- Off-heap [used=0MB, free=99.92%, comm=336MB]
    ^--   sysMemPlc region [used=0MB, free=99.21%, comm=40MB]
    ^--   default region [used=0MB, free=100%, comm=256MB]
    ^--   TxLog region [used=0MB, free=100%, comm=40MB]
    ^-- Outbound messages queue [size=0]
    ^-- Public thread pool [active=0, idle=0, qSize=0]
    ^-- System thread pool [active=0, idle=6, qSize=0]
[13:45:07,808][INFO][grid-timeout-worker-#23][IgniteKernal] 
Metrics for local node (to disable set 'metricsLogFrequency' to 0)
    ^-- Node [id=ef9e6ea1, uptime=00:04:00.058]
    ^-- H/N/C [hosts=1, nodes=1, CPUs=1]
    ^-- CPU [cur=0%, avg=0.54%, GC=0%]
    ^-- PageMemory [pages=200]
    ^-- Heap [used=107MB, free=89.15%, comm=989MB]
    ^-- Off-heap [used=0MB, free=99.92%, comm=336MB]
    ^--   sysMemPlc region [used=0MB, free=99.21%, comm=40MB]
    ^--   default region [used=0MB, free=100%, comm=256MB]
    ^--   TxLog region [used=0MB, free=100%, comm=40MB]
    ^-- Outbound messages queue [size=0]
    ^-- Public thread pool [active=0, idle=0, qSize=0]
    ^-- System thread pool [active=0, idle=6, qSize=0]
[13:45:16,144][INFO][exchange-worker-#37][time] Started exchange init [topVer=AffinityTopologyVersion [topVer=1, minorTopVer=1], mvccCrd=MvccCoordinator [nodeId=ef9e6ea1-2d06-4a60-ba88-b143947b1a0b, crdVer=1615797666381, topVer=AffinityTopologyVersion [topVer=1, minorTopVer=0]], mvccCrdChange=false, crd=true, evt=DISCOVERY_CUSTOM_EVT, evtNode=ef9e6ea1-2d06-4a60-ba88-b143947b1a0b, customEvt=DynamicCacheChangeBatch [id=b98ab053871-cad57641-b6b8-4801-b71b-12d08c093558, reqs=[DynamicCacheChangeRequest [cacheName=myCache, hasCfg=true, nodeId=ef9e6ea1-2d06-4a60-ba88-b143947b1a0b, clientStartOnly=false, stop=false, destroy=false, disabledAfterStartfalse]], exchangeActions=ExchangeActions [startCaches=[myCache], stopCaches=null, startGrps=[myCache], stopGrps=[], resetParts=null, stateChangeRequest=null], startCaches=false], allowMerge=false]
[13:45:16,145][INFO][exchange-worker-#37][CacheAffinitySharedManager] Updating caches registry performed in 1 ms.
[13:45:16,262][INFO][exchange-worker-#37][GridCacheProcessor] Started cache [name=myCache, id=1482644790, memoryPolicyName=default, mode=PARTITIONED, atomicity=ATOMIC, backups=0, mvcc=false], encryptionEnabled=false]
[13:45:16,265][INFO][exchange-worker-#37][CacheAffinitySharedManager] Caches starting performed in 119 ms.
[13:45:16,274][INFO][exchange-worker-#37][CacheAffinitySharedManager] Affinity initialization for started caches performed in 9 ms.
[13:45:16,293][INFO][exchange-worker-#37][GridDhtPartitionsExchangeFuture] Finished waiting for partition release future [topVer=AffinityTopologyVersion [topVer=1, minorTopVer=1], waitTime=0ms, futInfo=NA, mode=DISTRIBUTED]
[13:45:16,299][INFO][exchange-worker-#37][GridDhtPartitionsExchangeFuture] Finished waiting for partitions release latch: ServerLatch [permits=0, pendingAcks=[], super=CompletableLatch [id=exchange, topVer=AffinityTopologyVersion [topVer=1, minorTopVer=1]]]
[13:45:16,299][INFO][exchange-worker-#37][GridDhtPartitionsExchangeFuture] Finished waiting for partition release future [topVer=AffinityTopologyVersion [topVer=1, minorTopVer=1], waitTime=0ms, futInfo=NA, mode=LOCAL]
[13:45:16,482][INFO][exchange-worker-#37][GridDhtPartitionsExchangeFuture] finishExchangeOnCoordinator [topVer=AffinityTopologyVersion [topVer=1, minorTopVer=1], resVer=AffinityTopologyVersion [topVer=1, minorTopVer=1]]
[13:45:16,482][INFO][exchange-worker-#37][GridDhtPartitionsExchangeFuture] Affinity changes (coordinator) applied in 0 ms.
[13:45:16,484][INFO][exchange-worker-#37][GridDhtPartitionsExchangeFuture] Partitions validation performed in 2 ms.
[13:45:16,498][INFO][exchange-worker-#37][GridDhtPartitionsExchangeFuture] Partitions assignment performed in 13 ms.
[13:45:16,544][INFO][exchange-worker-#37][GridDhtPartitionsExchangeFuture] Preparing Full Message performed in 36 ms.
[13:45:16,544][INFO][exchange-worker-#37][GridDhtPartitionsExchangeFuture] Sending Full Message to all nodes performed in 0 ms.
[13:45:16,544][INFO][exchange-worker-#37][GridDhtPartitionsExchangeFuture] Finish exchange future [startVer=AffinityTopologyVersion [topVer=1, minorTopVer=1], resVer=AffinityTopologyVersion [topVer=1, minorTopVer=1], err=null]
[13:45:16,557][INFO][exchange-worker-#37][GridCacheProcessor] Finish proxy initialization, cacheName=myCache, localNodeId=ef9e6ea1-2d06-4a60-ba88-b143947b1a0b
[13:45:16,562][INFO][exchange-worker-#37][GridDhtPartitionsExchangeFuture] Completed partition exchange [localNode=ef9e6ea1-2d06-4a60-ba88-b143947b1a0b, exchange=GridDhtPartitionsExchangeFuture [topVer=AffinityTopologyVersion [topVer=1, minorTopVer=1], evt=DISCOVERY_CUSTOM_EVT, evtNode=TcpDiscoveryNode [id=ef9e6ea1-2d06-4a60-ba88-b143947b1a0b, addrs=[0:0:0:0:0:0:0:1, 127.0.0.1, 192.168.0.21], sockAddrs=[DESKTOP-3E2SC7Q/192.168.0.21:47500, /0:0:0:0:0:0:0:1:47500, /127.0.0.1:47500], discPort=47500, order=1, intOrder=1, lastExchangeTime=1615797664774, loc=true, ver=2.7.6#20190911-sha1:21f7ca41, isClient=false], done=true], topVer=AffinityTopologyVersion [topVer=1, minorTopVer=1], durationFromInit=422]
[13:45:16,562][INFO][exchange-worker-#37][time] Finished exchange init [topVer=AffinityTopologyVersion [topVer=1, minorTopVer=1], crd=true]
[13:45:16,594][INFO][exchange-worker-#37][GridCachePartitionExchangeManager] Skipping rebalancing (nothing scheduled) [top=AffinityTopologyVersion [topVer=1, minorTopVer=1], force=false, evt=DISCOVERY_CUSTOM_EVT, node=ef9e6ea1-2d06-4a60-ba88-b143947b1a0b]
[13:46:07,815][INFO][grid-timeout-worker-#23][IgniteKernal] 
Metrics for local node (to disable set 'metricsLogFrequency' to 0)
    ^-- Node [id=ef9e6ea1, uptime=00:05:00.066]
    ^-- H/N/C [hosts=1, nodes=1, CPUs=1]
    ^-- CPU [cur=0%, avg=0.48%, GC=0%]
    ^-- PageMemory [pages=2250]
    ^-- Heap [used=117MB, free=88.11%, comm=989MB]
    ^-- Off-heap [used=8MB, free=99.13%, comm=336MB]
    ^--   sysMemPlc region [used=0MB, free=99.21%, comm=40MB]
    ^--   default region [used=8MB, free=99.02%, comm=256MB]
    ^--   TxLog region [used=0MB, free=100%, comm=40MB]
    ^-- Outbound messages queue [size=0]
    ^-- Public thread pool [active=0, idle=0, qSize=0]
    ^-- System thread pool [active=0, idle=6, qSize=0]
[13:47:07,826][INFO][grid-timeout-worker-#23][IgniteKernal] 
Metrics for local node (to disable set 'metricsLogFrequency' to 0)
    ^-- Node [id=ef9e6ea1, uptime=00:06:00.076]
    ^-- H/N/C [hosts=1, nodes=1, CPUs=1]
    ^-- CPU [cur=0%, avg=0.44%, GC=0%]
    ^-- PageMemory [pages=2250]
    ^-- Heap [used=121MB, free=87.77%, comm=989MB]
    ^-- Off-heap [used=8MB, free=99.13%, comm=336MB]
    ^--   sysMemPlc region [used=0MB, free=99.21%, comm=40MB]
    ^--   default region [used=8MB, free=99.02%, comm=256MB]
    ^--   TxLog region [used=0MB, free=100%, comm=40MB]
    ^-- Outbound messages queue [size=0]
    ^-- Public thread pool [active=0, idle=0, qSize=0]
    ^-- System thread pool [active=0, idle=6, qSize=0]
[13:48:07,891][INFO][grid-timeout-worker-#23][IgniteKernal] 
Metrics for local node (to disable set 'metricsLogFrequency' to 0)
    ^-- Node [id=ef9e6ea1, uptime=00:07:00.137]
    ^-- H/N/C [hosts=1, nodes=1, CPUs=1]
    ^-- CPU [cur=0%, avg=0.45%, GC=0%]
    ^-- PageMemory [pages=2252]
    ^-- Heap [used=125MB, free=87.29%, comm=989MB]
    ^-- Off-heap [used=8MB, free=99.13%, comm=336MB]
    ^--   sysMemPlc region [used=0MB, free=99.21%, comm=40MB]
    ^--   default region [used=8MB, free=99.02%, comm=256MB]
    ^--   TxLog region [used=0MB, free=100%, comm=40MB]
    ^-- Outbound messages queue [size=0]
    ^-- Public thread pool [active=0, idle=0, qSize=0]
    ^-- System thread pool [active=1, idle=5, qSize=0]
[13:48:07,892][INFO][grid-timeout-worker-#23][IgniteKernal] FreeList [name=null, buckets=256, dataPages=1, reusePages=0]
[13:49:07,896][INFO][grid-timeout-worker-#23][IgniteKernal] 
Metrics for local node (to disable set 'metricsLogFrequency' to 0)
    ^-- Node [id=ef9e6ea1, uptime=00:08:00.138]
    ^-- H/N/C [hosts=1, nodes=1, CPUs=1]
    ^-- CPU [cur=0%, avg=0.46%, GC=0%]
    ^-- PageMemory [pages=2252]
    ^-- Heap [used=130MB, free=86.85%, comm=989MB]
    ^-- Off-heap [used=8MB, free=99.13%, comm=336MB]
    ^--   sysMemPlc region [used=0MB, free=99.21%, comm=40MB]
    ^--   default region [used=8MB, free=99.02%, comm=256MB]
    ^--   TxLog region [used=0MB, free=100%, comm=40MB]
    ^-- Outbound messages queue [size=0]
    ^-- Public thread pool [active=0, idle=0, qSize=0]
    ^-- System thread pool [active=0, idle=6, qSize=0]
[13:49:07,897][INFO][grid-timeout-worker-#23][IgniteKernal] FreeList [name=null, buckets=256, dataPages=1, reusePages=0]
[13:50:07,916][INFO][grid-timeout-worker-#23][IgniteKernal] 
Metrics for local node (to disable set 'metricsLogFrequency' to 0)
    ^-- Node [id=ef9e6ea1, uptime=00:09:00.142]
    ^-- H/N/C [hosts=1, nodes=1, CPUs=1]
    ^-- CPU [cur=0%, avg=0.44%, GC=0%]
    ^-- PageMemory [pages=2252]
    ^-- Heap [used=133MB, free=86.52%, comm=989MB]
    ^-- Off-heap [used=8MB, free=99.13%, comm=336MB]
    ^--   sysMemPlc region [used=0MB, free=99.21%, comm=40MB]
    ^--   default region [used=8MB, free=99.02%, comm=256MB]
    ^--   TxLog region [used=0MB, free=100%, comm=40MB]
    ^-- Outbound messages queue [size=0]
    ^-- Public thread pool [active=0, idle=0, qSize=0]
    ^-- System thread pool [active=0, idle=6, qSize=0]
[13:50:07,916][INFO][grid-timeout-worker-#23][IgniteKernal] FreeList [name=null, buckets=256, dataPages=1, reusePages=0]
[13:51:07,917][INFO][grid-timeout-worker-#23][IgniteKernal] 
Metrics for local node (to disable set 'metricsLogFrequency' to 0)
    ^-- Node [id=ef9e6ea1, uptime=00:10:00.167]
    ^-- H/N/C [hosts=1, nodes=1, CPUs=1]
    ^-- CPU [cur=0%, avg=0.4%, GC=0%]
    ^-- PageMemory [pages=2252]
    ^-- Heap [used=137MB, free=86.11%, comm=989MB]
    ^-- Off-heap [used=8MB, free=99.13%, comm=336MB]
    ^--   sysMemPlc region [used=0MB, free=99.21%, comm=40MB]
    ^--   default region [used=8MB, free=99.02%, comm=256MB]
    ^--   TxLog region [used=0MB, free=100%, comm=40MB]
    ^-- Outbound messages queue [size=0]
    ^-- Public thread pool [active=0, idle=0, qSize=0]
    ^-- System thread pool [active=0, idle=6, qSize=0]
[13:51:07,918][INFO][grid-timeout-worker-#23][IgniteKernal] FreeList [name=null, buckets=256, dataPages=1, reusePages=0]
[13:52:07,922][INFO][grid-timeout-worker-#23][IgniteKernal] 
Metrics for local node (to disable set 'metricsLogFrequency' to 0)
    ^-- Node [id=ef9e6ea1, uptime=00:11:00.169]
    ^-- H/N/C [hosts=1, nodes=1, CPUs=1]
    ^-- CPU [cur=0%, avg=0.39%, GC=0%]
    ^-- PageMemory [pages=2252]
    ^-- Heap [used=141MB, free=85.71%, comm=989MB]
    ^-- Off-heap [used=8MB, free=99.13%, comm=336MB]
    ^--   sysMemPlc region [used=0MB, free=99.21%, comm=40MB]
    ^--   default region [used=8MB, free=99.02%, comm=256MB]
    ^--   TxLog region [used=0MB, free=100%, comm=40MB]
    ^-- Outbound messages queue [size=0]
    ^-- Public thread pool [active=0, idle=0, qSize=0]
    ^-- System thread pool [active=0, idle=6, qSize=0]
[13:52:07,922][INFO][grid-timeout-worker-#23][IgniteKernal] FreeList [name=null, buckets=256, dataPages=1, reusePages=0]
[13:53:07,919][INFO][grid-timeout-worker-#23][IgniteKernal] 
Metrics for local node (to disable set 'metricsLogFrequency' to 0)
    ^-- Node [id=ef9e6ea1, uptime=00:12:00.170]
    ^-- H/N/C [hosts=1, nodes=1, CPUs=1]
    ^-- CPU [cur=0%, avg=0.37%, GC=0%]
    ^-- PageMemory [pages=2252]
    ^-- Heap [used=145MB, free=85.34%, comm=989MB]
    ^-- Off-heap [used=8MB, free=99.13%, comm=336MB]
    ^--   sysMemPlc region [used=0MB, free=99.21%, comm=40MB]
    ^--   default region [used=8MB, free=99.02%, comm=256MB]
    ^--   TxLog region [used=0MB, free=100%, comm=40MB]
    ^-- Outbound messages queue [size=0]
    ^-- Public thread pool [active=0, idle=0, qSize=0]
    ^-- System thread pool [active=0, idle=6, qSize=0]
[13:53:07,919][INFO][grid-timeout-worker-#23][IgniteKernal] FreeList [name=null, buckets=256, dataPages=1, reusePages=0]
[13:54:07,929][INFO][grid-timeout-worker-#23][IgniteKernal] 
Metrics for local node (to disable set 'metricsLogFrequency' to 0)
    ^-- Node [id=ef9e6ea1, uptime=00:13:00.174]
    ^-- H/N/C [hosts=1, nodes=1, CPUs=1]
    ^-- CPU [cur=0.53%, avg=0.39%, GC=0%]
    ^-- PageMemory [pages=2252]
    ^-- Heap [used=148MB, free=84.99%, comm=989MB]
    ^-- Off-heap [used=8MB, free=99.13%, comm=336MB]
    ^--   sysMemPlc region [used=0MB, free=99.21%, comm=40MB]
    ^--   default region [used=8MB, free=99.02%, comm=256MB]
    ^--   TxLog region [used=0MB, free=100%, comm=40MB]
    ^-- Outbound messages queue [size=0]
    ^-- Public thread pool [active=0, idle=0, qSize=0]
    ^-- System thread pool [active=0, idle=6, qSize=0]
[13:54:07,929][INFO][grid-timeout-worker-#23][IgniteKernal] FreeList [name=null, buckets=256, dataPages=1, reusePages=0]
[13:55:07,933][INFO][grid-timeout-worker-#23][IgniteKernal] 
Metrics for local node (to disable set 'metricsLogFrequency' to 0)
    ^-- Node [id=ef9e6ea1, uptime=00:14:00.179]
    ^-- H/N/C [hosts=1, nodes=1, CPUs=1]
    ^-- CPU [cur=0%, avg=0.38%, GC=0%]
    ^-- PageMemory [pages=2252]
    ^-- Heap [used=152MB, free=84.6%, comm=989MB]
    ^-- Off-heap [used=8MB, free=99.13%, comm=336MB]
    ^--   sysMemPlc region [used=0MB, free=99.21%, comm=40MB]
    ^--   default region [used=8MB, free=99.02%, comm=256MB]
    ^--   TxLog region [used=0MB, free=100%, comm=40MB]
    ^-- Outbound messages queue [size=0]
    ^-- Public thread pool [active=0, idle=0, qSize=0]
    ^-- System thread pool [active=0, idle=6, qSize=0]
[13:55:07,935][INFO][grid-timeout-worker-#23][IgniteKernal] FreeList [name=null, buckets=256, dataPages=1, reusePages=0]
[13:56:07,938][INFO][grid-timeout-worker-#23][IgniteKernal] 
Metrics for local node (to disable set 'metricsLogFrequency' to 0)
    ^-- Node [id=ef9e6ea1, uptime=00:15:00.179]
    ^-- H/N/C [hosts=1, nodes=1, CPUs=1]
    ^-- CPU [cur=0%, avg=0.38%, GC=0%]
    ^-- PageMemory [pages=2252]
    ^-- Heap [used=155MB, free=84.26%, comm=989MB]
    ^-- Off-heap [used=8MB, free=99.13%, comm=336MB]
    ^--   sysMemPlc region [used=0MB, free=99.21%, comm=40MB]
    ^--   default region [used=8MB, free=99.02%, comm=256MB]
    ^--   TxLog region [used=0MB, free=100%, comm=40MB]
    ^-- Outbound messages queue [size=0]
    ^-- Public thread pool [active=0, idle=0, qSize=0]
    ^-- System thread pool [active=0, idle=6, qSize=0]
[13:56:07,938][INFO][grid-timeout-worker-#23][IgniteKernal] FreeList [name=null, buckets=256, dataPages=1, reusePages=0]
[13:57:07,943][INFO][grid-timeout-worker-#23][IgniteKernal] 
Metrics for local node (to disable set 'metricsLogFrequency' to 0)
    ^-- Node [id=ef9e6ea1, uptime=00:16:00.182]
    ^-- H/N/C [hosts=1, nodes=1, CPUs=1]
    ^-- CPU [cur=0%, avg=0.38%, GC=0%]
    ^-- PageMemory [pages=2252]
    ^-- Heap [used=159MB, free=83.92%, comm=989MB]
    ^-- Off-heap [used=8MB, free=99.13%, comm=336MB]
    ^--   sysMemPlc region [used=0MB, free=99.21%, comm=40MB]
    ^--   default region [used=8MB, free=99.02%, comm=256MB]
    ^--   TxLog region [used=0MB, free=100%, comm=40MB]
    ^-- Outbound messages queue [size=0]
    ^-- Public thread pool [active=0, idle=0, qSize=0]
    ^-- System thread pool [active=0, idle=6, qSize=0]
[13:57:07,943][INFO][grid-timeout-worker-#23][IgniteKernal] FreeList [name=null, buckets=256, dataPages=1, reusePages=0]
[13:58:07,954][INFO][grid-timeout-worker-#23][IgniteKernal] 
Metrics for local node (to disable set 'metricsLogFrequency' to 0)
    ^-- Node [id=ef9e6ea1, uptime=00:17:00.204]
    ^-- H/N/C [hosts=1, nodes=1, CPUs=1]
    ^-- CPU [cur=0%, avg=0.38%, GC=0%]
    ^-- PageMemory [pages=2252]
    ^-- Heap [used=163MB, free=83.53%, comm=989MB]
    ^-- Off-heap [used=8MB, free=99.13%, comm=336MB]
    ^--   sysMemPlc region [used=0MB, free=99.21%, comm=40MB]
    ^--   default region [used=8MB, free=99.02%, comm=256MB]
    ^--   TxLog region [used=0MB, free=100%, comm=40MB]
    ^-- Outbound messages queue [size=0]
    ^-- Public thread pool [active=0, idle=0, qSize=0]
    ^-- System thread pool [active=0, idle=6, qSize=0]
[13:58:07,955][INFO][grid-timeout-worker-#23][IgniteKernal] FreeList [name=null, buckets=256, dataPages=1, reusePages=0]
[13:59:07,962][INFO][grid-timeout-worker-#23][IgniteKernal] 
Metrics for local node (to disable set 'metricsLogFrequency' to 0)
    ^-- Node [id=ef9e6ea1, uptime=00:18:00.212]
    ^-- H/N/C [hosts=1, nodes=1, CPUs=1]
    ^-- CPU [cur=0%, avg=0.36%, GC=0%]
    ^-- PageMemory [pages=2252]
    ^-- Heap [used=166MB, free=83.15%, comm=989MB]
    ^-- Off-heap [used=8MB, free=99.13%, comm=336MB]
    ^--   sysMemPlc region [used=0MB, free=99.21%, comm=40MB]
    ^--   default region [used=8MB, free=99.02%, comm=256MB]
    ^--   TxLog region [used=0MB, free=100%, comm=40MB]
    ^-- Outbound messages queue [size=0]
    ^-- Public thread pool [active=0, idle=0, qSize=0]
    ^-- System thread pool [active=0, idle=6, qSize=0]
[13:59:07,963][INFO][grid-timeout-worker-#23][IgniteKernal] FreeList [name=null, buckets=256, dataPages=1, reusePages=0]
[14:00:07,971][INFO][grid-timeout-worker-#23][IgniteKernal] 
Metrics for local node (to disable set 'metricsLogFrequency' to 0)
    ^-- Node [id=ef9e6ea1, uptime=00:19:00.222]
    ^-- H/N/C [hosts=1, nodes=1, CPUs=1]
    ^-- CPU [cur=0%, avg=0.36%, GC=0%]
    ^-- PageMemory [pages=2252]
    ^-- Heap [used=170MB, free=82.81%, comm=989MB]
    ^-- Off-heap [used=8MB, free=99.13%, comm=336MB]
    ^--   sysMemPlc region [used=0MB, free=99.21%, comm=40MB]
    ^--   default region [used=8MB, free=99.02%, comm=256MB]
    ^--   TxLog region [used=0MB, free=100%, comm=40MB]
    ^-- Outbound messages queue [size=0]
    ^-- Public thread pool [active=0, idle=0, qSize=0]
    ^-- System thread pool [active=0, idle=6, qSize=0]
[14:00:07,973][INFO][grid-timeout-worker-#23][IgniteKernal] FreeList [name=null, buckets=256, dataPages=1, reusePages=0]
[14:01:07,982][INFO][grid-timeout-worker-#23][IgniteKernal] 
Metrics for local node (to disable set 'metricsLogFrequency' to 0)
    ^-- Node [id=ef9e6ea1, uptime=00:20:00.225]
    ^-- H/N/C [hosts=1, nodes=1, CPUs=1]
    ^-- CPU [cur=0%, avg=0.39%, GC=0%]
    ^-- PageMemory [pages=2252]
    ^-- Heap [used=173MB, free=82.46%, comm=989MB]
    ^-- Off-heap [used=8MB, free=99.13%, comm=336MB]
    ^--   sysMemPlc region [used=0MB, free=99.21%, comm=40MB]
    ^--   default region [used=8MB, free=99.02%, comm=256MB]
    ^--   TxLog region [used=0MB, free=100%, comm=40MB]
    ^-- Outbound messages queue [size=0]
    ^-- Public thread pool [active=0, idle=0, qSize=0]
    ^-- System thread pool [active=0, idle=6, qSize=0]
[14:01:07,983][INFO][grid-timeout-worker-#23][IgniteKernal] FreeList [name=null, buckets=256, dataPages=1, reusePages=0]
[14:02:07,985][INFO][grid-timeout-worker-#23][IgniteKernal] 
Metrics for local node (to disable set 'metricsLogFrequency' to 0)
    ^-- Node [id=ef9e6ea1, uptime=00:21:00.233]
    ^-- H/N/C [hosts=1, nodes=1, CPUs=1]
    ^-- CPU [cur=0%, avg=0.38%, GC=0%]
    ^-- PageMemory [pages=2252]
    ^-- Heap [used=177MB, free=82.07%, comm=989MB]
    ^-- Off-heap [used=8MB, free=99.13%, comm=336MB]
    ^--   sysMemPlc region [used=0MB, free=99.21%, comm=40MB]
    ^--   default region [used=8MB, free=99.02%, comm=256MB]
    ^--   TxLog region [used=0MB, free=100%, comm=40MB]
    ^-- Outbound messages queue [size=0]
    ^-- Public thread pool [active=0, idle=0, qSize=0]
    ^-- System thread pool [active=0, idle=6, qSize=0]
[14:02:07,986][INFO][grid-timeout-worker-#23][IgniteKernal] FreeList [name=null, buckets=256, dataPages=1, reusePages=0]
[14:02:18,336][WARNING][jvm-pause-detector-worker][IgniteKernal] Possible too long JVM pause: 813 milliseconds.
[14:03:07,994][INFO][grid-timeout-worker-#23][IgniteKernal] 
Metrics for local node (to disable set 'metricsLogFrequency' to 0)
    ^-- Node [id=ef9e6ea1, uptime=00:22:00.244]
    ^-- H/N/C [hosts=1, nodes=1, CPUs=1]
    ^-- CPU [cur=0%, avg=0.37%, GC=0%]
    ^-- PageMemory [pages=2252]
    ^-- Heap [used=186MB, free=81.18%, comm=989MB]
    ^-- Off-heap [used=8MB, free=99.13%, comm=336MB]
    ^--   sysMemPlc region [used=0MB, free=99.21%, comm=40MB]
    ^--   default region [used=8MB, free=99.02%, comm=256MB]
    ^--   TxLog region [used=0MB, free=100%, comm=40MB]
    ^-- Outbound messages queue [size=0]
    ^-- Public thread pool [active=0, idle=0, qSize=0]
    ^-- System thread pool [active=0, idle=6, qSize=0]
[14:03:07,995][INFO][grid-timeout-worker-#23][IgniteKernal] FreeList [name=null, buckets=256, dataPages=1, reusePages=0]
[14:04:07,995][INFO][grid-timeout-worker-#23][IgniteKernal] 
Metrics for local node (to disable set 'metricsLogFrequency' to 0)
    ^-- Node [id=ef9e6ea1, uptime=00:23:00.244]
    ^-- H/N/C [hosts=1, nodes=1, CPUs=1]
    ^-- CPU [cur=0%, avg=0.36%, GC=0%]
    ^-- PageMemory [pages=2252]
    ^-- Heap [used=189MB, free=80.84%, comm=989MB]
    ^-- Off-heap [used=8MB, free=99.13%, comm=336MB]
    ^--   sysMemPlc region [used=0MB, free=99.21%, comm=40MB]
    ^--   default region [used=8MB, free=99.02%, comm=256MB]
    ^--   TxLog region [used=0MB, free=100%, comm=40MB]
    ^-- Outbound messages queue [size=0]
    ^-- Public thread pool [active=0, idle=0, qSize=0]
    ^-- System thread pool [active=0, idle=6, qSize=0]
[14:04:07,995][INFO][grid-timeout-worker-#23][IgniteKernal] FreeList [name=null, buckets=256, dataPages=1, reusePages=0]
[14:05:08,003][INFO][grid-timeout-worker-#23][IgniteKernal] 
Metrics for local node (to disable set 'metricsLogFrequency' to 0)
    ^-- Node [id=ef9e6ea1, uptime=00:24:00.254]
    ^-- H/N/C [hosts=1, nodes=1, CPUs=1]
    ^-- CPU [cur=0%, avg=0.37%, GC=0%]
    ^-- PageMemory [pages=2252]
    ^-- Heap [used=193MB, free=80.44%, comm=989MB]
    ^-- Off-heap [used=8MB, free=99.13%, comm=336MB]
    ^--   sysMemPlc region [used=0MB, free=99.21%, comm=40MB]
    ^--   default region [used=8MB, free=99.02%, comm=256MB]
    ^--   TxLog region [used=0MB, free=100%, comm=40MB]
    ^-- Outbound messages queue [size=0]
    ^-- Public thread pool [active=0, idle=0, qSize=0]
    ^-- System thread pool [active=0, idle=6, qSize=0]
[14:05:08,003][INFO][grid-timeout-worker-#23][IgniteKernal] FreeList [name=null, buckets=256, dataPages=1, reusePages=0]
[14:06:08,014][INFO][grid-timeout-worker-#23][IgniteKernal] 
Metrics for local node (to disable set 'metricsLogFrequency' to 0)
    ^-- Node [id=ef9e6ea1, uptime=00:25:00.264]
    ^-- H/N/C [hosts=1, nodes=1, CPUs=1]
    ^-- CPU [cur=0%, avg=0.36%, GC=0%]
    ^-- PageMemory [pages=2252]
    ^-- Heap [used=196MB, free=80.11%, comm=989MB]
    ^-- Off-heap [used=8MB, free=99.13%, comm=336MB]
    ^--   sysMemPlc region [used=0MB, free=99.21%, comm=40MB]
    ^--   default region [used=8MB, free=99.02%, comm=256MB]
    ^--   TxLog region [used=0MB, free=100%, comm=40MB]
    ^-- Outbound messages queue [size=0]
    ^-- Public thread pool [active=0, idle=0, qSize=0]
    ^-- System thread pool [active=0, idle=6, qSize=0]
[14:06:08,015][INFO][grid-timeout-worker-#23][IgniteKernal] FreeList [name=null, buckets=256, dataPages=1, reusePages=0]
[14:07:08,022][INFO][grid-timeout-worker-#23][IgniteKernal] 
Metrics for local node (to disable set 'metricsLogFrequency' to 0)
    ^-- Node [id=ef9e6ea1, uptime=00:26:00.265]
    ^-- H/N/C [hosts=1, nodes=1, CPUs=1]
    ^-- CPU [cur=0%, avg=0.35%, GC=0%]
    ^-- PageMemory [pages=2252]
    ^-- Heap [used=200MB, free=79.72%, comm=989MB]
    ^-- Off-heap [used=8MB, free=99.13%, comm=336MB]
    ^--   sysMemPlc region [used=0MB, free=99.21%, comm=40MB]
    ^--   default region [used=8MB, free=99.02%, comm=256MB]
    ^--   TxLog region [used=0MB, free=100%, comm=40MB]
    ^-- Outbound messages queue [size=0]
    ^-- Public thread pool [active=0, idle=0, qSize=0]
    ^-- System thread pool [active=0, idle=6, qSize=0]
[14:07:08,022][INFO][grid-timeout-worker-#23][IgniteKernal] FreeList [name=null, buckets=256, dataPages=1, reusePages=0]
[14:08:08,030][INFO][grid-timeout-worker-#23][IgniteKernal] 
Metrics for local node (to disable set 'metricsLogFrequency' to 0)
    ^-- Node [id=ef9e6ea1, uptime=00:27:00.274]
    ^-- H/N/C [hosts=1, nodes=1, CPUs=1]
    ^-- CPU [cur=0%, avg=0.34%, GC=0%]
    ^-- PageMemory [pages=2252]
    ^-- Heap [used=204MB, free=79.33%, comm=989MB]
    ^-- Off-heap [used=8MB, free=99.13%, comm=336MB]
    ^--   sysMemPlc region [used=0MB, free=99.21%, comm=40MB]
    ^--   default region [used=8MB, free=99.02%, comm=256MB]
    ^--   TxLog region [used=0MB, free=100%, comm=40MB]
    ^-- Outbound messages queue [size=0]
    ^-- Public thread pool [active=0, idle=0, qSize=0]
    ^-- System thread pool [active=0, idle=6, qSize=0]
[14:08:08,031][INFO][grid-timeout-worker-#23][IgniteKernal] FreeList [name=null, buckets=256, dataPages=1, reusePages=0]
[14:09:08,028][INFO][grid-timeout-worker-#23][IgniteKernal] 
Metrics for local node (to disable set 'metricsLogFrequency' to 0)
    ^-- Node [id=ef9e6ea1, uptime=00:28:00.278]
    ^-- H/N/C [hosts=1, nodes=1, CPUs=1]
    ^-- CPU [cur=0%, avg=0.34%, GC=0%]
    ^-- PageMemory [pages=2252]
    ^-- Heap [used=207MB, free=78.99%, comm=989MB]
    ^-- Off-heap [used=8MB, free=99.13%, comm=336MB]
    ^--   sysMemPlc region [used=0MB, free=99.21%, comm=40MB]
    ^--   default region [used=8MB, free=99.02%, comm=256MB]
    ^--   TxLog region [used=0MB, free=100%, comm=40MB]
    ^-- Outbound messages queue [size=0]
    ^-- Public thread pool [active=0, idle=0, qSize=0]
    ^-- System thread pool [active=0, idle=6, qSize=0]
[14:09:08,029][INFO][grid-timeout-worker-#23][IgniteKernal] FreeList [name=null, buckets=256, dataPages=1, reusePages=0]
[14:10:08,036][INFO][grid-timeout-worker-#23][IgniteKernal] 
Metrics for local node (to disable set 'metricsLogFrequency' to 0)
    ^-- Node [id=ef9e6ea1, uptime=00:29:00.286]
    ^-- H/N/C [hosts=1, nodes=1, CPUs=1]
    ^-- CPU [cur=0%, avg=0.33%, GC=0%]
    ^-- PageMemory [pages=2252]
    ^-- Heap [used=211MB, free=78.65%, comm=989MB]
    ^-- Off-heap [used=8MB, free=99.13%, comm=336MB]
    ^--   sysMemPlc region [used=0MB, free=99.21%, comm=40MB]
    ^--   default region [used=8MB, free=99.02%, comm=256MB]
    ^--   TxLog region [used=0MB, free=100%, comm=40MB]
    ^-- Outbound messages queue [size=0]
    ^-- Public thread pool [active=0, idle=0, qSize=0]
    ^-- System thread pool [active=0, idle=6, qSize=0]
[14:10:08,036][INFO][grid-timeout-worker-#23][IgniteKernal] FreeList [name=null, buckets=256, dataPages=1, reusePages=0]
[14:11:08,041][INFO][grid-timeout-worker-#23][IgniteKernal] 
Metrics for local node (to disable set 'metricsLogFrequency' to 0)
    ^-- Node [id=ef9e6ea1, uptime=00:30:00.286]
    ^-- H/N/C [hosts=1, nodes=1, CPUs=1]
    ^-- CPU [cur=0%, avg=0.33%, GC=0%]
    ^-- PageMemory [pages=2252]
    ^-- Heap [used=215MB, free=78.26%, comm=989MB]
    ^-- Off-heap [used=8MB, free=99.13%, comm=336MB]
    ^--   sysMemPlc region [used=0MB, free=99.21%, comm=40MB]
    ^--   default region [used=8MB, free=99.02%, comm=256MB]
    ^--   TxLog region [used=0MB, free=100%, comm=40MB]
    ^-- Outbound messages queue [size=0]
    ^-- Public thread pool [active=0, idle=0, qSize=0]
    ^-- System thread pool [active=0, idle=6, qSize=0]
[14:11:08,041][INFO][grid-timeout-worker-#23][IgniteKernal] FreeList [name=null, buckets=256, dataPages=1, reusePages=0]
[14:12:08,036][INFO][grid-timeout-worker-#23][IgniteKernal] 
Metrics for local node (to disable set 'metricsLogFrequency' to 0)
    ^-- Node [id=ef9e6ea1, uptime=00:31:00.286]
    ^-- H/N/C [hosts=1, nodes=1, CPUs=1]
    ^-- CPU [cur=0%, avg=0.33%, GC=0%]
    ^-- PageMemory [pages=2252]
    ^-- Heap [used=219MB, free=77.87%, comm=989MB]
    ^-- Off-heap [used=8MB, free=99.13%, comm=336MB]
    ^--   sysMemPlc region [used=0MB, free=99.21%, comm=40MB]
    ^--   default region [used=8MB, free=99.02%, comm=256MB]
    ^--   TxLog region [used=0MB, free=100%, comm=40MB]
    ^-- Outbound messages queue [size=0]
    ^-- Public thread pool [active=0, idle=0, qSize=0]
    ^-- System thread pool [active=0, idle=6, qSize=0]
[14:12:08,037][INFO][grid-timeout-worker-#23][IgniteKernal] FreeList [name=null, buckets=256, dataPages=1, reusePages=0]
[14:13:08,049][INFO][grid-timeout-worker-#23][IgniteKernal] 
Metrics for local node (to disable set 'metricsLogFrequency' to 0)
    ^-- Node [id=ef9e6ea1, uptime=00:32:00.295]
    ^-- H/N/C [hosts=1, nodes=1, CPUs=1]
    ^-- CPU [cur=0%, avg=0.33%, GC=0%]
    ^-- PageMemory [pages=2252]
    ^-- Heap [used=222MB, free=77.54%, comm=989MB]
    ^-- Off-heap [used=8MB, free=99.13%, comm=336MB]
    ^--   sysMemPlc region [used=0MB, free=99.21%, comm=40MB]
    ^--   default region [used=8MB, free=99.02%, comm=256MB]
    ^--   TxLog region [used=0MB, free=100%, comm=40MB]
    ^-- Outbound messages queue [size=0]
    ^-- Public thread pool [active=0, idle=0, qSize=0]
    ^-- System thread pool [active=0, idle=6, qSize=0]
[14:13:08,049][INFO][grid-timeout-worker-#23][IgniteKernal] FreeList [name=null, buckets=256, dataPages=1, reusePages=0]
[14:14:08,054][INFO][grid-timeout-worker-#23][IgniteKernal] 
Metrics for local node (to disable set 'metricsLogFrequency' to 0)
    ^-- Node [id=ef9e6ea1, uptime=00:33:00.296]
    ^-- H/N/C [hosts=1, nodes=1, CPUs=1]
    ^-- CPU [cur=0%, avg=0.32%, GC=0%]
    ^-- PageMemory [pages=2252]
    ^-- Heap [used=228MB, free=76.87%, comm=989MB]
    ^-- Off-heap [used=8MB, free=99.13%, comm=336MB]
    ^--   sysMemPlc region [used=0MB, free=99.21%, comm=40MB]
    ^--   default region [used=8MB, free=99.02%, comm=256MB]
    ^--   TxLog region [used=0MB, free=100%, comm=40MB]
    ^-- Outbound messages queue [size=0]
    ^-- Public thread pool [active=0, idle=0, qSize=0]
    ^-- System thread pool [active=0, idle=6, qSize=0]
[14:14:08,054][INFO][grid-timeout-worker-#23][IgniteKernal] FreeList [name=null, buckets=256, dataPages=1, reusePages=0]
[14:15:08,057][INFO][grid-timeout-worker-#23][IgniteKernal] 
Metrics for local node (to disable set 'metricsLogFrequency' to 0)
    ^-- Node [id=ef9e6ea1, uptime=00:34:00.306]
    ^-- H/N/C [hosts=1, nodes=1, CPUs=1]
    ^-- CPU [cur=0%, avg=0.32%, GC=0%]
    ^-- PageMemory [pages=2252]
    ^-- Heap [used=233MB, free=76.44%, comm=989MB]
    ^-- Off-heap [used=8MB, free=99.13%, comm=336MB]
    ^--   sysMemPlc region [used=0MB, free=99.21%, comm=40MB]
    ^--   default region [used=8MB, free=99.02%, comm=256MB]
    ^--   TxLog region [used=0MB, free=100%, comm=40MB]
    ^-- Outbound messages queue [size=0]
    ^-- Public thread pool [active=0, idle=0, qSize=0]
    ^-- System thread pool [active=0, idle=6, qSize=0]
[14:15:08,057][INFO][grid-timeout-worker-#23][IgniteKernal] FreeList [name=null, buckets=256, dataPages=1, reusePages=0]
[14:16:08,064][INFO][grid-timeout-worker-#23][IgniteKernal] 
Metrics for local node (to disable set 'metricsLogFrequency' to 0)
    ^-- Node [id=ef9e6ea1, uptime=00:35:00.312]
    ^-- H/N/C [hosts=1, nodes=1, CPUs=1]
    ^-- CPU [cur=0%, avg=0.32%, GC=0%]
    ^-- PageMemory [pages=2252]
    ^-- Heap [used=236MB, free=76.11%, comm=989MB]
    ^-- Off-heap [used=8MB, free=99.13%, comm=336MB]
    ^--   sysMemPlc region [used=0MB, free=99.21%, comm=40MB]
    ^--   default region [used=8MB, free=99.02%, comm=256MB]
    ^--   TxLog region [used=0MB, free=100%, comm=40MB]
    ^-- Outbound messages queue [size=0]
    ^-- Public thread pool [active=0, idle=0, qSize=0]
    ^-- System thread pool [active=0, idle=6, qSize=0]
[14:16:08,066][INFO][grid-timeout-worker-#23][IgniteKernal] FreeList [name=null, buckets=256, dataPages=1, reusePages=0]
[14:17:08,069][INFO][grid-timeout-worker-#23][IgniteKernal] 
Metrics for local node (to disable set 'metricsLogFrequency' to 0)
    ^-- Node [id=ef9e6ea1, uptime=00:36:00.316]
    ^-- H/N/C [hosts=1, nodes=1, CPUs=1]
    ^-- CPU [cur=0%, avg=0.32%, GC=0%]
    ^-- PageMemory [pages=2252]
    ^-- Heap [used=239MB, free=75.8%, comm=989MB]
    ^-- Off-heap [used=8MB, free=99.13%, comm=336MB]
    ^--   sysMemPlc region [used=0MB, free=99.21%, comm=40MB]
    ^--   default region [used=8MB, free=99.02%, comm=256MB]
    ^--   TxLog region [used=0MB, free=100%, comm=40MB]
    ^-- Outbound messages queue [size=0]
    ^-- Public thread pool [active=0, idle=0, qSize=0]
    ^-- System thread pool [active=0, idle=6, qSize=0]
[14:17:08,070][INFO][grid-timeout-worker-#23][IgniteKernal] FreeList [name=null, buckets=256, dataPages=1, reusePages=0]
[14:18:08,068][INFO][grid-timeout-worker-#23][IgniteKernal] 
Metrics for local node (to disable set 'metricsLogFrequency' to 0)
    ^-- Node [id=ef9e6ea1, uptime=00:37:00.317]
    ^-- H/N/C [hosts=1, nodes=1, CPUs=1]
    ^-- CPU [cur=0%, avg=0.32%, GC=0%]
    ^-- PageMemory [pages=2252]
    ^-- Heap [used=243MB, free=75.41%, comm=989MB]
    ^-- Off-heap [used=8MB, free=99.13%, comm=336MB]
    ^--   sysMemPlc region [used=0MB, free=99.21%, comm=40MB]
    ^--   default region [used=8MB, free=99.02%, comm=256MB]
    ^--   TxLog region [used=0MB, free=100%, comm=40MB]
    ^-- Outbound messages queue [size=0]
    ^-- Public thread pool [active=0, idle=0, qSize=0]
    ^-- System thread pool [active=0, idle=6, qSize=0]
[14:18:08,069][INFO][grid-timeout-worker-#23][IgniteKernal] FreeList [name=null, buckets=256, dataPages=1, reusePages=0]
[14:19:08,075][INFO][grid-timeout-worker-#23][IgniteKernal] 
Metrics for local node (to disable set 'metricsLogFrequency' to 0)
    ^-- Node [id=ef9e6ea1, uptime=00:38:00.322]
    ^-- H/N/C [hosts=1, nodes=1, CPUs=1]
    ^-- CPU [cur=0%, avg=0.31%, GC=0%]
    ^-- PageMemory [pages=2252]
    ^-- Heap [used=247MB, free=75.03%, comm=989MB]
    ^-- Off-heap [used=8MB, free=99.13%, comm=336MB]
    ^--   sysMemPlc region [used=0MB, free=99.21%, comm=40MB]
    ^--   default region [used=8MB, free=99.02%, comm=256MB]
    ^--   TxLog region [used=0MB, free=100%, comm=40MB]
    ^-- Outbound messages queue [size=0]
    ^-- Public thread pool [active=0, idle=0, qSize=0]
    ^-- System thread pool [active=0, idle=6, qSize=0]
[14:19:08,075][INFO][grid-timeout-worker-#23][IgniteKernal] FreeList [name=null, buckets=256, dataPages=1, reusePages=0]
[14:20:08,081][INFO][grid-timeout-worker-#23][IgniteKernal] 
Metrics for local node (to disable set 'metricsLogFrequency' to 0)
    ^-- Node [id=ef9e6ea1, uptime=00:39:00.329]
    ^-- H/N/C [hosts=1, nodes=1, CPUs=1]
    ^-- CPU [cur=0%, avg=0.31%, GC=0%]
    ^-- PageMemory [pages=2252]
    ^-- Heap [used=250MB, free=74.69%, comm=989MB]
    ^-- Off-heap [used=8MB, free=99.13%, comm=336MB]
    ^--   sysMemPlc region [used=0MB, free=99.21%, comm=40MB]
    ^--   default region [used=8MB, free=99.02%, comm=256MB]
    ^--   TxLog region [used=0MB, free=100%, comm=40MB]
    ^-- Outbound messages queue [size=0]
    ^-- Public thread pool [active=0, idle=0, qSize=0]
    ^-- System thread pool [active=0, idle=6, qSize=0]
[14:20:08,081][INFO][grid-timeout-worker-#23][IgniteKernal] FreeList [name=null, buckets=256, dataPages=1, reusePages=0]
[14:21:08,081][INFO][grid-timeout-worker-#23][IgniteKernal] 
Metrics for local node (to disable set 'metricsLogFrequency' to 0)
    ^-- Node [id=ef9e6ea1, uptime=00:40:00.331]
    ^-- H/N/C [hosts=1, nodes=1, CPUs=1]
    ^-- CPU [cur=0%, avg=0.31%, GC=0%]
    ^-- PageMemory [pages=2252]
    ^-- Heap [used=254MB, free=74.29%, comm=989MB]
    ^-- Off-heap [used=8MB, free=99.13%, comm=336MB]
    ^--   sysMemPlc region [used=0MB, free=99.21%, comm=40MB]
    ^--   default region [used=8MB, free=99.02%, comm=256MB]
    ^--   TxLog region [used=0MB, free=100%, comm=40MB]
    ^-- Outbound messages queue [size=0]
    ^-- Public thread pool [active=0, idle=0, qSize=0]
    ^-- System thread pool [active=0, idle=6, qSize=0]
[14:21:08,083][INFO][grid-timeout-worker-#23][IgniteKernal] FreeList [name=null, buckets=256, dataPages=1, reusePages=0]
[14:22:08,091][INFO][grid-timeout-worker-#23][IgniteKernal] 
Metrics for local node (to disable set 'metricsLogFrequency' to 0)
    ^-- Node [id=ef9e6ea1, uptime=00:41:00.341]
    ^-- H/N/C [hosts=1, nodes=1, CPUs=1]
    ^-- CPU [cur=2.1%, avg=0.31%, GC=0%]
    ^-- PageMemory [pages=2252]
    ^-- Heap [used=257MB, free=73.96%, comm=989MB]
    ^-- Off-heap [used=8MB, free=99.13%, comm=336MB]
    ^--   sysMemPlc region [used=0MB, free=99.21%, comm=40MB]
    ^--   default region [used=8MB, free=99.02%, comm=256MB]
    ^--   TxLog region [used=0MB, free=100%, comm=40MB]
    ^-- Outbound messages queue [size=0]
    ^-- Public thread pool [active=0, idle=0, qSize=0]
    ^-- System thread pool [active=0, idle=6, qSize=0]
[14:22:08,091][INFO][grid-timeout-worker-#23][IgniteKernal] FreeList [name=null, buckets=256, dataPages=1, reusePages=0]
[14:23:08,097][INFO][grid-timeout-worker-#23][IgniteKernal] 
Metrics for local node (to disable set 'metricsLogFrequency' to 0)
    ^-- Node [id=ef9e6ea1, uptime=00:42:00.343]
    ^-- H/N/C [hosts=1, nodes=1, CPUs=1]
    ^-- CPU [cur=2.07%, avg=0.3%, GC=0%]
    ^-- PageMemory [pages=2252]
    ^-- Heap [used=261MB, free=73.57%, comm=989MB]
    ^-- Off-heap [used=8MB, free=99.13%, comm=336MB]
    ^--   sysMemPlc region [used=0MB, free=99.21%, comm=40MB]
    ^--   default region [used=8MB, free=99.02%, comm=256MB]
    ^--   TxLog region [used=0MB, free=100%, comm=40MB]
    ^-- Outbound messages queue [size=0]
    ^-- Public thread pool [active=0, idle=0, qSize=0]
    ^-- System thread pool [active=0, idle=6, qSize=0]
[14:23:08,097][INFO][grid-timeout-worker-#23][IgniteKernal] FreeList [name=null, buckets=256, dataPages=1, reusePages=0]
[14:24:08,100][INFO][grid-timeout-worker-#23][IgniteKernal] 
Metrics for local node (to disable set 'metricsLogFrequency' to 0)
    ^-- Node [id=ef9e6ea1, uptime=00:43:00.346]
    ^-- H/N/C [hosts=1, nodes=1, CPUs=1]
    ^-- CPU [cur=3.63%, avg=0.3%, GC=0%]
    ^-- PageMemory [pages=2252]
    ^-- Heap [used=265MB, free=73.18%, comm=989MB]
    ^-- Off-heap [used=8MB, free=99.13%, comm=336MB]
    ^--   sysMemPlc region [used=0MB, free=99.21%, comm=40MB]
    ^--   default region [used=8MB, free=99.02%, comm=256MB]
    ^--   TxLog region [used=0MB, free=100%, comm=40MB]
    ^-- Outbound messages queue [size=0]
    ^-- Public thread pool [active=0, idle=0, qSize=0]
    ^-- System thread pool [active=0, idle=6, qSize=0]
[14:24:08,100][INFO][grid-timeout-worker-#23][IgniteKernal] FreeList [name=null, buckets=256, dataPages=1, reusePages=0]
[14:25:08,107][INFO][grid-timeout-worker-#23][IgniteKernal] 
Metrics for local node (to disable set 'metricsLogFrequency' to 0)
    ^-- Node [id=ef9e6ea1, uptime=00:44:00.354]
    ^-- H/N/C [hosts=1, nodes=1, CPUs=1]
    ^-- CPU [cur=0%, avg=0.3%, GC=0%]
    ^-- PageMemory [pages=2252]
    ^-- Heap [used=268MB, free=72.88%, comm=989MB]
    ^-- Off-heap [used=8MB, free=99.13%, comm=336MB]
    ^--   sysMemPlc region [used=0MB, free=99.21%, comm=40MB]
    ^--   default region [used=8MB, free=99.02%, comm=256MB]
    ^--   TxLog region [used=0MB, free=100%, comm=40MB]
    ^-- Outbound messages queue [size=0]
    ^-- Public thread pool [active=0, idle=0, qSize=0]
    ^-- System thread pool [active=0, idle=6, qSize=0]
[14:25:08,107][INFO][grid-timeout-worker-#23][IgniteKernal] FreeList [name=null, buckets=256, dataPages=1, reusePages=0]
[14:26:08,150][INFO][grid-timeout-worker-#23][IgniteKernal] 
Metrics for local node (to disable set 'metricsLogFrequency' to 0)
    ^-- Node [id=ef9e6ea1, uptime=00:45:00.398]
    ^-- H/N/C [hosts=1, nodes=1, CPUs=1]
    ^-- CPU [cur=0%, avg=0.3%, GC=0%]
    ^-- PageMemory [pages=2252]
    ^-- Heap [used=271MB, free=72.55%, comm=989MB]
    ^-- Off-heap [used=8MB, free=99.13%, comm=336MB]
    ^--   sysMemPlc region [used=0MB, free=99.21%, comm=40MB]
    ^--   default region [used=8MB, free=99.02%, comm=256MB]
    ^--   TxLog region [used=0MB, free=100%, comm=40MB]
    ^-- Outbound messages queue [size=0]
    ^-- Public thread pool [active=0, idle=0, qSize=0]
    ^-- System thread pool [active=0, idle=6, qSize=0]
[14:26:08,151][INFO][grid-timeout-worker-#23][IgniteKernal] FreeList [name=null, buckets=256, dataPages=1, reusePages=0]
[14:27:08,167][INFO][grid-timeout-worker-#23][IgniteKernal] 
Metrics for local node (to disable set 'metricsLogFrequency' to 0)
    ^-- Node [id=ef9e6ea1, uptime=00:46:00.405]
    ^-- H/N/C [hosts=1, nodes=1, CPUs=1]
    ^-- CPU [cur=0%, avg=0.29%, GC=0%]
    ^-- PageMemory [pages=2252]
    ^-- Heap [used=275MB, free=72.17%, comm=989MB]
    ^-- Off-heap [used=8MB, free=99.13%, comm=336MB]
    ^--   sysMemPlc region [used=0MB, free=99.21%, comm=40MB]
    ^--   default region [used=8MB, free=99.02%, comm=256MB]
    ^--   TxLog region [used=0MB, free=100%, comm=40MB]
    ^-- Outbound messages queue [size=0]
    ^-- Public thread pool [active=0, idle=0, qSize=0]
    ^-- System thread pool [active=0, idle=6, qSize=0]
[14:27:08,167][INFO][grid-timeout-worker-#23][IgniteKernal] FreeList [name=null, buckets=256, dataPages=1, reusePages=0]
[14:28:08,173][INFO][grid-timeout-worker-#23][IgniteKernal] 
Metrics for local node (to disable set 'metricsLogFrequency' to 0)
    ^-- Node [id=ef9e6ea1, uptime=00:47:00.419]
    ^-- H/N/C [hosts=1, nodes=1, CPUs=1]
    ^-- CPU [cur=0%, avg=0.29%, GC=0%]
    ^-- PageMemory [pages=2252]
    ^-- Heap [used=279MB, free=71.81%, comm=989MB]
    ^-- Off-heap [used=8MB, free=99.13%, comm=336MB]
    ^--   sysMemPlc region [used=0MB, free=99.21%, comm=40MB]
    ^--   default region [used=8MB, free=99.02%, comm=256MB]
    ^--   TxLog region [used=0MB, free=100%, comm=40MB]
    ^-- Outbound messages queue [size=0]
    ^-- Public thread pool [active=0, idle=0, qSize=0]
    ^-- System thread pool [active=0, idle=6, qSize=0]
[14:28:08,174][INFO][grid-timeout-worker-#23][IgniteKernal] FreeList [name=null, buckets=256, dataPages=1, reusePages=0]
[14:29:08,175][INFO][grid-timeout-worker-#23][IgniteKernal] 
Metrics for local node (to disable set 'metricsLogFrequency' to 0)
    ^-- Node [id=ef9e6ea1, uptime=00:48:00.424]
    ^-- H/N/C [hosts=1, nodes=1, CPUs=1]
    ^-- CPU [cur=0%, avg=0.29%, GC=0%]
    ^-- PageMemory [pages=2252]
    ^-- Heap [used=282MB, free=71.43%, comm=989MB]
    ^-- Off-heap [used=8MB, free=99.13%, comm=336MB]
    ^--   sysMemPlc region [used=0MB, free=99.21%, comm=40MB]
    ^--   default region [used=8MB, free=99.02%, comm=256MB]
    ^--   TxLog region [used=0MB, free=100%, comm=40MB]
    ^-- Outbound messages queue [size=0]
    ^-- Public thread pool [active=0, idle=0, qSize=0]
    ^-- System thread pool [active=0, idle=6, qSize=0]
[14:29:08,175][INFO][grid-timeout-worker-#23][IgniteKernal] FreeList [name=null, buckets=256, dataPages=1, reusePages=0]
[14:30:08,176][INFO][grid-timeout-worker-#23][IgniteKernal] 
Metrics for local node (to disable set 'metricsLogFrequency' to 0)
    ^-- Node [id=ef9e6ea1, uptime=00:49:00.426]
    ^-- H/N/C [hosts=1, nodes=1, CPUs=1]
    ^-- CPU [cur=2.1%, avg=0.29%, GC=0%]
    ^-- PageMemory [pages=2252]
    ^-- Heap [used=286MB, free=71.1%, comm=989MB]
    ^-- Off-heap [used=8MB, free=99.13%, comm=336MB]
    ^--   sysMemPlc region [used=0MB, free=99.21%, comm=40MB]
    ^--   default region [used=8MB, free=99.02%, comm=256MB]
    ^--   TxLog region [used=0MB, free=100%, comm=40MB]
    ^-- Outbound messages queue [size=0]
    ^-- Public thread pool [active=0, idle=0, qSize=0]
    ^-- System thread pool [active=0, idle=6, qSize=0]
[14:30:08,176][INFO][grid-timeout-worker-#23][IgniteKernal] FreeList [name=null, buckets=256, dataPages=1, reusePages=0]
[14:31:08,186][INFO][grid-timeout-worker-#23][IgniteKernal] 
Metrics for local node (to disable set 'metricsLogFrequency' to 0)
    ^-- Node [id=ef9e6ea1, uptime=00:50:00.436]
    ^-- H/N/C [hosts=1, nodes=1, CPUs=1]
    ^-- CPU [cur=0%, avg=0.29%, GC=0%]
    ^-- PageMemory [pages=2252]
    ^-- Heap [used=290MB, free=70.7%, comm=989MB]
    ^-- Off-heap [used=8MB, free=99.13%, comm=336MB]
    ^--   sysMemPlc region [used=0MB, free=99.21%, comm=40MB]
    ^--   default region [used=8MB, free=99.02%, comm=256MB]
    ^--   TxLog region [used=0MB, free=100%, comm=40MB]
    ^-- Outbound messages queue [size=0]
    ^-- Public thread pool [active=0, idle=0, qSize=0]
    ^-- System thread pool [active=0, idle=6, qSize=0]
[14:31:08,186][INFO][grid-timeout-worker-#23][IgniteKernal] FreeList [name=null, buckets=256, dataPages=1, reusePages=0]
[14:32:08,197][INFO][grid-timeout-worker-#23][IgniteKernal] 
Metrics for local node (to disable set 'metricsLogFrequency' to 0)
    ^-- Node [id=ef9e6ea1, uptime=00:51:00.438]
    ^-- H/N/C [hosts=1, nodes=1, CPUs=1]
    ^-- CPU [cur=0%, avg=0.29%, GC=0%]
    ^-- PageMemory [pages=2252]
    ^-- Heap [used=293MB, free=70.31%, comm=989MB]
    ^-- Off-heap [used=8MB, free=99.13%, comm=336MB]
    ^--   sysMemPlc region [used=0MB, free=99.21%, comm=40MB]
    ^--   default region [used=8MB, free=99.02%, comm=256MB]
    ^--   TxLog region [used=0MB, free=100%, comm=40MB]
    ^-- Outbound messages queue [size=0]
    ^-- Public thread pool [active=0, idle=0, qSize=0]
    ^-- System thread pool [active=0, idle=6, qSize=0]
[14:32:08,197][INFO][grid-timeout-worker-#23][IgniteKernal] FreeList [name=null, buckets=256, dataPages=1, reusePages=0]
[14:33:08,199][INFO][grid-timeout-worker-#23][IgniteKernal] 
Metrics for local node (to disable set 'metricsLogFrequency' to 0)
    ^-- Node [id=ef9e6ea1, uptime=00:52:00.448]
    ^-- H/N/C [hosts=1, nodes=1, CPUs=1]
    ^-- CPU [cur=0%, avg=0.29%, GC=0%]
    ^-- PageMemory [pages=2252]
    ^-- Heap [used=52MB, free=94.73%, comm=989MB]
    ^-- Off-heap [used=8MB, free=99.13%, comm=336MB]
    ^--   sysMemPlc region [used=0MB, free=99.21%, comm=40MB]
    ^--   default region [used=8MB, free=99.02%, comm=256MB]
    ^--   TxLog region [used=0MB, free=100%, comm=40MB]
    ^-- Outbound messages queue [size=0]
    ^-- Public thread pool [active=0, idle=0, qSize=0]
    ^-- System thread pool [active=0, idle=6, qSize=0]
[14:33:08,199][INFO][grid-timeout-worker-#23][IgniteKernal] FreeList [name=null, buckets=256, dataPages=1, reusePages=0]
[14:34:08,207][INFO][grid-timeout-worker-#23][IgniteKernal] 
Metrics for local node (to disable set 'metricsLogFrequency' to 0)
    ^-- Node [id=ef9e6ea1, uptime=00:53:00.451]
    ^-- H/N/C [hosts=1, nodes=1, CPUs=1]
    ^-- CPU [cur=0%, avg=0.29%, GC=0%]
    ^-- PageMemory [pages=2252]
    ^-- Heap [used=55MB, free=94.43%, comm=989MB]
    ^-- Off-heap [used=8MB, free=99.13%, comm=336MB]
    ^--   sysMemPlc region [used=0MB, free=99.21%, comm=40MB]
    ^--   default region [used=8MB, free=99.02%, comm=256MB]
    ^--   TxLog region [used=0MB, free=100%, comm=40MB]
    ^-- Outbound messages queue [size=0]
    ^-- Public thread pool [active=0, idle=0, qSize=0]
    ^-- System thread pool [active=0, idle=6, qSize=0]
[14:34:08,207][INFO][grid-timeout-worker-#23][IgniteKernal] FreeList [name=null, buckets=256, dataPages=1, reusePages=0]
[14:35:08,209][INFO][grid-timeout-worker-#23][IgniteKernal] 
Metrics for local node (to disable set 'metricsLogFrequency' to 0)
    ^-- Node [id=ef9e6ea1, uptime=00:54:00.459]
    ^-- H/N/C [hosts=1, nodes=1, CPUs=1]
    ^-- CPU [cur=0%, avg=0.29%, GC=0%]
    ^-- PageMemory [pages=2252]
    ^-- Heap [used=57MB, free=94.16%, comm=989MB]
    ^-- Off-heap [used=8MB, free=99.13%, comm=336MB]
    ^--   sysMemPlc region [used=0MB, free=99.21%, comm=40MB]
    ^--   default region [used=8MB, free=99.02%, comm=256MB]
    ^--   TxLog region [used=0MB, free=100%, comm=40MB]
    ^-- Outbound messages queue [size=0]
    ^-- Public thread pool [active=0, idle=0, qSize=0]
    ^-- System thread pool [active=0, idle=6, qSize=0]
[14:35:08,209][INFO][grid-timeout-worker-#23][IgniteKernal] FreeList [name=null, buckets=256, dataPages=1, reusePages=0]
[14:36:08,217][INFO][grid-timeout-worker-#23][IgniteKernal] 
Metrics for local node (to disable set 'metricsLogFrequency' to 0)
    ^-- Node [id=ef9e6ea1, uptime=00:55:00.467]
    ^-- H/N/C [hosts=1, nodes=1, CPUs=1]
    ^-- CPU [cur=0%, avg=0.29%, GC=0%]
    ^-- PageMemory [pages=2252]
    ^-- Heap [used=60MB, free=93.86%, comm=989MB]
    ^-- Off-heap [used=8MB, free=99.13%, comm=336MB]
    ^--   sysMemPlc region [used=0MB, free=99.21%, comm=40MB]
    ^--   default region [used=8MB, free=99.02%, comm=256MB]
    ^--   TxLog region [used=0MB, free=100%, comm=40MB]
    ^-- Outbound messages queue [size=0]
    ^-- Public thread pool [active=0, idle=0, qSize=0]
    ^-- System thread pool [active=0, idle=6, qSize=0]
[14:36:08,217][INFO][grid-timeout-worker-#23][IgniteKernal] FreeList [name=null, buckets=256, dataPages=1, reusePages=0]
[14:37:08,226][INFO][grid-timeout-worker-#23][IgniteKernal] 
Metrics for local node (to disable set 'metricsLogFrequency' to 0)
    ^-- Node [id=ef9e6ea1, uptime=00:56:00.476]
    ^-- H/N/C [hosts=1, nodes=1, CPUs=1]
    ^-- CPU [cur=0%, avg=0.28%, GC=0%]
    ^-- PageMemory [pages=2252]
    ^-- Heap [used=63MB, free=93.6%, comm=989MB]
    ^-- Off-heap [used=8MB, free=99.13%, comm=336MB]
    ^--   sysMemPlc region [used=0MB, free=99.21%, comm=40MB]
    ^--   default region [used=8MB, free=99.02%, comm=256MB]
    ^--   TxLog region [used=0MB, free=100%, comm=40MB]
    ^-- Outbound messages queue [size=0]
    ^-- Public thread pool [active=0, idle=0, qSize=0]
    ^-- System thread pool [active=0, idle=6, qSize=0]
[14:37:08,226][INFO][grid-timeout-worker-#23][IgniteKernal] FreeList [name=null, buckets=256, dataPages=1, reusePages=0]
[14:38:08,235][INFO][grid-timeout-worker-#23][IgniteKernal] 
Metrics for local node (to disable set 'metricsLogFrequency' to 0)
    ^-- Node [id=ef9e6ea1, uptime=00:57:00.477]
    ^-- H/N/C [hosts=1, nodes=1, CPUs=1]
    ^-- CPU [cur=0%, avg=0.28%, GC=0%]
    ^-- PageMemory [pages=2252]
    ^-- Heap [used=65MB, free=93.37%, comm=989MB]
    ^-- Off-heap [used=8MB, free=99.13%, comm=336MB]
    ^--   sysMemPlc region [used=0MB, free=99.21%, comm=40MB]
    ^--   default region [used=8MB, free=99.02%, comm=256MB]
    ^--   TxLog region [used=0MB, free=100%, comm=40MB]
    ^-- Outbound messages queue [size=0]
    ^-- Public thread pool [active=0, idle=0, qSize=0]
    ^-- System thread pool [active=0, idle=6, qSize=0]
[14:38:08,235][INFO][grid-timeout-worker-#23][IgniteKernal] FreeList [name=null, buckets=256, dataPages=1, reusePages=0]
[14:39:08,234][INFO][grid-timeout-worker-#23][IgniteKernal] 
Metrics for local node (to disable set 'metricsLogFrequency' to 0)
    ^-- Node [id=ef9e6ea1, uptime=00:58:00.482]
    ^-- H/N/C [hosts=1, nodes=1, CPUs=1]
    ^-- CPU [cur=0%, avg=0.28%, GC=0%]
    ^-- PageMemory [pages=2252]
    ^-- Heap [used=68MB, free=93.03%, comm=989MB]
    ^-- Off-heap [used=8MB, free=99.13%, comm=336MB]
    ^--   sysMemPlc region [used=0MB, free=99.21%, comm=40MB]
    ^--   default region [used=8MB, free=99.02%, comm=256MB]
    ^--   TxLog region [used=0MB, free=100%, comm=40MB]
    ^-- Outbound messages queue [size=0]
    ^-- Public thread pool [active=0, idle=0, qSize=0]
    ^-- System thread pool [active=0, idle=6, qSize=0]
[14:39:08,235][INFO][grid-timeout-worker-#23][IgniteKernal] FreeList [name=null, buckets=256, dataPages=1, reusePages=0]
[14:40:08,238][INFO][grid-timeout-worker-#23][IgniteKernal] 
Metrics for local node (to disable set 'metricsLogFrequency' to 0)
    ^-- Node [id=ef9e6ea1, uptime=00:59:00.489]
    ^-- H/N/C [hosts=1, nodes=1, CPUs=1]
    ^-- CPU [cur=0.5%, avg=0.28%, GC=0%]
    ^-- PageMemory [pages=2252]
    ^-- Heap [used=71MB, free=92.8%, comm=989MB]
    ^-- Off-heap [used=8MB, free=99.13%, comm=336MB]
    ^--   sysMemPlc region [used=0MB, free=99.21%, comm=40MB]
    ^--   default region [used=8MB, free=99.02%, comm=256MB]
    ^--   TxLog region [used=0MB, free=100%, comm=40MB]
    ^-- Outbound messages queue [size=0]
    ^-- Public thread pool [active=0, idle=0, qSize=0]
    ^-- System thread pool [active=0, idle=6, qSize=0]
[14:40:08,238][INFO][grid-timeout-worker-#23][IgniteKernal] FreeList [name=null, buckets=256, dataPages=1, reusePages=0]
[14:41:08,245][INFO][grid-timeout-worker-#23][IgniteKernal] 
Metrics for local node (to disable set 'metricsLogFrequency' to 0)
    ^-- Node [id=ef9e6ea1, uptime=01:00:00.494]
    ^-- H/N/C [hosts=1, nodes=1, CPUs=1]
    ^-- CPU [cur=0.53%, avg=0.29%, GC=0%]
    ^-- PageMemory [pages=2252]
    ^-- Heap [used=74MB, free=92.49%, comm=989MB]
    ^-- Off-heap [used=8MB, free=99.13%, comm=336MB]
    ^--   sysMemPlc region [used=0MB, free=99.21%, comm=40MB]
    ^--   default region [used=8MB, free=99.02%, comm=256MB]
    ^--   TxLog region [used=0MB, free=100%, comm=40MB]
    ^-- Outbound messages queue [size=0]
    ^-- Public thread pool [active=0, idle=0, qSize=0]
    ^-- System thread pool [active=0, idle=6, qSize=0]
[14:41:08,245][INFO][grid-timeout-worker-#23][IgniteKernal] FreeList [name=null, buckets=256, dataPages=1, reusePages=0]
[14:41:37,132][WARNING][jvm-pause-detector-worker][IgniteKernal] Possible too long JVM pause: 806 milliseconds.
[14:42:08,249][INFO][grid-timeout-worker-#23][IgniteKernal] 
Metrics for local node (to disable set 'metricsLogFrequency' to 0)
    ^-- Node [id=ef9e6ea1, uptime=01:01:00.500]
    ^-- H/N/C [hosts=1, nodes=1, CPUs=1]
    ^-- CPU [cur=0%, avg=0.29%, GC=0%]
    ^-- PageMemory [pages=2252]
    ^-- Heap [used=81MB, free=91.72%, comm=989MB]
    ^-- Off-heap [used=8MB, free=99.13%, comm=336MB]
    ^--   sysMemPlc region [used=0MB, free=99.21%, comm=40MB]
    ^--   default region [used=8MB, free=99.02%, comm=256MB]
    ^--   TxLog region [used=0MB, free=100%, comm=40MB]
    ^-- Outbound messages queue [size=0]
    ^-- Public thread pool [active=0, idle=0, qSize=0]
    ^-- System thread pool [active=0, idle=6, qSize=0]
[14:42:08,249][INFO][grid-timeout-worker-#23][IgniteKernal] FreeList [name=null, buckets=256, dataPages=1, reusePages=0]
[14:43:08,260][INFO][grid-timeout-worker-#23][IgniteKernal] 
Metrics for local node (to disable set 'metricsLogFrequency' to 0)
    ^-- Node [id=ef9e6ea1, uptime=01:02:00.510]
    ^-- H/N/C [hosts=1, nodes=1, CPUs=1]
    ^-- CPU [cur=0.53%, avg=0.29%, GC=0%]
    ^-- PageMemory [pages=2252]
    ^-- Heap [used=84MB, free=91.46%, comm=989MB]
    ^-- Off-heap [used=8MB, free=99.13%, comm=336MB]
    ^--   sysMemPlc region [used=0MB, free=99.21%, comm=40MB]
    ^--   default region [used=8MB, free=99.02%, comm=256MB]
    ^--   TxLog region [used=0MB, free=100%, comm=40MB]
    ^-- Outbound messages queue [size=0]
    ^-- Public thread pool [active=0, idle=0, qSize=0]
    ^-- System thread pool [active=0, idle=6, qSize=0]
[14:43:08,261][INFO][grid-timeout-worker-#23][IgniteKernal] FreeList [name=null, buckets=256, dataPages=1, reusePages=0]
[14:44:08,263][INFO][grid-timeout-worker-#23][IgniteKernal] 
Metrics for local node (to disable set 'metricsLogFrequency' to 0)
    ^-- Node [id=ef9e6ea1, uptime=01:03:00.511]
    ^-- H/N/C [hosts=1, nodes=1, CPUs=1]
    ^-- CPU [cur=0%, avg=0.29%, GC=0%]
    ^-- PageMemory [pages=2252]
    ^-- Heap [used=86MB, free=91.22%, comm=989MB]
    ^-- Off-heap [used=8MB, free=99.13%, comm=336MB]
    ^--   sysMemPlc region [used=0MB, free=99.21%, comm=40MB]
    ^--   default region [used=8MB, free=99.02%, comm=256MB]
    ^--   TxLog region [used=0MB, free=100%, comm=40MB]
    ^-- Outbound messages queue [size=0]
    ^-- Public thread pool [active=0, idle=0, qSize=0]
    ^-- System thread pool [active=0, idle=6, qSize=0]
[14:44:08,263][INFO][grid-timeout-worker-#23][IgniteKernal] FreeList [name=null, buckets=256, dataPages=1, reusePages=0]
[14:45:08,269][INFO][grid-timeout-worker-#23][IgniteKernal] 
Metrics for local node (to disable set 'metricsLogFrequency' to 0)
    ^-- Node [id=ef9e6ea1, uptime=01:04:00.517]
    ^-- H/N/C [hosts=1, nodes=1, CPUs=1]
    ^-- CPU [cur=0%, avg=0.29%, GC=0%]
    ^-- PageMemory [pages=2252]
    ^-- Heap [used=90MB, free=90.89%, comm=989MB]
    ^-- Off-heap [used=8MB, free=99.13%, comm=336MB]
    ^--   sysMemPlc region [used=0MB, free=99.21%, comm=40MB]
    ^--   default region [used=8MB, free=99.02%, comm=256MB]
    ^--   TxLog region [used=0MB, free=100%, comm=40MB]
    ^-- Outbound messages queue [size=0]
    ^-- Public thread pool [active=0, idle=0, qSize=0]
    ^-- System thread pool [active=0, idle=6, qSize=0]
[14:45:08,271][INFO][grid-timeout-worker-#23][IgniteKernal] FreeList [name=null, buckets=256, dataPages=1, reusePages=0]
[14:46:08,273][INFO][grid-timeout-worker-#23][IgniteKernal] 
Metrics for local node (to disable set 'metricsLogFrequency' to 0)
    ^-- Node [id=ef9e6ea1, uptime=01:05:00.523]
    ^-- H/N/C [hosts=1, nodes=1, CPUs=1]
    ^-- CPU [cur=0%, avg=0.29%, GC=0%]
    ^-- PageMemory [pages=2252]
    ^-- Heap [used=92MB, free=90.66%, comm=989MB]
    ^-- Off-heap [used=8MB, free=99.13%, comm=336MB]
    ^--   sysMemPlc region [used=0MB, free=99.21%, comm=40MB]
    ^--   default region [used=8MB, free=99.02%, comm=256MB]
    ^--   TxLog region [used=0MB, free=100%, comm=40MB]
    ^-- Outbound messages queue [size=0]
    ^-- Public thread pool [active=0, idle=0, qSize=0]
    ^-- System thread pool [active=0, idle=6, qSize=0]
[14:46:08,273][INFO][grid-timeout-worker-#23][IgniteKernal] FreeList [name=null, buckets=256, dataPages=1, reusePages=0]
[14:47:08,282][INFO][grid-timeout-worker-#23][IgniteKernal] 
Metrics for local node (to disable set 'metricsLogFrequency' to 0)
    ^-- Node [id=ef9e6ea1, uptime=01:06:00.533]
    ^-- H/N/C [hosts=1, nodes=1, CPUs=1]
    ^-- CPU [cur=0%, avg=0.28%, GC=0%]
    ^-- PageMemory [pages=2252]
    ^-- Heap [used=95MB, free=90.39%, comm=989MB]
    ^-- Off-heap [used=8MB, free=99.13%, comm=336MB]
    ^--   sysMemPlc region [used=0MB, free=99.21%, comm=40MB]
    ^--   default region [used=8MB, free=99.02%, comm=256MB]
    ^--   TxLog region [used=0MB, free=100%, comm=40MB]
    ^-- Outbound messages queue [size=0]
    ^-- Public thread pool [active=0, idle=0, qSize=0]
    ^-- System thread pool [active=0, idle=6, qSize=0]
[14:47:08,282][INFO][grid-timeout-worker-#23][IgniteKernal] FreeList [name=null, buckets=256, dataPages=1, reusePages=0]
[14:47:20,258][INFO][Thread-23][G] Invoking shutdown hook...
